########## :: SIMULATION INITIATED :: ##########
Game:
Field for the game is 100 by 100.
There are 10 agents on the field.
The environment-type for the game is Harsh.
30% of the field is covered in food..

cycle number:  0
cycle number:  1
cycle number:  2
cycle number:  3
cycle number:  4
cycle number:  5
cycle number:  6
cycle number:  7
cycle number:  8
cycle number:  9
cycle number:  10
cycle number:  11
cycle number:  12
cycle number:  13
cycle number:  14
cycle number:  15
cycle number:  16
cycle number:  17
cycle number:  18
cycle number:  19
cycle number:  20
cycle number:  21
cycle number:  22
cycle number:  23
cycle number:  24
cycle number:  25
cycle number:  26
cycle number:  27
cycle number:  28
cycle number:  29
cycle number:  30
cycle number:  31
cycle number:  32
cycle number:  33
cycle number:  34
cycle number:  35
cycle number:  36
cycle number:  37
cycle number:  38
cycle number:  39
cycle number:  40
cycle number:  41
cycle number:  42
cycle number:  43
cycle number:  44
cycle number:  45
cycle number:  46
cycle number:  47
cycle number:  48
cycle number:  49
cycle number:  50
cycle number:  51
cycle number:  52
cycle number:  53
cycle number:  54
cycle number:  55
cycle number:  56
cycle number:  57
cycle number:  58
cycle number:  59
cycle number:  60
cycle number:  61
cycle number:  62
cycle number:  63
cycle number:  64
cycle number:  65
cycle number:  66
cycle number:  67
cycle number:  68
cycle number:  69
cycle number:  70
cycle number:  71
cycle number:  72
cycle number:  73
cycle number:  74
cycle number:  75
cycle number:  76
cycle number:  77
cycle number:  78
cycle number:  79
cycle number:  80
cycle number:  81
cycle number:  82
cycle number:  83
cycle number:  84
cycle number:  85
cycle number:  86
cycle number:  87
cycle number:  88
cycle number:  89
cycle number:  90
cycle number:  91
cycle number:  92
cycle number:  93
cycle number:  94
cycle number:  95
cycle number:  96
cycle number:  97
cycle number:  98
cycle number:  99
cycle number:  100
cycle number:  101
cycle number:  102
cycle number:  103
cycle number:  104
cycle number:  105
cycle number:  106
cycle number:  107
cycle number:  108
cycle number:  109
cycle number:  110
cycle number:  111
cycle number:  112
cycle number:  113
cycle number:  114
cycle number:  115
cycle number:  116
cycle number:  117
cycle number:  118
cycle number:  119
cycle number:  120
cycle number:  121
cycle number:  122
cycle number:  123
cycle number:  124
cycle number:  125
cycle number:  126
cycle number:  127
cycle number:  128
cycle number:  129
cycle number:  130
cycle number:  131
cycle number:  132
cycle number:  133
cycle number:  134
cycle number:  135
cycle number:  136
cycle number:  137
cycle number:  138
cycle number:  139
cycle number:  140
cycle number:  141
cycle number:  142
cycle number:  143
cycle number:  144
cycle number:  145
cycle number:  146
cycle number:  147
cycle number:  148
cycle number:  149
cycle number:  150
cycle number:  151
cycle number:  152
cycle number:  153
cycle number:  154
cycle number:  155
cycle number:  156
cycle number:  157
cycle number:  158
cycle number:  159
cycle number:  160
cycle number:  161
cycle number:  162
cycle number:  163
cycle number:  164
cycle number:  165
cycle number:  166
cycle number:  167
cycle number:  168
cycle number:  169
cycle number:  170
cycle number:  171
cycle number:  172
cycle number:  173
cycle number:  174
cycle number:  175
cycle number:  176
cycle number:  177
cycle number:  178
cycle number:  179
cycle number:  180
cycle number:  181
cycle number:  182
cycle number:  183
cycle number:  184
cycle number:  185
cycle number:  186
cycle number:  187
cycle number:  188
cycle number:  189
cycle number:  190
cycle number:  191
cycle number:  192
cycle number:  193
cycle number:  194
cycle number:  195
cycle number:  196
cycle number:  197
cycle number:  198
cycle number:  199
cycle number:  200
cycle number:  201
cycle number:  202
cycle number:  203
cycle number:  204
cycle number:  205
cycle number:  206
cycle number:  207
cycle number:  208
cycle number:  209
cycle number:  210
cycle number:  211
cycle number:  212
cycle number:  213
cycle number:  214
cycle number:  215
cycle number:  216
cycle number:  217
cycle number:  218
cycle number:  219
cycle number:  220
cycle number:  221
cycle number:  222
cycle number:  223
cycle number:  224
cycle number:  225
cycle number:  226
cycle number:  227
cycle number:  228
cycle number:  229
cycle number:  230
cycle number:  231
cycle number:  232
cycle number:  233
cycle number:  234
cycle number:  235
cycle number:  236
cycle number:  237
cycle number:  238
cycle number:  239
cycle number:  240
cycle number:  241
cycle number:  242
cycle number:  243
cycle number:  244
cycle number:  245
cycle number:  246
cycle number:  247
cycle number:  248
cycle number:  249
cycle number:  250
cycle number:  251
cycle number:  252
cycle number:  253
cycle number:  254
cycle number:  255
cycle number:  256
cycle number:  257
cycle number:  258
cycle number:  259
cycle number:  260
cycle number:  261
cycle number:  262
cycle number:  263
cycle number:  264
cycle number:  265
cycle number:  266
cycle number:  267
cycle number:  268
cycle number:  269
cycle number:  270
cycle number:  271
cycle number:  272
cycle number:  273
cycle number:  274
cycle number:  275
cycle number:  276
cycle number:  277
cycle number:  278
cycle number:  279
cycle number:  280
cycle number:  281
cycle number:  282
cycle number:  283
cycle number:  284
cycle number:  285
cycle number:  286
cycle number:  287
cycle number:  288
cycle number:  289
cycle number:  290
cycle number:  291
cycle number:  292
cycle number:  293
cycle number:  294
cycle number:  295
cycle number:  296
cycle number:  297
cycle number:  298
cycle number:  299
cycle number:  300
cycle number:  301
cycle number:  302
cycle number:  303
cycle number:  304
cycle number:  305
cycle number:  306
cycle number:  307
cycle number:  308
cycle number:  309
cycle number:  310
cycle number:  311
cycle number:  312
cycle number:  313
cycle number:  314
cycle number:  315
cycle number:  316
cycle number:  317
cycle number:  318
cycle number:  319
cycle number:  320
cycle number:  321
cycle number:  322
cycle number:  323
cycle number:  324
cycle number:  325
cycle number:  326
cycle number:  327
cycle number:  328
cycle number:  329
cycle number:  330
cycle number:  331
cycle number:  332
cycle number:  333
cycle number:  334
cycle number:  335
cycle number:  336
cycle number:  337
cycle number:  338
cycle number:  339
cycle number:  340
cycle number:  341
cycle number:  342
cycle number:  343
cycle number:  344
cycle number:  345
cycle number:  346
cycle number:  347
cycle number:  348
cycle number:  349
cycle number:  350
cycle number:  351
cycle number:  352
cycle number:  353
cycle number:  354
cycle number:  355
cycle number:  356
cycle number:  357
cycle number:  358
cycle number:  359
cycle number:  360
cycle number:  361
cycle number:  362
cycle number:  363
cycle number:  364
cycle number:  365
cycle number:  366
cycle number:  367
cycle number:  368
cycle number:  369
cycle number:  370
cycle number:  371
cycle number:  372
cycle number:  373
cycle number:  374
cycle number:  375
cycle number:  376
cycle number:  377
cycle number:  378
cycle number:  379
cycle number:  380
cycle number:  381
cycle number:  382
cycle number:  383
cycle number:  384
cycle number:  385
cycle number:  386
cycle number:  387
cycle number:  388
cycle number:  389
cycle number:  390
cycle number:  391
cycle number:  392
cycle number:  393
cycle number:  394
cycle number:  395
cycle number:  396
cycle number:  397
cycle number:  398
cycle number:  399
cycle number:  400
cycle number:  401
cycle number:  402
cycle number:  403
cycle number:  404
cycle number:  405
cycle number:  406
cycle number:  407
cycle number:  408
cycle number:  409
cycle number:  410
cycle number:  411
cycle number:  412
cycle number:  413
cycle number:  414
cycle number:  415
cycle number:  416
cycle number:  417
cycle number:  418
cycle number:  419
cycle number:  420
cycle number:  421
cycle number:  422
cycle number:  423
cycle number:  424
cycle number:  425
cycle number:  426
cycle number:  427
cycle number:  428
cycle number:  429
cycle number:  430
cycle number:  431
cycle number:  432
cycle number:  433
cycle number:  434
cycle number:  435
cycle number:  436
cycle number:  437
cycle number:  438
cycle number:  439
cycle number:  440
cycle number:  441
cycle number:  442
cycle number:  443
cycle number:  444
cycle number:  445
cycle number:  446
cycle number:  447
cycle number:  448
cycle number:  449
cycle number:  450
cycle number:  451
cycle number:  452
cycle number:  453
cycle number:  454
cycle number:  455
cycle number:  456
cycle number:  457
cycle number:  458
cycle number:  459
cycle number:  460
cycle number:  461
cycle number:  462
cycle number:  463
cycle number:  464
cycle number:  465
cycle number:  466
cycle number:  467
cycle number:  468
cycle number:  469
cycle number:  470
cycle number:  471
cycle number:  472
cycle number:  473
cycle number:  474
cycle number:  475
cycle number:  476
cycle number:  477
cycle number:  478
cycle number:  479
cycle number:  480
cycle number:  481
cycle number:  482
cycle number:  483
cycle number:  484
cycle number:  485
cycle number:  486
cycle number:  487
cycle number:  488
cycle number:  489
cycle number:  490
cycle number:  491
cycle number:  492
cycle number:  493
cycle number:  494
cycle number:  495
cycle number:  496
cycle number:  497
cycle number:  498
cycle number:  499
cycle number:  500
cycle number:  501
cycle number:  502
cycle number:  503
cycle number:  504
cycle number:  505
cycle number:  506
cycle number:  507
cycle number:  508
cycle number:  509
cycle number:  510
cycle number:  511
cycle number:  512
cycle number:  513
cycle number:  514
cycle number:  515
cycle number:  516
cycle number:  517
cycle number:  518
cycle number:  519
cycle number:  520
cycle number:  521
cycle number:  522
cycle number:  523
cycle number:  524
cycle number:  525
cycle number:  526
cycle number:  527
cycle number:  528
cycle number:  529
cycle number:  530
cycle number:  531
cycle number:  532
cycle number:  533
cycle number:  534
cycle number:  535
cycle number:  536
cycle number:  537
cycle number:  538
cycle number:  539
cycle number:  540
cycle number:  541
cycle number:  542
cycle number:  543
cycle number:  544
cycle number:  545
cycle number:  546
cycle number:  547
cycle number:  548
cycle number:  549
cycle number:  550
cycle number:  551
cycle number:  552
cycle number:  553
cycle number:  554
cycle number:  555
cycle number:  556
cycle number:  557
cycle number:  558
cycle number:  559
cycle number:  560
cycle number:  561
cycle number:  562
cycle number:  563
cycle number:  564
cycle number:  565
cycle number:  566
cycle number:  567
cycle number:  568
cycle number:  569
cycle number:  570
cycle number:  571
cycle number:  572
cycle number:  573
cycle number:  574
cycle number:  575
cycle number:  576
cycle number:  577
cycle number:  578
cycle number:  579
cycle number:  580
cycle number:  581
cycle number:  582
cycle number:  583
cycle number:  584
cycle number:  585
cycle number:  586
cycle number:  587
cycle number:  588
cycle number:  589
cycle number:  590
cycle number:  591
cycle number:  592
cycle number:  593
cycle number:  594
cycle number:  595
cycle number:  596
cycle number:  597
cycle number:  598
cycle number:  599
cycle number:  600
cycle number:  601
cycle number:  602
cycle number:  603
cycle number:  604
cycle number:  605
cycle number:  606
cycle number:  607
cycle number:  608
cycle number:  609
cycle number:  610
cycle number:  611
cycle number:  612
cycle number:  613
cycle number:  614
cycle number:  615
cycle number:  616
cycle number:  617
cycle number:  618
cycle number:  619
cycle number:  620
cycle number:  621
cycle number:  622
cycle number:  623
cycle number:  624
cycle number:  625
cycle number:  626
cycle number:  627
cycle number:  628
cycle number:  629
cycle number:  630
cycle number:  631
cycle number:  632
cycle number:  633
cycle number:  634
cycle number:  635
cycle number:  636
cycle number:  637
cycle number:  638
cycle number:  639
cycle number:  640
cycle number:  641
cycle number:  642
cycle number:  643
cycle number:  644
cycle number:  645
cycle number:  646
cycle number:  647
cycle number:  648
cycle number:  649
cycle number:  650
cycle number:  651
cycle number:  652
cycle number:  653
cycle number:  654
cycle number:  655
cycle number:  656
cycle number:  657
cycle number:  658
cycle number:  659
cycle number:  660
cycle number:  661
cycle number:  662
cycle number:  663
cycle number:  664
cycle number:  665
cycle number:  666
cycle number:  667
cycle number:  668
cycle number:  669
cycle number:  670
cycle number:  671
cycle number:  672
cycle number:  673
cycle number:  674
cycle number:  675
cycle number:  676
cycle number:  677
cycle number:  678
cycle number:  679
cycle number:  680
cycle number:  681
cycle number:  682
cycle number:  683
cycle number:  684
cycle number:  685
cycle number:  686
cycle number:  687
cycle number:  688
cycle number:  689
cycle number:  690
cycle number:  691
cycle number:  692
cycle number:  693
cycle number:  694
cycle number:  695
cycle number:  696
cycle number:  697
cycle number:  698
cycle number:  699
Game:
Field for the game is 100 by 100.
There are 10 agents on the field.
The environment-type for the game is Harsh.
30% of the field is covered in food..

cycle number:  0
cycle number:  1
cycle number:  2
cycle number:  3
cycle number:  4
cycle number:  5
cycle number:  6
cycle number:  7
cycle number:  8
cycle number:  9
cycle number:  10
cycle number:  11
cycle number:  12
cycle number:  13
cycle number:  14
cycle number:  15
cycle number:  16
cycle number:  17
cycle number:  18
cycle number:  19
cycle number:  20
cycle number:  21
cycle number:  22
cycle number:  23
cycle number:  24
cycle number:  25
cycle number:  26
cycle number:  27
cycle number:  28
cycle number:  29
cycle number:  30
cycle number:  31
cycle number:  32
cycle number:  33
cycle number:  34
cycle number:  35
cycle number:  36
cycle number:  37
cycle number:  38
cycle number:  39
cycle number:  40
cycle number:  41
cycle number:  42
cycle number:  43
cycle number:  44
cycle number:  45
cycle number:  46
cycle number:  47
cycle number:  48
cycle number:  49
cycle number:  50
cycle number:  51
cycle number:  52
cycle number:  53
cycle number:  54
cycle number:  55
cycle number:  56
cycle number:  57
cycle number:  58
cycle number:  59
cycle number:  60
cycle number:  61
cycle number:  62
cycle number:  63
cycle number:  64
cycle number:  65
cycle number:  66
cycle number:  67
cycle number:  68
cycle number:  69
cycle number:  70
cycle number:  71
cycle number:  72
cycle number:  73
cycle number:  74
cycle number:  75
cycle number:  76
cycle number:  77
cycle number:  78
cycle number:  79
cycle number:  80
cycle number:  81
cycle number:  82
cycle number:  83
cycle number:  84
cycle number:  85
cycle number:  86
cycle number:  87
cycle number:  88
cycle number:  89
cycle number:  90
cycle number:  91
cycle number:  92
cycle number:  93
cycle number:  94
cycle number:  95
cycle number:  96
cycle number:  97
cycle number:  98
cycle number:  99
cycle number:  100
cycle number:  101
cycle number:  102
cycle number:  103
cycle number:  104
cycle number:  105
cycle number:  106
cycle number:  107
cycle number:  108
cycle number:  109
cycle number:  110
cycle number:  111
cycle number:  112
cycle number:  113
cycle number:  114
cycle number:  115
cycle number:  116
cycle number:  117
cycle number:  118
cycle number:  119
cycle number:  120
cycle number:  121
cycle number:  122
cycle number:  123
cycle number:  124
cycle number:  125
cycle number:  126
cycle number:  127
cycle number:  128
cycle number:  129
cycle number:  130
cycle number:  131
cycle number:  132
cycle number:  133
cycle number:  134
cycle number:  135
cycle number:  136
cycle number:  137
cycle number:  138
cycle number:  139
cycle number:  140
cycle number:  141
cycle number:  142
cycle number:  143
cycle number:  144
cycle number:  145
cycle number:  146
cycle number:  147
cycle number:  148
cycle number:  149
cycle number:  150
cycle number:  151
cycle number:  152
cycle number:  153
cycle number:  154
cycle number:  155
cycle number:  156
cycle number:  157
cycle number:  158
cycle number:  159
cycle number:  160
cycle number:  161
cycle number:  162
cycle number:  163
cycle number:  164
cycle number:  165
cycle number:  166
cycle number:  167
cycle number:  168
cycle number:  169
cycle number:  170
cycle number:  171
cycle number:  172
cycle number:  173
cycle number:  174
cycle number:  175
cycle number:  176
cycle number:  177
cycle number:  178
cycle number:  179
cycle number:  180
cycle number:  181
cycle number:  182
cycle number:  183
cycle number:  184
cycle number:  185
cycle number:  186
cycle number:  187
cycle number:  188
cycle number:  189
cycle number:  190
cycle number:  191
cycle number:  192
cycle number:  193
cycle number:  194
cycle number:  195
cycle number:  196
cycle number:  197
cycle number:  198
cycle number:  199
cycle number:  200
cycle number:  201
cycle number:  202
cycle number:  203
cycle number:  204
cycle number:  205
cycle number:  206
cycle number:  207
cycle number:  208
cycle number:  209
cycle number:  210
cycle number:  211
cycle number:  212
cycle number:  213
cycle number:  214
cycle number:  215
cycle number:  216
cycle number:  217
cycle number:  218
cycle number:  219
cycle number:  220
cycle number:  221
cycle number:  222
cycle number:  223
cycle number:  224
cycle number:  225
cycle number:  226
cycle number:  227
cycle number:  228
cycle number:  229
cycle number:  230
cycle number:  231
cycle number:  232
cycle number:  233
cycle number:  234
cycle number:  235
cycle number:  236
cycle number:  237
cycle number:  238
cycle number:  239
cycle number:  240
cycle number:  241
cycle number:  242
cycle number:  243
cycle number:  244
cycle number:  245
cycle number:  246
cycle number:  247
cycle number:  248
cycle number:  249
cycle number:  250
cycle number:  251
cycle number:  252
cycle number:  253
cycle number:  254
cycle number:  255
cycle number:  256
cycle number:  257
cycle number:  258
cycle number:  259
cycle number:  260
cycle number:  261
cycle number:  262
cycle number:  263
cycle number:  264
cycle number:  265
cycle number:  266
cycle number:  267
cycle number:  268
cycle number:  269
cycle number:  270
cycle number:  271
cycle number:  272
cycle number:  273
cycle number:  274
cycle number:  275
cycle number:  276
cycle number:  277
cycle number:  278
cycle number:  279
cycle number:  280
cycle number:  281
cycle number:  282
cycle number:  283
cycle number:  284
cycle number:  285
cycle number:  286
cycle number:  287
cycle number:  288
cycle number:  289
cycle number:  290
cycle number:  291
cycle number:  292
cycle number:  293
cycle number:  294
cycle number:  295
cycle number:  296
cycle number:  297
cycle number:  298
cycle number:  299
cycle number:  300
cycle number:  301
cycle number:  302
cycle number:  303
cycle number:  304
cycle number:  305
cycle number:  306
cycle number:  307
cycle number:  308
cycle number:  309
cycle number:  310
cycle number:  311
cycle number:  312
cycle number:  313
cycle number:  314
cycle number:  315
cycle number:  316
cycle number:  317
cycle number:  318
cycle number:  319
cycle number:  320
cycle number:  321
cycle number:  322
cycle number:  323
cycle number:  324
cycle number:  325
cycle number:  326
cycle number:  327
cycle number:  328
cycle number:  329
cycle number:  330
cycle number:  331
cycle number:  332
cycle number:  333
cycle number:  334
cycle number:  335
cycle number:  336
cycle number:  337
cycle number:  338
cycle number:  339
cycle number:  340
cycle number:  341
cycle number:  342
cycle number:  343
cycle number:  344
cycle number:  345
cycle number:  346
cycle number:  347
cycle number:  348
cycle number:  349
cycle number:  350
cycle number:  351
cycle number:  352
cycle number:  353
cycle number:  354
cycle number:  355
cycle number:  356
cycle number:  357
cycle number:  358
cycle number:  359
cycle number:  360
cycle number:  361
cycle number:  362
cycle number:  363
cycle number:  364
cycle number:  365
cycle number:  366
cycle number:  367
cycle number:  368
cycle number:  369
cycle number:  370
cycle number:  371
cycle number:  372
cycle number:  373
cycle number:  374
cycle number:  375
cycle number:  376
cycle number:  377
cycle number:  378
cycle number:  379
cycle number:  380
cycle number:  381
cycle number:  382
cycle number:  383
cycle number:  384
cycle number:  385
cycle number:  386
cycle number:  387
cycle number:  388
cycle number:  389
cycle number:  390
cycle number:  391
cycle number:  392
cycle number:  393
cycle number:  394
cycle number:  395
cycle number:  396
cycle number:  397
cycle number:  398
cycle number:  399
cycle number:  400
cycle number:  401
cycle number:  402
cycle number:  403
cycle number:  404
cycle number:  405
cycle number:  406
cycle number:  407
cycle number:  408
cycle number:  409
cycle number:  410
cycle number:  411
cycle number:  412
cycle number:  413
cycle number:  414
cycle number:  415
cycle number:  416
cycle number:  417
cycle number:  418
cycle number:  419
cycle number:  420
cycle number:  421
cycle number:  422
cycle number:  423
cycle number:  424
cycle number:  425
cycle number:  426
cycle number:  427
cycle number:  428
cycle number:  429
cycle number:  430
cycle number:  431
cycle number:  432
cycle number:  433
cycle number:  434
cycle number:  435
cycle number:  436
cycle number:  437
cycle number:  438
cycle number:  439
cycle number:  440
cycle number:  441
cycle number:  442
cycle number:  443
cycle number:  444
cycle number:  445
cycle number:  446
cycle number:  447
cycle number:  448
cycle number:  449
cycle number:  450
cycle number:  451
cycle number:  452
cycle number:  453
cycle number:  454
cycle number:  455
cycle number:  456
cycle number:  457
cycle number:  458
cycle number:  459
cycle number:  460
cycle number:  461
cycle number:  462
cycle number:  463
cycle number:  464
cycle number:  465
cycle number:  466
cycle number:  467
cycle number:  468
cycle number:  469
cycle number:  470
cycle number:  471
cycle number:  472
cycle number:  473
cycle number:  474
cycle number:  475
cycle number:  476
cycle number:  477
cycle number:  478
cycle number:  479
cycle number:  480
cycle number:  481
cycle number:  482
cycle number:  483
cycle number:  484
cycle number:  485
cycle number:  486
cycle number:  487
cycle number:  488
cycle number:  489
cycle number:  490
cycle number:  491
cycle number:  492
cycle number:  493
cycle number:  494
cycle number:  495
cycle number:  496
cycle number:  497
cycle number:  498
cycle number:  499
cycle number:  500
cycle number:  501
cycle number:  502
cycle number:  503
cycle number:  504
cycle number:  505
cycle number:  506
cycle number:  507
cycle number:  508
cycle number:  509
cycle number:  510
cycle number:  511
cycle number:  512
cycle number:  513
cycle number:  514
cycle number:  515
cycle number:  516
cycle number:  517
cycle number:  518
cycle number:  519
cycle number:  520
cycle number:  521
cycle number:  522
cycle number:  523
cycle number:  524
cycle number:  525
cycle number:  526
cycle number:  527
cycle number:  528
cycle number:  529
cycle number:  530
cycle number:  531
cycle number:  532
cycle number:  533
cycle number:  534
cycle number:  535
cycle number:  536
cycle number:  537
cycle number:  538
cycle number:  539
cycle number:  540
cycle number:  541
cycle number:  542
cycle number:  543
cycle number:  544
cycle number:  545
cycle number:  546
cycle number:  547
cycle number:  548
cycle number:  549
cycle number:  550
cycle number:  551
cycle number:  552
cycle number:  553
cycle number:  554
cycle number:  555
cycle number:  556
cycle number:  557
cycle number:  558
cycle number:  559
cycle number:  560
cycle number:  561
cycle number:  562
cycle number:  563
cycle number:  564
cycle number:  565
cycle number:  566
cycle number:  567
cycle number:  568
cycle number:  569
cycle number:  570
cycle number:  571
cycle number:  572
cycle number:  573
cycle number:  574
cycle number:  575
cycle number:  576
cycle number:  577
cycle number:  578
cycle number:  579
cycle number:  580
cycle number:  581
cycle number:  582
cycle number:  583
cycle number:  584
cycle number:  585
cycle number:  586
cycle number:  587
cycle number:  588
cycle number:  589
cycle number:  590
cycle number:  591
cycle number:  592
cycle number:  593
cycle number:  594
cycle number:  595
cycle number:  596
cycle number:  597
cycle number:  598
cycle number:  599
cycle number:  600
cycle number:  601
cycle number:  602
cycle number:  603
cycle number:  604
cycle number:  605
cycle number:  606
cycle number:  607
cycle number:  608
cycle number:  609
cycle number:  610
cycle number:  611
cycle number:  612
cycle number:  613
cycle number:  614
cycle number:  615
cycle number:  616
cycle number:  617
cycle number:  618
cycle number:  619
cycle number:  620
cycle number:  621
cycle number:  622
cycle number:  623
cycle number:  624
cycle number:  625
cycle number:  626
cycle number:  627
cycle number:  628
cycle number:  629
cycle number:  630
cycle number:  631
cycle number:  632
cycle number:  633
cycle number:  634
cycle number:  635
cycle number:  636
cycle number:  637
cycle number:  638
cycle number:  639
cycle number:  640
cycle number:  641
cycle number:  642
cycle number:  643
cycle number:  644
cycle number:  645
cycle number:  646
cycle number:  647
cycle number:  648
cycle number:  649
cycle number:  650
cycle number:  651
cycle number:  652
cycle number:  653
cycle number:  654
cycle number:  655
cycle number:  656
cycle number:  657
cycle number:  658
cycle number:  659
cycle number:  660
cycle number:  661
cycle number:  662
cycle number:  663
cycle number:  664
cycle number:  665
cycle number:  666
cycle number:  667
cycle number:  668
cycle number:  669
cycle number:  670
cycle number:  671
cycle number:  672
cycle number:  673
cycle number:  674
cycle number:  675
cycle number:  676
cycle number:  677
cycle number:  678
cycle number:  679
cycle number:  680
cycle number:  681
cycle number:  682
cycle number:  683
cycle number:  684
cycle number:  685
cycle number:  686
cycle number:  687
cycle number:  688
cycle number:  689
cycle number:  690
cycle number:  691
cycle number:  692
cycle number:  693
cycle number:  694
cycle number:  695
cycle number:  696
cycle number:  697
cycle number:  698
cycle number:  699
