########## :: 1 SIMULATIONS INITIATED WITH :: ########## ########## :: 150 initial agents, ########## :: Temperate environment type, ########## :: with SSS strategy society, ########## :: with 32 food energy, ########## :: and 30 agent energy, ########## :: for 20000 cycles
########## :: 1 SIMULATIONS INITIATED WITH :: ########## ########## :: 150 initial agents, ########## :: Temperate environment type, ########## :: with SSS strategy society, ########## :: with 32 food energy, ########## :: and 30 agent energy, ########## :: for 20000 cycles
########## :: 1 SIMULATIONS INITIATED WITH :: ########## ########## :: 150 initial agents, ########## :: Temperate environment type, ########## :: with SSS strategy society, ########## :: with 32 food energy, ########## :: and 30 agent energy, ########## :: for 20000 cycles
########## :: 1 SIMULATIONS INITIATED WITH :: ########## ########## :: 150 initial agents, ########## :: Temperate environment type, ########## :: with SSS strategy society, ########## :: with 32 food energy, ########## :: and 30 agent energy, ########## :: for 20000 cycles
########## :: 1 SIMULATIONS INITIATED WITH :: ########## ########## :: 150 initial agents, ########## :: Temperate environment type, ########## :: with SSS strategy society, ########## :: with 32 food energy, ########## :: and 30 agent energy, ########## :: for 20000 cycles
########## :: 1 SIMULATIONS INITIATED WITH :: ########## ########## :: 150 initial agents, ########## :: Temperate environment type, ########## :: with SSS strategy society, ########## :: with 32 food energy, ########## :: and 30 agent energy, ########## :: for 20000 cycles
########## :: 1 SIMULATIONS INITIATED WITH :: ########## ########## :: 150 initial agents, ########## :: Temperate environment type, ########## :: with SSS strategy society, ########## :: with 32 food energy, ########## :: and 30 agent energy, ########## :: for 20000 cycles
########## :: 1 SIMULATIONS INITIATED WITH :: ########## ########## :: 150 initial agents, ########## :: Temperate environment type, ########## :: with SSS strategy society, ########## :: with 32 food energy, ########## :: and 30 agent energy, ########## :: for 20000 cycles
########## :: 1 SIMULATIONS INITIATED WITH :: ########## ########## :: 150 initial agents, ########## :: Temperate environment type, ########## :: with SSS strategy society, ########## :: with 32 food energy, ########## :: and 30 agent energy, ########## :: for 20000 cycles
########## :: 1 SIMULATIONS INITIATED WITH :: ########## ########## :: 150 initial agents, ########## :: Temperate environment type, ########## :: with SSS strategy society, ########## :: with 32 food energy, ########## :: and 30 agent energy, ########## :: for 20000 cycles
########## :: 1 SIMULATIONS INITIATED WITH :: ########## ########## :: 150 initial agents, ########## :: Temperate environment type, ########## :: with SSS strategy society, ########## :: with 32 food energy, ########## :: and 30 agent energy, ########## :: for 20000 cycles
########## :: 1 SIMULATIONS INITIATED WITH :: ########## ########## :: 150 initial agents, ########## :: Temperate environment type, ########## :: with SSS strategy society, ########## :: with 32 food energy, ########## :: and 30 agent energy, ########## :: for 20000 cycles
########## :: 1 SIMULATIONS INITIATED WITH :: ########## ########## :: 150 initial agents, ########## :: Temperate environment type, ########## :: with SSS strategy society, ########## :: with 32 food energy, ########## :: and 30 agent energy, ########## :: for 20000 cycles
########## :: 1 SIMULATIONS INITIATED WITH :: ########## ########## :: 150 initial agents, ########## :: Temperate environment type, ########## :: with SSS strategy society, ########## :: with 32 food energy, ########## :: and 30 agent energy, ########## :: for 20000 cycles
########## :: 1 SIMULATIONS INITIATED WITH :: ########## ########## :: 150 initial agents, ########## :: Temperate environment type, ########## :: with SSS strategy society, ########## :: with 32 food energy, ########## :: and 30 agent energy, ########## :: for 20000 cycles
########## :: 1 SIMULATIONS INITIATED WITH :: ########## ########## :: 150 initial agents, ########## :: Temperate environment type, ########## :: with SSS strategy society, ########## :: with 32 food energy, ########## :: and 30 agent energy, ########## :: for 20000 cycles
########## :: 1 SIMULATIONS INITIATED WITH :: ########## ########## :: 150 initial agents, ########## :: Temperate environment type, ########## :: with SSS strategy society, ########## :: with 32 food energy, ########## :: and 30 agent energy, ########## :: for 20000 cycles
########## :: 1 SIMULATIONS INITIATED WITH :: ########## ########## :: 150 initial agents, ########## :: Temperate environment type, ########## :: with SSS strategy society, ########## :: with 32 food energy, ########## :: and 30 agent energy, ########## :: for 20000 cycles
########## :: 1 SIMULATIONS INITIATED WITH :: ########## ########## :: 150 initial agents, ########## :: Temperate environment type, ########## :: with SSS strategy society, ########## :: with 32 food energy, ########## :: and 30 agent energy, ########## :: for 20000 cycles
########## :: 1 SIMULATIONS INITIATED WITH :: ########## ########## :: 150 initial agents, ########## :: Temperate environment type, ########## :: with SSS strategy society, ########## :: with 32 food energy, ########## :: and 30 agent energy, ########## :: for 20000 cycles
########## :: 1 SIMULATIONS INITIATED WITH :: ########## ########## :: 150 initial agents, ########## :: Temperate environment type, ########## :: with SSS strategy society, ########## :: with 32 food energy, ########## :: and 30 agent energy, ########## :: for 20000 cycles
########## :: 1 SIMULATIONS INITIATED WITH :: ########## ########## :: 150 initial agents, ########## :: Temperate environment type, ########## :: with SSS strategy society, ########## :: with 32 food energy, ########## :: and 30 agent energy, ########## :: for 20000 cycles
########## :: 1 SIMULATIONS INITIATED WITH :: ########## ########## :: 150 initial agents, ########## :: Temperate environment type, ########## :: with SSS strategy society, ########## :: with 32 food energy, ########## :: and 30 agent energy, ########## :: for 20000 cycles
########## :: 1 SIMULATIONS INITIATED WITH :: ########## ########## :: 150 initial agents, ########## :: Temperate environment type, ########## :: with SSS strategy society, ########## :: with 32 food energy, ########## :: and 30 agent energy, ########## :: for 20000 cycles
########## :: 1 SIMULATIONS INITIATED WITH :: ########## ########## :: 150 initial agents, ########## :: Temperate environment type, ########## :: with SSS strategy society, ########## :: with 32 food energy, ########## :: and 30 agent energy, ########## :: for 20000 cycles
########## :: 1 SIMULATIONS INITIATED WITH :: ########## ########## :: 150 initial agents, ########## :: Temperate environment type, ########## :: with SSS strategy society, ########## :: with 32 food energy, ########## :: and 30 agent energy, ########## :: for 20000 cycles
Traceback (most recent call last):
  File "/home/otasdemir/work/run.py", line 131, in <module>
    allow_extinction=False)
  File "/home/otasdemir/work/utils/Simulate.py", line 242, in run_simulations
    os.makedirs(f"data/{folder_name}")
  File "/usr/lib/python3.6/os.py", line 220, in makedirs
    mkdir(name, mode)
FileExistsError: [Errno 17] File exists: 'data/25_SSS_Parallel'
Traceback (most recent call last):
  File "/home/otasdemir/work/run.py", line 131, in <module>
    allow_extinction=False)
  File "/home/otasdemir/work/utils/Simulate.py", line 242, in run_simulations
    os.makedirs(f"data/{folder_name}")
  File "/usr/lib/python3.6/os.py", line 220, in makedirs
    mkdir(name, mode)
FileExistsError: [Errno 17] File exists: 'data/25_SSS_Parallel'
Traceback (most recent call last):
  File "/home/otasdemir/work/run.py", line 131, in <module>
    allow_extinction=False)
  File "/home/otasdemir/work/utils/Simulate.py", line 242, in run_simulations
    os.makedirs(f"data/{folder_name}")
  File "/usr/lib/python3.6/os.py", line 220, in makedirs
    mkdir(name, mode)
FileExistsError: [Errno 17] File exists: 'data/25_SSS_Parallel'
Traceback (most recent call last):
  File "/home/otasdemir/work/run.py", line 131, in <module>
    allow_extinction=False)
  File "/home/otasdemir/work/utils/Simulate.py", line 242, in run_simulations
    os.makedirs(f"data/{folder_name}")
  File "/usr/lib/python3.6/os.py", line 220, in makedirs
    mkdir(name, mode)
FileExistsError: [Errno 17] File exists: 'data/25_SSS_Parallel'
Traceback (most recent call last):
  File "/home/otasdemir/work/run.py", line 131, in <module>
    allow_extinction=False)
  File "/home/otasdemir/work/utils/Simulate.py", line 242, in run_simulations
    os.makedirs(f"data/{folder_name}")
  File "/usr/lib/python3.6/os.py", line 220, in makedirs
    mkdir(name, mode)
FileExistsError: [Errno 17] File exists: 'data/25_SSS_Parallel'
Traceback (most recent call last):
  File "/home/otasdemir/work/run.py", line 131, in <module>
    allow_extinction=False)
  File "/home/otasdemir/work/utils/Simulate.py", line 242, in run_simulations
    os.makedirs(f"data/{folder_name}")
  File "/usr/lib/python3.6/os.py", line 220, in makedirs
    mkdir(name, mode)
FileExistsError: [Errno 17] File exists: 'data/25_SSS_Parallel'
Traceback (most recent call last):
  File "/home/otasdemir/work/run.py", line 131, in <module>
    allow_extinction=False)
  File "/home/otasdemir/work/utils/Simulate.py", line 242, in run_simulations
    os.makedirs(f"data/{folder_name}")
  File "/usr/lib/python3.6/os.py", line 220, in makedirs
    mkdir(name, mode)
FileExistsError: [Errno 17] File exists: 'data/25_SSS_Parallel'
Traceback (most recent call last):
  File "/home/otasdemir/work/run.py", line 131, in <module>
    allow_extinction=False)
  File "/home/otasdemir/work/utils/Simulate.py", line 242, in run_simulations
    os.makedirs(f"data/{folder_name}")
  File "/usr/lib/python3.6/os.py", line 220, in makedirs
    mkdir(name, mode)
FileExistsError: [Errno 17] File exists: 'data/25_SSS_Parallel'
Traceback (most recent call last):
  File "/home/otasdemir/work/run.py", line 131, in <module>
    allow_extinction=False)
  File "/home/otasdemir/work/utils/Simulate.py", line 242, in run_simulations
    os.makedirs(f"data/{folder_name}")
  File "/usr/lib/python3.6/os.py", line 220, in makedirs
    mkdir(name, mode)
FileExistsError: [Errno 17] File exists: 'data/25_SSS_Parallel'
Traceback (most recent call last):
  File "/home/otasdemir/work/run.py", line 131, in <module>
    allow_extinction=False)
  File "/home/otasdemir/work/utils/Simulate.py", line 242, in run_simulations
    os.makedirs(f"data/{folder_name}")
  File "/usr/lib/python3.6/os.py", line 220, in makedirs
    mkdir(name, mode)
FileExistsError: [Errno 17] File exists: 'data/25_SSS_Parallel'
Traceback (most recent call last):
  File "/home/otasdemir/work/run.py", line 131, in <module>
    allow_extinction=False)
  File "/home/otasdemir/work/utils/Simulate.py", line 242, in run_simulations
    os.makedirs(f"data/{folder_name}")
  File "/usr/lib/python3.6/os.py", line 220, in makedirs
    mkdir(name, mode)
FileExistsError: [Errno 17] File exists: 'data/25_SSS_Parallel'
Traceback (most recent call last):
  File "/home/otasdemir/work/run.py", line 131, in <module>
    allow_extinction=False)
  File "/home/otasdemir/work/utils/Simulate.py", line 242, in run_simulations
    os.makedirs(f"data/{folder_name}")
  File "/usr/lib/python3.6/os.py", line 220, in makedirs
    mkdir(name, mode)
FileExistsError: [Errno 17] File exists: 'data/25_SSS_Parallel'
Traceback (most recent call last):
  File "/home/otasdemir/work/run.py", line 131, in <module>
    allow_extinction=False)
  File "/home/otasdemir/work/utils/Simulate.py", line 242, in run_simulations
    os.makedirs(f"data/{folder_name}")
  File "/usr/lib/python3.6/os.py", line 220, in makedirs
    mkdir(name, mode)
FileExistsError: [Errno 17] File exists: 'data/25_SSS_Parallel'
Traceback (most recent call last):
  File "/home/otasdemir/work/run.py", line 131, in <module>
    allow_extinction=False)
  File "/home/otasdemir/work/utils/Simulate.py", line 242, in run_simulations
    os.makedirs(f"data/{folder_name}")
  File "/usr/lib/python3.6/os.py", line 220, in makedirs
    mkdir(name, mode)
FileExistsError: [Errno 17] File exists: 'data/25_SSS_Parallel'
Traceback (most recent call last):
  File "/home/otasdemir/work/run.py", line 131, in <module>
    allow_extinction=False)
  File "/home/otasdemir/work/utils/Simulate.py", line 242, in run_simulations
    os.makedirs(f"data/{folder_name}")
  File "/usr/lib/python3.6/os.py", line 220, in makedirs
    mkdir(name, mode)
FileExistsError: [Errno 17] File exists: 'data/25_SSS_Parallel'
Traceback (most recent call last):
  File "/home/otasdemir/work/run.py", line 131, in <module>
    allow_extinction=False)
  File "/home/otasdemir/work/utils/Simulate.py", line 242, in run_simulations
    os.makedirs(f"data/{folder_name}")
  File "/usr/lib/python3.6/os.py", line 220, in makedirs
    mkdir(name, mode)
FileExistsError: [Errno 17] File exists: 'data/25_SSS_Parallel'
Traceback (most recent call last):
  File "/home/otasdemir/work/run.py", line 131, in <module>
    allow_extinction=False)
  File "/home/otasdemir/work/utils/Simulate.py", line 242, in run_simulations
    os.makedirs(f"data/{folder_name}")
  File "/usr/lib/python3.6/os.py", line 220, in makedirs
    mkdir(name, mode)
FileExistsError: [Errno 17] File exists: 'data/25_SSS_Parallel'
Traceback (most recent call last):
  File "/home/otasdemir/work/run.py", line 131, in <module>
    allow_extinction=False)
  File "/home/otasdemir/work/utils/Simulate.py", line 242, in run_simulations
    os.makedirs(f"data/{folder_name}")
  File "/usr/lib/python3.6/os.py", line 220, in makedirs
    mkdir(name, mode)
FileExistsError: [Errno 17] File exists: 'data/25_SSS_Parallel'
Traceback (most recent call last):
  File "/home/otasdemir/work/run.py", line 131, in <module>
    allow_extinction=False)
  File "/home/otasdemir/work/utils/Simulate.py", line 242, in run_simulations
    os.makedirs(f"data/{folder_name}")
  File "/usr/lib/python3.6/os.py", line 220, in makedirs
    mkdir(name, mode)
FileExistsError: [Errno 17] File exists: 'data/25_SSS_Parallel'
Traceback (most recent call last):
  File "/home/otasdemir/work/run.py", line 131, in <module>
    allow_extinction=False)
  File "/home/otasdemir/work/utils/Simulate.py", line 242, in run_simulations
    os.makedirs(f"data/{folder_name}")
  File "/usr/lib/python3.6/os.py", line 220, in makedirs
    mkdir(name, mode)
FileExistsError: [Errno 17] File exists: 'data/25_SSS_Parallel'
Traceback (most recent call last):
  File "/home/otasdemir/work/run.py", line 131, in <module>
    allow_extinction=False)
  File "/home/otasdemir/work/utils/Simulate.py", line 242, in run_simulations
    os.makedirs(f"data/{folder_name}")
  File "/usr/lib/python3.6/os.py", line 220, in makedirs
    mkdir(name, mode)
FileExistsError: [Errno 17] File exists: 'data/25_SSS_Parallel'
Traceback (most recent call last):
  File "/home/otasdemir/work/run.py", line 131, in <module>
    allow_extinction=False)
  File "/home/otasdemir/work/utils/Simulate.py", line 242, in run_simulations
    os.makedirs(f"data/{folder_name}")
  File "/usr/lib/python3.6/os.py", line 220, in makedirs
    mkdir(name, mode)
FileExistsError: [Errno 17] File exists: 'data/25_SSS_Parallel'
Traceback (most recent call last):
  File "/home/otasdemir/work/run.py", line 131, in <module>
    allow_extinction=False)
  File "/home/otasdemir/work/utils/Simulate.py", line 242, in run_simulations
    os.makedirs(f"data/{folder_name}")
  File "/usr/lib/python3.6/os.py", line 220, in makedirs
    mkdir(name, mode)
FileExistsError: [Errno 17] File exists: 'data/25_SSS_Parallel'
Traceback (most recent call last):
  File "/home/otasdemir/work/run.py", line 131, in <module>
    allow_extinction=False)
  File "/home/otasdemir/work/utils/Simulate.py", line 242, in run_simulations
    os.makedirs(f"data/{folder_name}")
  File "/usr/lib/python3.6/os.py", line 220, in makedirs
    mkdir(name, mode)
FileExistsError: [Errno 17] File exists: 'data/25_SSS_Parallel'
Traceback (most recent call last):
  File "/home/otasdemir/work/run.py", line 131, in <module>
    allow_extinction=False)
  File "/home/otasdemir/work/utils/Simulate.py", line 242, in run_simulations
    os.makedirs(f"data/{folder_name}")
  File "/usr/lib/python3.6/os.py", line 220, in makedirs
    mkdir(name, mode)
FileExistsError: [Errno 17] File exists: 'data/25_SSS_Parallel'
Traceback (most recent call last):
  File "/home/otasdemir/work/run.py", line 131, in <module>
    allow_extinction=False)
  File "/home/otasdemir/work/utils/Simulate.py", line 242, in run_simulations
    os.makedirs(f"data/{folder_name}")
  File "/usr/lib/python3.6/os.py", line 220, in makedirs
    mkdir(name, mode)
FileExistsError: [Errno 17] File exists: 'data/25_SSS_Parallel'
srun: error: node1: task 0: Exited with exit code 1
srun: error: node1: task 0: Exited with exit code 1
srun: error: node1: task 0: Exited with exit code 1
srun: error: node1: task 0: Exited with exit code 1
srun: error: node1: task 0: Exited with exit code 1
srun: error: node1: task 0: Exited with exit code 1
srun: error: node1: task 0: Exited with exit code 1
srun: error: node1: task 0: Exited with exit code 1
srun: error: node1: task 0: Exited with exit code 1
srun: error: node1: task 0: Exited with exit code 1
srun: error: node1: task 0: Exited with exit code 1
srun: error: node1: task 0: Exited with exit code 1
srun: error: node1: task 0: Exited with exit code 1
srun: error: node1: task 0: Exited with exit code 1
srun: error: node1: task 0: Exited with exit code 1
srun: error: node1: task 0: Exited with exit code 1
srun: error: node1: task 0: Exited with exit code 1
srun: error: node1: task 0: Exited with exit code 1
srun: error: node1: task 0: Exited with exit code 1
srun: error: node1: task 0: Exited with exit code 1
srun: error: node1: task 0: Exited with exit code 1
srun: error: node1: task 0: Exited with exit code 1
