150
150
150
150
150
150
150
150
150
150
150
150
150
150
150
150
150
150
150
150
72
72
72
72
72
72
72
72
72
72
72
72
72
72
72
72
72
72
72
72
72
72
72
72
72
72
72
72
72
72
144
144
144
144
144
144
144
144
144
144
144
144
144
144
144
109
109
109
109
109
109
109
109
109
109
109
109
109
109
109
109
109
109
109
109
109
109
109
109
109
109
109
109
109
109
90
90
90
90
90
180
180
180
180
180
180
180
180
180
180
180
180
180
166
166
166
166
166
166
166
166
166
166
166
166
166
166
166
144
144
144
144
144
144
144
144
144
144
144
144
144
144
144
131
131
131
131
131
131
131
262
262
262
262
237
237
237
237
237
237
237
237
226
226
226
226
226
226
226
211
211
211
211
211
211
211
211
204
204
204
204
204
204
204
200
200
200
200
200
200
200
200
187
187
187
187
187
187
187
175
350
350
350
350
335
335
335
334
334
334
334
319
319
319
319
302
302
302
302
286
286
286
280
280
280
280
265
265
265
265
262
262
262
262
239
239
239
231
231
231
231
218
218
218
218
213
213
213
213
203
406
394
394
385
385
379
379
373
373
370
370
362
362
357
357
346
338
338
324
324
322
322
316
316
311
311
299
299
289
289
285
285
285
280
280
280
280
274
274
272
272
267
267
265
265
263
257
257
256
256
504
492
492
464
452
449
447
440
436
432
426
416
410
408
406
404
401
395
390
389
387
387
387
387
384
381
376
372
367
366
363
363
363
357
355
351
350
348
348
343
334
328
322
320
312
312
312
312
306
306
592
592
582
574
564
562
562
550
542
536
534
515
509
494
493
485
485
485
482
472
463
461
460
456
456
449
441
438
435
435
435
431
422
419
412
401
401
399
398
398
393
377
376
373
368
368
368
366
361
356
700
700
695
672
662
655
652
643
627
617
617
613
609
607
601
580
579
577
558
551
549
538
516
505
495
493
485
483
483
474
466
457
453
443
443
440
437
432
427
425
425
422
420
418
416
413
413
413
398
393
776
762
739
729
728
717
703
701
699
693
687
679
678
664
648
648
641
639
633
632
621
612
609
607
602
602
598
592
590
571
557
552
550
546
542
538
531
525
518
516
513
505
504
499
489
485
476
475
473
471
938
922
920
913
906
899
879
877
855
843
828
815
802
790
780
778
770
760
752
752
740
733
731
727
721
707
691
671
651
650
641
634
634
623
618
607
603
599
591
584
575
566
563
557
550
540
524
522
515
512
1010
992
972
955
944
942
935
926
908
892
874
864
864
853
847
831
828
817
797
783
779
763
757
729
729
707
702
694
680
672
660
658
656
645
638
631
620
612
611
607
599
584
580
569
562
557
557
543
540
534
1032
1006
984
963
948
920
904
896
884
867
862
859
842
825
801
792
759
741
728
719
704
694
678
671
660
652
646
631
624
619
603
598
585
576
571
563
563
559
551
541
533
529
523
522
519
516
510
508
499
489
956
944
929
916
908
904
894
880
874
856
849
842
833
821
811
802
795
793
791
790
763
757
752
740
738
732
731
726
717
714
705
697
681
664
655
645
641
639
633
615
609
606
597
587
573
565
561
557
555
545
1070
1052
1045
1018
1005
987
963
951
939
924
914
904
887
874
866
838
827
815
813
806
793
781
767
754
739
727
721
712
703
693
686
680
675
665
660
653
649
646
637
629
619
619
601
592
582
575
570
568
567
557
1088
1058
1048
1032
1021
998
982
972
969
961
942
922
910
900
898
888
875
870
851
821
812
798
795
789
777
768
763
741
724
724
711
699
685
676
667
663
657
652
646
641
635
614
607
604
599
598
589
586
582
580
1130
1110
1086
1064
1050
1048
1042
1032
1019
1012
1003
997
985
964
936
913
892
877
863
842
837
819
810
796
788
779
770
760
752
750
749
738
728
711
699
698
694
694
681
676
665
647
643
640
637
637
630
629
625
619
1224
1206
1196
1183
1171
1169
1166
1150
1147
1131
1117
1110
1086
1067
1063
1057
1043
1033
1017
1010
1008
1002
988
977
974
968
958
952
938
924
915
901
899
894
886
882
879
872
865
856
853
847
835
821
817
809
800
796
792
783
1542
1520
1500
1464
1451
1433
1411
1390
1372
1354
1346
1328
1304
1280
1266
1242
1223
1202
1200
1182
1174
1162
1134
1124
1108
1099
1089
1063
1035
1017
1008
996
985
965
956
950
940
937
933
925
921
886
878
870
863
851
845
835
828
816
1614
1592
1569
1547
1508
1465
1452
1435
1419
1380
1370
1318
1303
1289
1272
1264
1250
1233
1222
1189
1169
1138
1115
1103
1088
1068
1044
1034
1012
991
979
970
957
937
919
910
898
893
877
863
853
833
824
800
798
795
791
779
767
747
1466
1412
1372
1346
1313
1298
1286
1253
1243
1219
1189
1156
1145
1123
1084
1037
999
977
957
939
925
914
884
874
854
833
812
803
794
787
772
755
725
702
700
696
692
676
662
645
630
614
601
587
578
561
553
553
538
528
1048
1030
1026
1012
996
981
963
936
936
922
902
887
859
825
816
806
787
781
775
774
764
758
746
744
726
714
708
691
666
646
640
618
614
610
601
595
586
579
572
566
562
555
545
521
513
509
497
494
485
485
946
930
908
896
861
831
821
801
784
767
754
736
715
699
677
673
661
657
645
621
601
601
599
586
564
559
546
538
535
521
518
506
504
503
500
500
497
493
489
484
478
476
470
463
457
453
452
451
443
443
860
854
832
822
798
790
774
771
755
737
730
715
692
688
683
672
671
660
648
634
633
623
614
609
603
598
584
573
569
567
556
556
546
540
536
529
524
521
515
511
499
495
488
488
486
479
475
467
461
450
876
866
839
825
799
777
775
765
762
753
751
737
726
709
696
666
641
627
613
597
575
557
547
534
518
502
495
493
480
472
461
452
434
418
408
399
397
388
385
375
367
352
346
336
333
325
320
305
305
298
568
564
553
537
519
519
497
482
472
468
453
432
422
411
403
398
395
389
382
380
376
376
371
366
362
356
350
336
330
324
315
315
312
303
300
298
297
290
286
283
278
278
271
269
269
263
262
262
260
260
508
502
490
486
470
460
453
447
444
438
426
419
411
407
390
390
384
380
378
374
365
364
354
345
344
340
331
328
327
326
326
324
322
320
314
309
307
307
307
303
298
296
293
292
289
285
285
285
285
284
556
530
530
526
517
508
498
490
486
474
470
455
453
446
443
437
437
431
423
420
418
415
411
409
409
402
397
393
393
391
389
383
381
376
371
370
369
367
367
366
362
358
352
352
351
342
340
334
332
327
644
644
627
605
605
595
587
585
583
579
575
564
555
552
539
538
527
513
492
490
475
471
469
464
454
454
452
448
444
436
431
426
415
410
410
403
394
391
385
385
383
378
377
373
372
370
367
366
364
364
710
704
692
688
682
675
665
663
652
648
643
628
621
614
579
569
566
560
554
546
538
532
526
521
511
502
498
490
466
452
444
438
431
429
426
424
416
413
411
409
403
396
389
383
372
363
363
363
357
351
688
680
664
662
642
627
615
603
591
584
578
543
528
528
521
519
514
510
493
487
477
468
466
457
450
441
428
413
408
404
404
397
389
388
375
371
366
363
363
362
360
351
351
349
346
346
342
339
338
333
658
642
630
622
612
603
583
581
571
565
558
540
532
531
528
528
526
521
515
494
494
481
477
468
465
464
457
452
450
448
441
435
428
420
409
406
402
402
394
394
389
383
380
376
373
372
368
366
355
348
692
674
666
652
646
634
614
612
604
602
598
586
582
580
568
557
547
535
522
519
506
490
464
457
453
448
439
433
429
425
413
409
401
395
395
386
385
376
372
367
364
362
356
356
355
353
350
344
342
339
662
652
648
648
646
643
639
631
619
615
611
609
604
590
581
577
560
559
554
547
540
532
526
526
523
518
518
505
493
480
478
471
466
466
463
462
458
455
443
440
436
433
428
426
423
420
412
405
405
399
778
760
752
744
736
730
719
710
693
685
681
677
653
640
639
637
630
628
614
602
597
590
590
577
569
568
555
547
536
527
520
516
511
510
508
504
494
493
486
483
480
476
469
464
459
455
455
454
453
448
880
860
846
840
823
820
800
800
775
767
761
761
758
752
750
747
740
712
703
676
649
639
625
617
614
607
599
590
587
587
580
572
566
561
546
538
537
531
526
526
519
519
517
517
515
507
503
496
487
478
938
926
922
911
900
888
883
882
878
874
868
861
857
835
821
776
755
737
719
709
697
690
678
672
663
661
659
659
655
646
639
634
623
616
602
598
579
563
560
556
542
542
539
532
530
526
522
518
516
514
1012
1004
994
992
980
957
951
939
936
920
914
892
878
870
850
846
835
821
819
817
809
807
807
797
787
782
779
771
754
739
732
722
712
704
697
689
689
680
672
669
660
658
652
642
639
634
624
616
615
609
1200
1186
1166
1166
1147
1118
1100
1092
1072
1056
1044
1027
1009
1005
1002
994
982
959
954
944
938
930
913
893
870
843
821
795
773
769
748
738
724
717
693
680
664
660
635
622
610
599
574
558
551
549
543
535
531
517
996
972
949
894
833
814
798
761
747
719
683
660
641
612
587
577
570
550
536
515
502
486
468
441
434
424
398
387
382
380
374
370
360
357
346
335
331
330
320
315
305
292
287
287
283
283
278
272
272
272
526
