1
1
1
1
1
1
1
1
1
1
1
1
1
1
1
1
1
1
1
1
1
1
1
1
1
1
1
1
1
1
1
1
1
1
1
1
1
1
1
1
1
1
1
1
1
1
1
1
1
1
2
2
2
2
2
2
2
2
2
2
2
2
2
2
2
2
2
2
2
2
2
2
2
2
2
2
2
2
2
2
2
2
2
2
2
2
2
2
2
2
2
2
2
2
2
2
2
2
2
2
4
4
4
4
4
4
4
4
4
4
4
4
4
4
4
4
4
4
4
4
4
4
4
4
4
4
4
4
4
4
4
4
4
4
4
4
4
4
4
4
4
4
4
4
4
4
4
4
4
4
8
8
8
8
8
8
8
8
8
8
8
8
8
8
8
8
8
8
8
8
8
8
8
8
8
8
8
8
8
8
8
8
8
8
8
8
8
8
8
8
8
8
8
8
8
8
8
8
8
8
16
16
16
16
16
16
16
16
16
16
16
16
16
16
16
16
16
16
16
16
16
16
16
16
16
16
16
16
16
16
16
16
16
16
16
16
16
16
16
16
16
16
16
16
16
16
16
16
16
16
32
32
32
32
32
32
32
30
30
30
30
30
30
30
30
30
30
30
30
30
30
30
30
30
30
30
30
30
30
30
30
30
30
30
30
30
30
30
30
30
30
30
30
30
30
30
30
30
30
30
60
60
60
60
60
60
60
60
60
58
58
58
58
58
58
58
58
58
58
58
58
58
58
58
58
58
58
58
58
58
58
58
58
58
58
58
58
58
58
58
58
58
58
58
58
58
58
58
58
58
114
114
110
110
110
110
110
110
110
110
110
110
110
110
110
110
110
110
110
110
110
110
110
110
110
110
110
110
110
110
110
110
110
110
110
110
110
110
110
110
107
107
107
107
107
107
107
107
107
107
212
212
212
194
194
194
189
189
189
189
187
187
187
187
187
187
184
184
182
182
182
174
174
172
172
168
168
164
164
164
164
162
162
155
155
155
147
147
143
143
143
143
143
143
143
143
143
143
132
132
264
258
254
250
247
247
241
218
215
215
213
213
213
213
213
213
213
213
207
207
207
204
197
191
191
191
184
184
184
180
180
179
179
178
177
177
177
174
172
172
172
171
171
170
170
170
170
170
168
166
330
318
318
312
312
308
308
304
304
298
294
294
294
294
294
290
286
286
282
282
282
278
272
270
260
260
260
259
259
259
259
256
255
251
251
251
251
245
243
240
240
238
237
237
237
235
233
233
232
232
456
452
448
446
444
444
430
430
426
424
416
416
416
414
412
412
410
400
399
397
397
389
383
383
377
376
375
374
369
367
367
366
362
359
359
359
350
350
347
346
346
343
343
342
340
340
338
338
338
335
654
650
644
642
635
632
628
628
622
622
621
621
606
599
590
589
585
577
566
560
556
542
541
537
536
534
524
517
515
515
513
513
507
507
501
500
496
495
491
491
490
488
486
486
484
483
482
481
481
480
950
942
942
936
928
924
916
912
904
900
898
894
890
888
886
876
864
860
858
844
840
834
834
830
824
824
822
822
818
816
806
798
797
793
788
784
766
762
751
742
740
729
708
700
691
682
678
674
670
654
1282
1268
1258
1234
1224
1207
1192
1184
1169
1160
1154
1141
1130
1119
1109
1105
1101
1097
1087
1073
1061
1046
1039
1039
1017
1009
988
978
971
971
961
956
955
945
939
919
915
914
899
894
890
883
874
872
870
865
856
845
836
826
1622
1608
1574
1551
1524
1501
1488
1473
1457
1434
1409
1384
1374
1363
1355
1345
1334
1324
1323
1303
1300
1292
1286
1278
1265
1262
1256
1246
1231
1221
1212
1202
1195
1188
1173
1170
1156
1142
1136
1119
1106
1095
1093
1077
1075
1067
1061
1059
1049
1045
2060
2022
1989
1976
1949
1943
1893
1867
1835
1822
1771
1746
1705
1676
1645
1610
1579
1532
1504
1488
1430
1410
1385
1365
1335
1292
1263
1253
1231
1209
1205
1170
1150
1143
1131
1121
1087
1066
1040
1023
989
971
957
944
921
909
896
871
858
849
1644
1614
1600
1581
1568
1557
1536
1522
1496
1487
1469
1458
1420
1406
1382
1363
1357
1343
1334
1329
1327
1316
1314
1306
1296
1291
1287
1281
1277
1261
1253
1240
1231
1225
1220
1219
1215
1211
1205
1198
1195
1193
1190
1183
1182
1180
1175
1173
1171
1168
2318
2316
2312
2302
2298
2290
2282
2270
2262
2246
2228
2226
2214
2203
2191
2183
2164
2150
2147
2137
2133
2120
2110
2086
2072
2056
2041
2034
2025
2017
2016
2012
2005
1994
1991
1981
1970
1965
1955
1938
1926
1904
1887
1880
1869
1861
1851
1833
1832
1824
3590
3560
3532
3500
3438
3416
3390
3364
3336
3306
3260
3232
3211
3191
3172
3148
3126
3047
2996
2966
2945
2918
2886
2865
2837
2776
2730
2697
2678
2667
2636
2594
2546
2499
2473
2441
2428
2410
2390
2376
2347
2308
2294
2277
2260
2237
2217
2187
2141
2127
4178
4106
4039
3950
3899
3864
3790
3719
3682
3640
3598
3555
3526
3455
3327
3264
3220
3157
3057
2993
2959
2914
2847
2808
2767
2707
2649
2629
2565
2506
2472
2444
2402
2349
2303
2266
2227
2194
2166
2144
2114
2073
2068
2037
2025
2005
1999
1981
1956
1937
3774
3722
3704
3648
3598
3551
3508
3465
3412
3384
3343
3323
3266
3225
3155
3115
3074
3042
3004
2969
2944
2907
2872
2853
2836
2810
2786
2741
2688
2638
2606
2563
2537
2511
2478
2451
2414
2364
2317
2291
2246
2232
2175
2138
2109
2062
2038
2029
2000
1984
3840
3754
3706
3690
3639
3589
3525
3484
3441
3390
3357
3306
3234
3171
3125
3105
3060
3035
3010
2985
2966
2931
2920
2897
2885
2870
2858
2831
2821
2807
2789
2761
2758
2747
2718
2700
2673
2652
2631
2616
2602
2581
2553
2534
2507
2498
2478
2468
2467
2451
4800
4754
4722
4686
4642
4580
4564
4504
4468
4406
4356
4296
4270
4233
4218
4210
4182
4136
4085
4053
4012
3970
3920
3875
3853
3801
3729
3677
3635
3606
3587
3556
3531
3520
3493
3459
3428
3390
3372
3345
3310
3264
3233
3211
3194
3180
3170
3146
3113
3093
5996
