150
150
150
150
150
150
150
150
150
150
150
150
150
150
150
150
150
150
150
150
150
150
150
150
150
150
150
150
150
150
150
150
150
150
150
150
150
150
150
150
150
150
150
150
150
150
150
150
150
150
300
300
300
300
300
208
208
208
208
208
208
208
208
208
208
208
208
208
208
208
208
208
208
208
208
208
208
208
208
208
208
208
208
208
208
208
208
208
208
208
208
208
208
208
208
208
208
208
208
208
416
416
416
383
383
383
383
383
383
383
383
383
383
383
383
383
383
383
383
383
383
383
383
383
383
383
383
383
346
346
346
346
346
346
346
346
346
346
346
346
346
346
346
346
346
346
346
346
346
346
692
692
607
607
607
607
607
607
607
607
607
607
607
607
527
527
527
527
527
527
527
527
527
527
527
527
527
493
493
493
493
493
493
493
493
493
493
493
493
453
453
453
453
453
453
453
453
453
453
453
906
846
846
846
846
846
846
771
771
771
771
771
771
771
746
746
746
746
746
746
702
702
702
702
702
702
671
671
671
671
671
671
619
619
619
619
619
619
619
597
597
597
597
597
597
562
562
562
562
562
1124
1084
1084
1084
1056
1056
1056
1043
1043
1043
1006
1006
1006
995
995
995
972
972
972
972
951
951
951
926
926
926
914
914
914
873
873
873
867
867
867
852
852
852
823
823
823
803
803
803
803
793
793
793
775
775
1550
1484
1458
1458
1443
1424
1424
1407
1394
1394
1384
1384
1356
1334
1334
1320
1293
1293
1279
1248
1248
1233
1233
1215
1204
1204
1192
1185
1185
1164
1156
1156
1151
1142
1142
1138
1138
1130
1126
1126
1103
1080
1080
1078
1069
1069
1056
1056
1035
1015
1998
1944
1924
1904
1876
1844
1832
1823
1790
1771
1748
1720
1696
1694
1665
1639
1621
1618
1617
1609
1601
1590
1565
1561
1557
1544
1526
1506
1494
1466
1449
1431
1430
1418
1408
1408
1405
1375
1359
1348
1324
1315
1303
1297
1289
1278
1277
1269
1267
1251
2454
2400
2347
2329
2304
2293
2236
2224
2200
2183
2134
2113
2101
2075
2069
2052
2039
2024
2006
1975
1942
1917
1901
1885
1872
1848
1834
1820
1803
1796
1788
1746
1730
1702
1691
1670
1643
1634
1624
1609
1569
1566
1557
1550
1532
1503
1496
1492
1487
1472
2900
2822
2806
2751
2714
2691
2658
2626
2612
2589
2537
2517
2479
2458
2422
2385
2358
2341
2312
2269
2260
2249
2225
2201
2188
2167
2138
2121
2107
2095
2087
2070
2057
2036
2024
2010
1991
1977
1952
1923
1920
1898
1878
1871
1859
1841
1831
1812
1782
1770
3476
3450
3368
3327
3277
3191
3156
3131
3091
3047
2996
2954
2910
2866
2854
2832
2796
2772
2752
2707
2679
2655
2639
2617
2578
2560
2523
2505
2494
2469
2445
2438
2403
2365
2351
2333
2321
2313
2301
2292
2279
2266
2244
2216
2172
2156
2143
2124
2100
2050
4032
3946
3894
3845
3753
3679
3607
3552
3508
3478
3456
3392
3337
3266
3211
3170
3134
3084
3044
3006
2971
2949
2902
2880
2836
2789
2759
2728
2707
2674
2634
2599
2570
2549
2526
2514
2504
2464
2431
2406
2373
2337
2293
2285
2256
2234
2203
2160
2140
2120
4094
3990
3891
3795
3727
3649
3578
3514
3465
3410
3336
3264
3223
3157
3127
3099
3057
3015
2983
2909
2870
2856
2832
2797
2748
2712
2646
2609
2574
2557
2538
2519
2499
2459
2430
2392
2361
2338
2308
2255
2236
2204
2188
2174
2137
2081
2057
2040
2024
1987
3878
3796
3701
3648
3564
3448
3403
3363
3317
3287
3224
3210
3184
3142
3104
3082
3036
3001
2961
2913
2895
2874
2868
2835
2816
2778
2748
2709
2681
2662
2636
2604
2573
2553
2545
2528
2506
2499
2478
2472
2456
2434
2412
2400
2390
2379
2354
2336
2295
2266
4422
4320
4229
4154
4091
4036
4002
3948
3910
3842
3777
3742
3707
3671
3585
3538
3473
3457
3437
3387
3342
3281
3248
3225
3184
3124
3088
3046
2997
2970
2941
2922
2900
2883
2835
2814
2797
2781
2772
2761
2728
2695
2682
2646
2616
2594
2565
2551
2514
2483
4842
4682
4604
4500
4434
4305
4196
4083
3977
3937
3871
3826
3772
3705
3634
3600
3578
3523
3488
3439
3395
3356
3326
3304
3265
3229
3174
3164
3138
3104
3084
3044
3015
2978
2966
2948
2910
2849
2810
2761
2721
2699
2662
2627
2594
2536
2509
2473
2446
2416
4614
4502
4434
4351
4242
4188
4106
4008
3940
3854
3802
3739
3698
3610
3567
3520
3482
3451
3415
3381
3348
3304
3265
3223
3165
3104
3080
3040
3028
2988
2957
2932
2874
2822
2784
2765
2723
2691
2632
2603
2578
2543
2522
2501
2460
2436
2413
2394
2372
2347
4580
4476
4419
4371
4300
4252
4210
4114
4076
4036
3983
3949
3892
3846
3818
3794
3750
3719
3706
3670
3631
3601
3557
3536
3511
3489
3455
3388
3350
3298
3260
3226
3173
3146
3124
3094
3083
3046
3026
3017
3001
2971
2961
2944
2931
2907
2888
2854
2816
2766
5344
5158
5005
4935
4821
4733
4654
4547
4510
4459
4411
4366
4339
4279
4203
4102
4033
3993
3956
3890
3849
3761
3727
3685
3632
3559
3499
3449
3419
3382
3357
3327
3301
3279
3266
3252
3241
3217
3201
3173
3163
3120
3095
3068
3028
3010
2974
2938
2909
2827
5468
5198
5051
4926
4836
4749
4687
4599
4520
4450
4383
4306
4240
4133
4086
4025
4002
3966
3935
3881
3852
3819
3770
3747
3721
3607
3535
3503
3477
3447
3423
3405
3379
3344
3318
3302
3265
3217
3138
3101
3062
3041
3025
3008
2989
2963
2926
2869
2814
2770
5280
5088
4996
4918
4836
4739
4655
4564
4504
4481
4439
4399
4356
4261
4222
4165
4131
4108
4082
4015
3992
3966
3961
3937
3901
3857
3809
3786
3746
3727
3695
3635
3555
3517
3482
3445
3421
3378
3285
3248
3219
3188
3153
3124
3075
3035
3019
3009
2979
2957
5754
5650
5575
5499
5401
5364
5310
5214
5179
5108
5059
5037
5006
4959
4946
4906
4874
4846
4822
4772
4740
4720
4684
4654
4620
4590
4549
4490
4436
4368
4346
4303
4274
4242
4215
4159
4148
4132
4097
4090
4065
4037
4002
3970
3913
3896
3862
3788
3724
3694
7186
6964
6728
6640
6568
6451
6374
6299
6208
6126
6032
5936
5900
5824
5715
5640
5551
5491
5436
5353
5319
5207
5108
5020
4913
4829
4736
4631
4589
4550
4500
4462
4422
4398
4368
4330
4293
4271
4248
4195
4159
4110
4069
4037
3982
3951
3897
3825
3775
3663
7070
6800
6687
6522
6435
6298
6166
6035
5860
5765
5636
5461
5301
5131
5017
4948
4905
4864
4833
4793
4716
4651
4601
4531
4479
4406
4339
4292
4264
4218
4176
4151
4118
4075
4038
4015
3946
3859
3739
3675
3608
3560
3527
3488
3453
3418
3360
3341
3288
3209
6172
5954
5789
5658
5557
5432
5277
5148
5042
5008
4945
4886
4782
4712
4648
4611
4565
4502
4437
4362
4270
4234
4202
4170
4130
4019
3956
3885
3869
3820
3795
3727
3605
3553
3508
3446
3361
3301
3220
3181
3123
3088
3049
3014
2923
2881
2859
2824
2794
2769
5340
5198
5086
4906
4783
4727
4637
4574
4522
4473
4408
4400
4368
4296
4247
4233
4167
4128
4064
4036
3992
3966
3931
3906
3875
3850
3796
3732
3658
3597
3567
3532
3508
3498
3472
3454
3442
3424
3384
3348
3323
3285
3270
3252
3224
3205
3183
3111
3047
3005
5824
5638
5480
5404
5349
5219
5163
5056
4984
4920
4873
4827
4782
4721
4580
4500
4413
4356
4321
4275
4227
4128
4059
4004
3914
3830
3760
3717
3683
3658
3620
3607
3579
3566
3544
3524
3504
3483
3450
3400
3372
3336
3313
3302
3268
3238
3187
3151
3106
3023
5820
5590
5472
5394
5295
5237
5120
5006
4902
4836
4751
4611
4489
4418
4343
4319
4264
4214
4175
4145
4104
4075
4043
3992
3959
3848
3780
3752
3723
3659
3629
3603
3562
3547
3514
3501
3444
3343
3230
3164
3117
3075
3043
3001
2971
2938
2911
2873
2847
2814
5394
5222
5095
4991
4880
4782
4639
4547
4501
4435
4401
4344
4249
4158
4139
4095
4050
4018
3966
3873
3840
3816
3792
3762
3703
3666
3596
3585
3550
3514
3504
3454
3382
3352
3307
3237
3193
3128
3055
3034
3009
2978
2958
2920
2857
2823
2812
2800
2759
2726
5248
5064
4978
4906
4858
4824
4742
4685
4655
4607
4520
4495
4459
4406
4394
4358
4326
4300
4245
4202
4187
4181
4160
4118
4084
4054
4000
3937
3885
3824
3805
3770
3748
3723
3705
3656
3629
3613
3579
3554
3545
3533
3517
3482
3450
3435
3406
3332
3275
3203
6204
5918
5756
5644
5576
5485
5434
5379
5284
5229
5181
5133
5037
4929
4818
4758
4670
4622
4533
4439
4393
4354
4262
4212
4150
4085
4018
3965
3928
3873
3844
3825
3788
3748
3736
3699
3675
3659
3618
3594
3565
3541
3510
3448
3401
3376
3354
3291
3243
3155
6024
5722
5491
5398
5258
5165
5092
4874
4721
4653
4575
4446
4345
4210
4131
4065
3992
3972
3935
3887
3839
3784
3727
3709
3645
3596
3525
3497
3463
3441
3420
3402
3343
3297
3282
3241
3179
3122
3035
2990
2941
2895
2861
2834
2815
2800
2773
2721
2692
2642
5086
4884
4794
4749
4612
4511
4422
4350
4268
4241
4171
4095
4046
3970
3932
3880
3842
3814
3786
3715
3682
3656
3631
3608
3569
3530
3470
3442
3414
3370
3349
3317
3240
3165
3133
3086
3052
3016
2955
2937
2908
2869
2848
2819
2788
2763
2740
2726
2700
2661
5168
5032
4887
4798
4711
4689
4629
4576
4536
4497
4436
4412
4380
4330
4302
4254
4228
4196
4173
4135
4112
4101
4068
4046
4031
3986
3938
3888
3845
3779
3738
3712
3693
3667
3658
3638
3612
3595
3556
3528
3507
3467
3439
3412
3390
3380
3340
3289
3248
3208
6200
5976
5828
5737
5662
5571
5539
5435
5364
5302
5259
5203
5153
5064
4905
4807
4738
4673
4584
4543
4505
4427
4346
4311
4229
4161
4070
4023
3988
3947
3922
3907
3878
3836
3800
3783
3770
3757
3718
3664
3627
3594
3559
3512
3453
3416
3367
3315
3292
3213
6224
5988
5871
5774
5631
5559
5471
5313
5182
5074
4963
4849
4765
4639
4573
4489
4453
4400
4349
4303
4238
4200
4172
4112
4045
3974
3909
3874
3840
3793
3761
3743
3712
3682
3639
3621
3579
3507
3402
3373
3334
3305
3253
3232
3197
3132
3087
3038
3004
2952
5648
5376
5263
5171
5005
4901
4805
4700
4666
4600
4536
4494
4421
4333
4280
4239
4194
4141
4104
4041
4004
3964
3949
3920
3883
3829
3772
3748
3724
3683
3656
3598
3528
3473
3398
3336
3286
3200
3138
3096
3056
3026
3001
2977
2930
2899
2873
2857
2813
2769
5370
5214
5096
5021
4961
4898
4839
4784
4737
4700
4630
4576
4540
4486
4437
4384
4337
4306
4283
4233
4219
4204
4184
4156
4126
4096
4047
3963
3887
3834
3784
3746
3703
3674
3647
3634
3607
3584
3549
3530
3517
3481
3446
3428
3397
3390
3359
3291
3257
3198
6154
5896
5776
5653
5543
5434
5367
5291
5176
5110
5066
5028
4990
4927
4813
4736
4641
4583
4509
4438
4391
4304
4255
4214
4139
4054
3966
3934
3895
3857
3824
3812
3794
3765
3749
3738
3716
3689
3658
3599
3568
3528
3466
3429
3381
3347
3296
3245
3208
3124
6036
5708
5549
5392
5256
5148
5066
4918
4781
4682
4590
4465
4357
4206
4135
4058
4037
3977
3943
3914
3846
3767
3725
3690
3656
3588
3539
3504
3482
3439
3419
3391
3369
3344
3314
3288
3238
3180
3076
3025
2977
2967
2916
2892
2859
2795
2756
2719
2667
2629
4990
