150
150
150
150
150
150
150
150
150
150
150
150
150
150
150
150
150
150
150
150
69
69
69
69
69
69
69
69
69
69
69
69
69
69
69
69
69
69
69
69
69
69
69
69
69
69
69
69
69
69
138
138
138
138
138
138
138
138
138
138
138
138
138
138
138
110
110
110
110
110
110
110
110
110
110
110
110
110
110
110
110
110
110
110
110
110
110
110
110
110
110
110
110
110
110
89
89
89
89
89
178
178
178
178
178
178
178
178
178
178
178
178
178
152
152
152
152
152
152
152
152
152
152
152
152
152
152
152
120
120
120
120
120
120
120
120
120
120
120
120
120
120
120
114
114
114
114
114
114
114
228
228
228
228
220
220
220
220
220
220
220
220
206
206
206
206
206
206
206
189
189
189
189
189
189
189
189
173
173
173
173
173
173
173
160
160
160
160
160
160
160
160
147
147
147
147
147
147
147
143
286
286
286
286
276
276
276
272
272
272
272
246
246
246
246
238
238
238
238
233
233
233
220
220
220
220
211
211
211
211
209
209
209
209
202
202
202
191
191
191
191
183
183
183
183
177
177
177
177
174
348
342
342
338
338
326
326
321
321
311
311
293
293
286
286
280
270
270
269
269
262
262
261
261
254
254
249
249
239
239
230
229
229
228
228
228
228
225
225
225
225
215
215
204
204
204
200
200
196
196
388
380
376
374
371
369
369
367
363
355
349
335
326
322
319
311
309
309
292
290
285
284
283
280
271
263
256
250
242
239
239
238
236
233
232
231
228
227
225
222
218
214
212
207
207
207
206
206
204
203
400
380
378
371
359
359
355
351
334
333
328
319
316
314
312
308
305
302
297
292
287
282
282
281
280
277
267
264
262
262
258
255
251
249
245
241
238
235
229
229
227
224
222
219
215
213
213
213
211
209
406
402
399
395
384
378
377
367
362
356
348
336
334
325
311
301
296
292
284
278
278
271
265
263
259
248
238
230
228
225
224
222
222
222
218
216
213
209
207
202
190
185
180
180
178
178
177
174
174
170
340
330
328
319
310
310
297
294
292
290
280
266
265
260
256
254
244
242
237
237
231
231
231
229
227
222
217
217
216
216
214
212
210
200
193
193
190
188
188
188
185
182
182
182
179
178
177
177
172
172
338
334
328
324
322
322
316
312
310
301
300
273
267
264
263
263
259
253
247
247
247
245
242
242
240
236
232
230
224
220
218
215
214
213
211
211
208
207
205
203
201
199
198
197
195
195
193
193
191
189
374
372
367
367
359
346
346
346
346
342
338
329
323
317
314
314
312
311
304
302
302
299
286
283
283
276
262
258
258
251
250
244
240
240
239
238
238
234
232
232
225
225
222
221
220
220
220
219
215
211
420
412
408
404
404
402
398
397
396
396
391
383
383
376
376
371
357
350
343
341
336
330
330
329
328
328
321
318
315
315
312
299
289
285
285
278
272
272
270
270
267
266
266
266
262
259
256
255
255
255
504
504
502
492
492
492
486
476
474
474
464
462
458
449
437
437
433
429
421
413
411
408
402
396
394
383
381
381
376
368
366
364
359
357
349
347
344
336
333
329
322
316
316
312
305
299
298
292
292
288
558
544
534
529
519
519
514
505
501
498
490
475
464
460
458
453
441
433
426
420
415
405
401
397
394
389
384
379
377
377
373
371
370
370
365
365
364
363
363
362
355
354
344
340
339
335
327
325
319
318
634
626
622
614
599
599
583
579
572
555
547
532
532
526
519
513
506
502
495
491
490
483
476
469
466
458
450
447
434
422
422
421
421
413
411
410
408
400
395
393
389
383
383
381
371
370
368
365
361
357
704
686
682
679
679
656
655
645
641
639
632
629
612
604
593
573
549
537
523
506
491
488
474
468
463
462
448
430
428
428
416
403
395
391
386
377
369
365
359
357
354
353
348
344
344
339
334
333
329
328
638
638
638
629
627
621
619
611
599
589
578
569
561
544
532
511
508
504
500
484
478
471
470
463
457
453
450
442
423
407
398
397
397
391
382
381
380
378
373
367
365
357
349
345
336
322
319
316
308
304
606
598
590
572
569
557
557
552
548
544
537
526
520
511
508
508
503
501
494
494
480
474
465
463
456
454
447
438
423
420
417
409
404
404
404
400
400
396
394
387
384
380
377
373
372
370
365
362
362
362
720
712
699
694
684
675
667
664
659
640
628
600
588
573
569
563
559
549
542
534
525
521
521
513
512
507
503
498
497
495
494
486
480
474
458
448
448
442
437
427
425
415
415
413
410
399
398
389
386
381
742
