1
1
1
1
1
1
1
1
1
1
1
1
1
1
1
1
1
1
1
1
1
1
1
1
1
1
1
1
1
1
1
1
1
1
1
1
1
1
1
1
1
1
1
1
1
1
1
1
1
1
2
2
2
2
2
2
2
2
2
2
2
2
2
2
2
2
2
2
2
2
2
2
2
2
2
2
2
2
2
2
2
2
2
2
2
2
2
2
2
2
2
2
2
2
2
2
2
2
2
2
4
4
4
4
4
4
4
4
4
4
4
4
4
4
4
4
4
4
4
4
4
4
4
4
4
4
4
4
4
4
4
4
4
4
4
4
4
4
4
4
4
4
4
4
4
4
4
4
4
4
8
8
8
8
8
8
8
8
8
8
8
8
8
8
8
8
8
8
8
8
8
8
8
8
8
8
8
8
8
8
8
8
8
8
8
8
8
8
8
8
8
8
8
8
8
8
8
8
8
8
16
16
16
16
16
16
16
16
16
16
16
16
16
16
16
16
16
16
16
16
16
16
16
16
16
16
16
16
16
16
16
16
16
16
16
16
16
16
16
16
16
16
16
16
16
16
16
16
16
16
32
32
32
32
32
32
32
32
32
32
32
32
32
32
32
32
32
32
32
32
32
32
32
32
32
32
32
32
32
32
32
32
32
32
32
32
32
32
32
32
32
32
32
32
32
32
32
32
32
32
64
64
64
64
64
64
64
64
64
64
64
64
64
64
64
64
64
64
64
64
64
64
64
64
64
64
64
64
64
64
64
64
64
64
64
64
64
64
64
64
64
64
64
64
64
64
64
64
64
64
126
126
126
126
126
126
126
126
126
126
126
126
126
126
126
126
126
126
125
125
125
125
125
125
125
125
125
125
125
125
125
125
125
125
125
125
125
125
125
125
125
124
124
124
124
124
124
124
124
124
246
246
246
245
245
245
245
245
245
245
245
243
243
243
243
243
243
243
241
241
241
241
241
241
241
241
239
239
239
239
239
239
239
239
229
229
229
221
221
221
221
219
219
219
218
218
218
218
210
208
412
406
406
402
402
402
402
402
402
399
393
387
385
385
381
375
363
363
356
356
356
356
345
341
341
341
337
337
331
329
321
315
315
312
312
312
312
304
294
294
292
282
280
280
277
277
272
270
261
261
510
504
500
500
496
493
487
486
486
483
483
483
480
476
472
468
468
456
456
454
453
451
451
451
451
451
451
451
451
451
451
451
451
451
451
450
448
448
447
445
445
445
445
444
442
441
441
441
441
441
872
870
870
870
870
866
866
866
862
862
860
858
854
852
852
849
849
849
846
846
844
842
835
828
828
826
825
819
818
812
810
809
809
809
808
807
803
797
787
787
784
784
776
773
771
764
761
753
753
753
1492
1476
1464
1458
1446
1436
1434
1432
1430
1418
1414
1401
1375
1351
1345
1343
1332
1321
1320
1307
1297
1289
1283
1277
1257
1246
1236
1225
1213
1205
1201
1195
1184
1175
1165
1160
1150
1138
1127
1117
1115
1099
1083
1074
1064
1061
1050
1047
1044
1025
2014
1980
1965
1943
1897
1883
1864
1834
1828
1810
1800
1768
1744
1718
1711
1674
1652
1629
1616
1612
1594
1584
1570
1540
1529
1523
1509
1501
1486
1480
1466
1448
1420
1403
1389
1385
1374
1366
1350
1336
1323
1295
1288
1278
1270
1232
1217
1195
1187
1173
2272
2248
2224
2155
2129
2095
2071
2034
2006
1954
1939
1894
1872
1841
1813
1797
1780
1746
1728
1711
1703
1675
1642
1632
1620
1613
1582
1567
1543
1520
1493
1480
1453
1406
1392
1349
1319
1291
1258
1234
1227
1202
1187
1165
1150
1129
1115
1096
1072
1061
2072
2024
1989
1961
1936
1921
1910
1883
1865
1831
1811
1792
1783
1781
1779
1772
1769
1767
1764
1744
1738
1738
1731
1724
1719
1715
1704
1697
1690
1690
1684
1676
1669
1667
1665
1655
1651
1646
1642
1634
1633
1628
1623
1620
1618
1611
1605
1602
1600
1592
3130
3114
3097
3091
3073
3065
3055
3046
3040
3028
3018
2995
2983
2955
2944
2914
2896
2881
2846
2826
2815
2802
2785
2764
2747
2725
2713
2704
2693
2680
2658
2643
2619
2609
2590
2582
2568
2552
2530
2506
2475
2449
2439
2429
2424
2410
2399
2396
2371
2354
4656
4624
4595
4556
4540
4518
4501
4483
4464
4438
4409
4368
4350
4312
4281
4258
4225
4206
4195
4167
4150
4105
4080
4069
4038
3991
3964
3934
3896
3852
3835
3790
3771
3751
3732
3710
3690
3676
3662
3638
3616
3593
3580
3557
3538
3532
3499
3479
3460
3446
6776
6702
6644
6570
6475
6431
6331
6258
6196
6150
6068
6003
5925
5869
5764
5734
5689
5643
5563
5482
5439
5365
5284
5221
5194
5091
5045
4997
4954
4885
4839
4799
4756
4682
4619
4573
4517
4448
4407
4383
4332
4280
4231
4193
4141
4122
4089
4037
3987
3947
7728
7556
7444
7278
7162
7022
6894
6778
6664
6556
6464
6326
6241
6180
6098
6061
5972
5906
5748
5608
5473
5351
5208
5103
5008
4927
4850
4738
4672
4580
4508
4429
4374
4274
4205
4141
4068
4002
3949
3892
3850
3787
3732
3684
3632
3586
3550
3523
3465
3409
6556
