150
150
150
150
150
150
150
150
150
150
150
150
150
150
150
150
150
150
150
150
62
62
62
62
62
62
62
62
62
62
62
62
62
62
62
62
62
62
62
62
62
62
62
62
62
62
62
62
62
62
124
124
124
124
124
124
124
124
124
124
124
124
124
124
124
107
107
107
107
107
107
107
107
107
107
107
107
107
107
107
107
107
107
107
107
107
107
107
107
107
107
107
107
107
107
88
88
88
88
88
176
176
176
176
176
176
176
176
176
176
176
176
176
167
167
167
167
167
167
167
167
167
167
167
167
167
167
167
154
154
154
154
154
154
154
154
154
154
154
154
154
154
154
137
137
137
137
137
137
137
274
274
274
274
249
249
249
249
249
249
249
249
227
227
227
227
227
227
227
207
207
207
207
207
207
207
207
185
185
185
185
185
185
185
163
163
163
163
163
163
163
163
155
155
155
155
155
155
155
153
306
306
306
306
305
305
305
291
291
291
291
277
277
277
277
258
258
258
258
256
256
256
236
236
236
236
225
225
225
225
225
225
225
225
213
213
213
204
204
204
204
195
195
195
195
180
180
180
180
174
348
330
330
323
323
323
323
316
316
312
312
305
305
295
295
295
277
277
270
270
267
267
261
261
257
257
253
253
231
231
227
217
217
216
216
216
216
207
207
204
204
200
200
195
195
193
187
187
183
183
366
364
360
358
352
337
333
332
332
328
322
309
304
298
296
296
296
296
292
290
287
287
287
287
285
280
277
277
275
271
271
270
265
262
261
259
257
256
256
256
254
249
244
242
241
241
240
240
238
236
466
466
458
457
453
447
443
437
429
425
423
412
409
407
403
400
399
395
386
375
374
368
361
357
354
345
339
337
337
336
335
335
331
326
326
323
319
315
313
312
308
302
298
298
298
297
296
295
292
288
568
556
556
550
546
542
540
533
526
522
518
503
496
496
477
465
459
449
436
426
422
418
405
401
394
393
378
370
368
360
353
351
344
342
332
328
326
324
324
323
313
310
302
302
300
298
295
289
285
283
554
546
540
522
510
501
501
493
486
477
468
456
450
438
423
419
415
408
386
386
379
375
369
367
365
361
354
352
331
325
325
319
312
307
299
297
295
292
290
290
284
271
270
265
261
253
251
247
240
238
464
458
452
441
424
420
419
408
392
392
386
376
365
361
358
356
354
354
342
339
335
333
332
330
328
312
308
302
300
300
296
291
291
288
280
276
273
269
269
268
264
263
259
259
252
249
247
245
239
234
468
456
453
438
438
424
418
401
400
390
378
370
362
360
355
355
349
345
329
329
326
325
321
321
319
314
309
308
307
300
299
298
294
289
288
282
276
276
276
274
273
265
263
261
257
257
257
256
245
245
480
472
472
458
457
446
435
424
423
421
417
404
396
386
379
375
373
371
365
359
354
348
347
337
337
330
325
321
321
314
310
309
309
309
306
300
297
289
289
287
282
272
271
267
264
261
259
258
258
258
514
508
502
494
492
484
484
482
480
474
474
468
461
451
451
444
442
436
433
429
421
420
418
415
415
415
413
410
400
394
390
388
387
385
381
368
368
368
363
361
354
354
347
346
345
345
336
331
329
329
642
642
640
630
627
619
619
606
593
590
579
561
556
538
533
529
529
529
529
524
524
520
518
514
512
502
493
484
478
475
471
471
470
460
458
458
458
455
455
452
443
433
425
404
400
396
396
394
393
393
774
756
740
740
735
722
722
702
702
693
687
665
646
641
636
631
631
625
611
598
595
595
587
584
582
568
560
549
541
528
523
518
513
508
501
500
500
494
494
490
485
481
473
465
458
456
456
449
440
437
860
844
839
819
804
798
794
793
791
772
766
752
737
735
710
693
684
674
654
633
629
611
603
596
590
582
567
550
545
534
519
508
508
497
482
474
469
462
459
450
448
448
445
442
435
427
415
415
403
391
762
736
724
698
693
673
669
662
651
642
629
615
594
583
573
567
549
530
519
513
501
499
489
482
481
478
476
472
461
444
434
426
426
416
414
412
407
404
401
397
382
374
366
356
349
345
335
330
329
328
644
640
622
608
595
587
585
582
573
554
531
519
519
495
484
478
474
464
462
460
456
456
454
450
441
440
432
427
417
415
410
402
399
388
385
375
375
369
363
359
357
355
354
350
344
340
337
332
325
322
628
624
607
603
598
588
576
570
558
546
536
532
525
524
512
504
504
496
488
473
458
450
446
438
436
434
431
428
417
412
402
399
393
391
389
383
378
373
366
366
360
354
349
347
343
333
333
327
327
324
628
614
604
601
594
589
582
571
568
562
553
530
523
514
486
472
463
455
449
447
441
435
424
412
408
398
386
382
374
360
353
352
345
341
341
338
337
335
330
329
314
308
307
303
303
298
295
283
281
270
532
526
524
507
505
504
492
488
482
478
472
453
447
447
438
432
431
429
418
414
401
401
395
393
389
385
380
376
376
371
349
347
344
342
342
341
339
336
332
330
326
326
324
322
320
316
312
312
310
310
610
602
596
579
567
556
549
537
533
528
518
509
494
489
482
476
467
457
452
444
431
429
429
428
425
416
412
404
397
397
397
392
386
382
370
366
366
365
362
361
357
352
345
342
342
340
336
334
327
322
632
630
630
606
597
588
584
575
563
557
552
539
536
532
530
527
524
521
500
490
490
481
477
471
469
457
451
449
446
436
429
426
424
424
424
419
409
398
390
390
381
371
370
365
364
358
356
356
349
346
684
680
674
658
650
644
640
629
624
611
605
596
593
578
567
557
547
541
527
517
515
511
505
498
482
479
474
464
457
453
453
452
451
438
434
425
418
417
414
413
413
407
406
402
395
394
389
389
387
384
764
758
732
720
716
716
705
699
686
685
677
668
655
642
620
604
599
589
579
571
566
562
557
551
549
543
534
524
516
514
496
494
484
477
477
476
470
458
455
451
448
439
429
423
423
415
412
409
399
396
782
782
764
759
750
736
716
710
693
680
675
644
632
623
604
604
602
589
586
584
577
569
559
555
543
533
517
508
497
480
478
477
467
463
462
462
458
454
449
443
439
430
429
426
418
414
411
409
403
397
778
766
756
734
725
714
706
704
697
688
675
651
640
640
633
624
614
601
587
568
563
552
552
552
549
543
541
530
527
526
520
513
509
504
502
492
486
485
481
480
475
467
463
463
462
457
454
452
443
440
866
846
844
831
822
815
814
797
785
785
781
767
760
755
733
709
705
699
687
672
665
660
653
647
641
628
613
613
606
592
587
579
574
568
562
557
557
551
546
537
532
520
520
519
512
509
507
503
502
498
978
964
944
931
926
924
912
896
887
877
869
861
851
829
823
815
805
795
776
773
763
757
752
750
746
729
723
716
705
697
684
682
664
655
649
647
643
632
632
626
624
619
606
601
599
592
589
582
578
571
1112
1092
1083
1075
1064
1044
1031
1016
992
974
955
940
929
912
897
885
876
870
857
835
824
811
793
767
759
757
750
738
720
715
708
704
704
697
676
663
660
657
650
641
640
629
619
616
608
597
597
589
586
574
1132
1128
1102
1093
1066
1048
1031
1011
1002
991
968
963
956
953
947
938
934
913
885
873
854
846
822
805
788
775
759
750
744
732
728
725
710
701
692
686
682
673
668
660
653
639
634
624
613
607
598
588
581
573
1120
1094
1059
1036
1027
1025
1014
1002
987
981
965
951
930
899
871
854
824
813
805
791
784
775
753
739
733
711
695
688
671
657
646
638
632
606
599
594
594
578
571
567
556
549
546
544
532
519
509
499
487
487
958
950
921
911
888
870
862
846
835
820
800
784
769
746
731
726
718
710
693
684
678
676
667
667
661
655
647
627
606
589
586
581
570
553
545
543
539
530
530
526
514
509
505
493
487
483
480
475
469
464
904
888
886
879
871
862
850
830
810
803
775
757
748
742
734
729
723
719
719
694
690
674
668
658
652
638
628
610
601
589
584
577
574
574
565
558
546
527
525
517
496
492
486
482
470
468
459
452
451
440
876
870
856
833
797
787
777
746
726
709
689
683
674
663
659
654
643
638
621
614
611
603
597
582
575
568
558
550
541
540
525
519
515
501
492
486
480
479
473
471
469
463
462
457
456
451
449
444
437
428
842
830
816
801
790
778
773
753
747
733
723
712
707
684
672
664
644
626
611
603
576
569
555
553
545
535
522
520
511
502
496
492
484
475
465
457
457
449
445
437
431
419
418
401
396
387
385
376
368
362
708
688
683
671
660
653
632
624
610
591
576
571
558
555
537
527
522
516
513
508
504
499
497
495
495
493
490
476
470
455
446
437
437
436
434
431
431
428
428
423
419
413
411
410
408
407
406
402
400
400
784
774
766
752
746
737
733
729
716
706
699
688
674
663
661
647
647
644
640
635
633
631
619
613
605
602
583
576
573
571
569
561
560
558
556
549
548
543
537
534
527
518
509
504
501
489
482
478
478
472
924
920
908
902
886
884
876
869
860
857
844
822
814
806
806
797
792
768
755
736
735
728
728
721
706
693
681
666
661
651
648
647
642
640
638
636
626
626
619
616
611
603
594
594
593
588
583
576
575
570
1126
1118
1099
1080
1069
1057
1053
1044
1036
1027
1023
1015
1009
990
959
941
932
893
873
866
851
849
846
842
834
824
802
797
789
778
759
755
742
734
726
720
719
719
713
711
706
698
695
688
681
678
669
657
649
639
1262
1256
1241
1216
1196
1189
1169
1159
1149
1141
1129
1110
1082
1068
1048
1028
1018
1016
1000
990
981
967
953
941
941
932
930
903
888
868
849
829
825
810
793
791
784
776
758
753
742
739
705
696
677
664
654
641
632
625
1208
1172
1160
1142
1113
1076
1067
1057
1041
1021
1014
975
944
917
910
892
887
876
868
850
837
829
815
804
797
791
778
767
752
744
733
723
721
716
704
699
698
688
679
672
669
660
646
638
633
628
628
625
623
618
1222
1214
1193
1182
1163
1145
1134
1126
1120
1095
1078
1044
1025
1017
1010
1002
992
975
962
941
926
915
905
895
872
869
852
841
839
831
821
812
801
789
773
769
759
753
746
736
729
714
700
692
685
681
676
669
665
654
1272
1230
1178
1172
1168
1141
1135
1127
1119
1110
1096
1076
1052
1021
996
978
949
919
913
898
881
863
852
846
831
814
800
785
779
766
743
734
714
708
700
681
679
670
665
656
649
642
633
627
612
601
590
576
573
563
1094
1070
1043
1032
1000
963
948
937
922
910
887
864
839
814
801
791
771
767
762
746
738
718
718
714
702
683
672
657
639
621
604
592
583
576
560
556
545
534
529
526
509
504
494
481
473
471
464
462
461
457
896
878
876
859
845
837
825
818
800
783
770
756
745
736
723
717
707
703
684
673
671
658
643
639
630
612
593
584
581
574
573
568
568
559
545
541
534
528
523
520
514
505
499
489
480
479
478
476
471
467
930
904
885
863
857
846
835
825
819
799
791
774
762
758
753
734
727
712
701
687
681
667
655
643
632
630
622
610
598
586
574
568
564
555
553
547
544
540
537
533
524
518
505
504
496
491
481
474
465
457
900
872
863
850
832
822
813
805
799
787
755
748
736
706
685
663
655
646
633
612
609
599
593
591
578
564
557
548
539
527
522
510
508
506
497
486
477
471
470
466
455
450
449
445
435
429
426
422
418
415
816
812
812
799
786
777
775
767
749
744
725
715
700
687
679
666
666
653
645
637
623
621
612
612
610
597
595
587
575
553
549
549
542
536
534
523
517
515
513
505
494
481
472
459
451
440
438
435
432
428
836
818
809
800
781
779
775
772
759
743
730
719
685
673
665
657
642
641
636
622
614
611
608
606
588
579
571
562
551
542
524
518
513
504
494
492
492
484
484
479
470
450
437
434
428
424
422
412
411
410
802
802
787
780
748
734
729
716
707
703
685
675
668
659
652
647
646
640
628
622
611
604
591
582
579
572
568
554
527
522
513
511
504
500
495
490
488
476
473
472
468
461
448
441
435
429
427
425
415
409
804
788
768
747
733
719
714
707
700
665
646
638
632
611
593
581
564
558
544
533
520
514
502
501
498
494
467
467
463
458
450
444
439
425
417
405
395
390
389
387
379
367
366
363
357
357
349
348
342
338
666
660
648
639
632
628
622
615
603
599
590
588
580
570
569
559
556
548
543
537
529
516
504
504
496
491
488
477
473
465
452
444
444
443
443
439
433
425
424
420
415
414
411
406
400
394
392
388
385
384
760
736
734
728
725
724
720
715
709
684
670
659
656
640
631
618
615
611
608
607
604
602
593
585
578
572
564
552
544
536
536
529
528
519
512
511
509
500
495
490
481
477
469
461
459
458
454
450
442
440
870
862
852
836
823
814
808
804
792
785
754
729
721
719
715
709
705
695
671
657
654
643
639
634
630
611
601
592
586
583
569
565
560
540
523
523
515
511
509
501
486
475
463
462
452
446
445
441
429
422
836
818
818
805
800
792
778
776
762
750
722
705
685
678
651
638
627
616
590
586
567
548
534
528
526
507
493
481
480
464
460
455
444
438
432
427
411
411
400
396
382
376
370
360
352
343
336
323
311
309
604
594
590
564
564
537
532
522
508
502
489
482
468
456
433
429
426
420
416
414
408
406
398
398
392
390
380
379
370
353
353
341
339
329
329
318
316
311
307
301
288
285
278
274
265
265
263
261
252
250
486
480
478
472
464
442
438
432
421
419
412
401
390
384
379
379
370
368
368
362
354
354
342
326
322
320
313
305
298
296
292
286
281
281
279
276
274
267
263
262
262
253
248
246
246
246
244
244
244
239
478
468
443
435
418
410
410
410
407
398
385
381
372
368
361
358
352
342
332
328
324
324
322
322
317
314
311
309
305
305
302
302
293
286
272
270
270
270
268
263
259
246
241
241
238
236
235
232
229
226
450
444
440
426
414
407
400
392
392
388
382
367
363
348
342
332
332
320
311
298
294
294
281
278
274
267
263
263
263
258
256
251
247
241
239
239
237
230
230
230
223
215
211
209
201
197
197
197
190
182
354
348
348
339
336
329
327
319
317
313
310
305
300
296
279
277
272
268
264
256
252
240
240
239
237
230
217
217
211
207
206
204
204
197
196
195
195
193
193
191
189
185
185
183
175
171
170
168
168
167
320
308
300
297
293
291
289
285
279
278
276
274
270
267
265
263
259
257
255
255
255
255
251
244
239
237
237
232
232
231
228
227
222
217
217
215
214
207
204
204
202
201
201
201
196
194
194
194
191
191
382
380
377
377
366
358
356
353
349
344
340
340
337
337
335
333
332
322
321
317
310
307
303
301
298
298
298
295
292
292
289
289
286
282
281
278
278
276
273
268
268
266
264
264
261
258
253
248
248
245
482
480
462
461
458
446
440
435
435
430
425
420
412
403
391
381
369
367
367
362
355
348
348
348
348
340
332
331
327
321
307
305
305
299
297
295
291
285
282
278
272
270
270
269
266
263
259
257
257
256
504
496
496
491
487
476
476
472
462
450
447
445
440
436
430
425
425
422
416
414
400
400
398
398
395
389
389
384
376
374
365
363
361
357
354
347
347
341
341
331
328
328
328
325
325
323
323
319
309
309
606
604
592
590
580
570
568
562
556
545
539
521
516
512
506
502
496
496
488
486
486
480
478
463
459
457
453
451
450
444
441
439
436
426
414
409
405
405
405
394
380
373
371
369
361
351
348
345
329
323
642
630
608
594
584
553
549
530
529
529
492
489
488
479
475
474
474
463
460
457
448
438
432
429
423
415
409
393
388
386
383
380
377
371
357
333
331
320
318
316
302
299
292
286
283
280
280
274
266
261
520
514
513
507
499
499
497
491
487
483
472
468
446
443
435
408
394
392
376
361
358
358
352
348
339
335
331
325
325
316
309
309
309
309
309
309
304
302
300
298
287
283
282
278
274
266
266
266
261
261
508
500
497
495
491
487
483
478
473
473
469
459
444
434
419
415
413
402
390
390
388
387
387
387
385
381
379
377
373
367
365
365
360
353
353
349
349
348
345
345
344
335
332
329
322
317
316
312
309
307
600
588
586
582
574
568
563
561
561
561
551
538
527
522
509
499
492
492
491
487
485
480
470
470
468
466
457
446
436
413
413
412
409
409
407
403
401
401
399
386
384
375
368
365
363
362
357
357
357
356
702
694
675
654
633
623
620
616
605
603
601
572
557
553
549
541
541
522
509
503
487
480
473
466
462
462
443
439
439
439
437
437
433
432
428
428
424
421
417
415
413
402
397
394
394
392
391
388
387
379
744
716
708
691
675
675
673
661
646
638
638
613
609
595
584
571
556
546
513
505
497
497
482
478
478
472
451
445
441
439
430
421
417
407
405
403
397
397
389
389
383
363
358
349
340
329
323
318
311
310
598
586
578
570
566
562
558
541
531
515
512
506
502
472
460
441
435
427
425
423
419
408
402
394
383
373
363
359
345
341
341
324
320
303
302
297
297
295
292
291
286
284
280
267
257
255
249
247
246
244
474
472
469
460
459
444
433
423
416
406
397
385
377
366
366
362
353
347
347
343
343
324
323
320
305
303
301
294
294
293
290
288
281
277
276
276
272
271
269
266
260
259
259
259
259
255
253
253
253
250
496
478
468
456
456
450
450
447
442
436
434
428
424
424
424
420
409
401
395
395
389
383
383
381
376
360
356
354
346
346
339
336
331
327
327
316
314
309
307
307
307
305
303
303
293
293
288
287
280
278
550
524
517
502
492
482
475
471
471
469
461
456
447
439
421
417
412
401
396
393
393
381
377
364
361
349
345
339
335
321
321
311
308
303
292
292
288
283
279
274
273
273
265
265
259
259
253
253
250
248
490
482
478
470
469
457
451
445
439
438
427
414
408
408
397
379
379
368
361
354
349
345
345
345
342
337
337
331
329
323
323
318
314
312
312
306
304
303
299
299
295
294
290
290
287
287
287
281
280
280
550
538
535
529
527
521
509
507
503
498
488
486
481
476
464
460
458
458
447
445
439
437
435
421
413
403
396
390
390
375
370
362
358
355
346
344
343
343
341
337
330
324
324
318
304
301
295
295
293
287
562
552
533
505
491
464
451
440
431
427
419
409
384
371
357
351
349
334
326
326
305
296
282
268
268
258
252
234
232
226
224
220
204
202
200
186
185
185
176
172
170
167
153
142
138
136
130
125
118
118
220
204
199
193
187
175
173
171
161
153
153
150
138
133
131
124
123
119
119
116
108
104
104
98
93
85
83
81
81
77
73
73
71
71
69
67
65
64
59
59
59
59
58
57
57
57
57
57
54
54
108
100
94
94
94
94
94
94
86
83
81
80
79
74
74
74
74
69
69
69
69
69
69
69
67
67
65
64
64
62
62
62
60
60
60
58
58
58
57
57
57
57
57
57
57
57
57
55
55
55
110
110
107
107
107
107
107
107
105
103
101
101
101
99
99
97
97
97
97
95
95
93
93
93
93
88
88
88
88
86
86
86
86
86
86
86
86
86
83
82
79
79
77
76
74
72
72
72
70
70
138
138
138
138
138
136
136
136
136
136
134
134
133
131
128
128
124
124
123
123
123
123
123
123
120
117
115
115
112
112
112
111
111
111
111
111
111
111
111
111
110
108
108
108
107
107
106
103
103
103
202
202
202
200
200
200
200
198
196
196
188
182
179
179
171
171
171
165
158
158
158
156
156
152
152
152
147
145
145
145
145
145
145
133
133
133
133
132
127
127
123
121
117
117
113
113
113
113
113
109
218
214
214
208
205
192
192
185
185
180
177
176
175
175
170
170
166
166
160
160
158
158
152
152
149
147
141
138
138
136
136
134
134
129
129
127
127
126
126
126
126
121
114
114
109
107
106
106
101
101
194
188
188
181
181
179
179
177
173
169
169
164
161
161
159
155
151
150
150
150
144
144
142
138
133
129
121
120
116
114
110
110
110
108
104
103
103
97
95
93
91
87
86
86
85
83
83
83
83
83
166
166
165
161
157
157
155
154
151
151
149
144
144
142
139
136
136
136
131
131
127
127
125
125
119
119
116
116
116
116
116
116
116
115
115
115
113
109
108
108
105
105
105
105
105
103
103
102
100
97
186
186
185
178
178
178
174
174
174
172
171
171
171
169
161
150
148
143
136
134
131
131
127
127
125
123
120
118
118
114
113
113
113
110
110
110
109
107
107
105
103
103
102
102
100
98
96
94
90
89
178
176
172
172
165
158
155
153
153
147
147
147
143
141
141
140
140
136
134
134
130
130
130
124
122
120
118
118
118
115
113
111
110
109
106
104
102
102
102
102
98
98
98
98
98
98
98
96
96
96
188
188
188
188
182
178
178
174
170
170
168
166
166
166
166
161
161
159
155
147
147
145
142
137
135
135
134
132
132
128
128
126
126
126
122
122
122
122
116
114
113
110
107
107
107
106
106
106
106
106
204
198
190
180
177
177
177
173
165
163
159
155
153
153
153
153
137
135
135
132
132
129
129
129
129
129
127
127
127
125
121
110
100
100
97
97
97
97
97
93
93
93
91
89
89
85
85
83
82
82
164
164
164
158
157
155
146
145
145
145
140
140
140
135
135
135
134
134
133
129
129
120
118
118
118
118
118
118
116
112
112
112
112
110
109
107
97
92
92
92
86
86
86
81
81
81
81
81
80
78
154
146
146
146
146
145
145
145
141
138
136
136
134
134
134
126
124
124
124
124
124
124
124
124
124
122
122
122
120
120
116
114
114
114
112
111
111
107
104
104
102
102
102
100
100
100
92
92
92
92
178
166
166
166
165
165
165
157
155
154
154
154
154
149
149
149
148
148
148
148
148
147
140
139
135
134
134
134
134
134
132
129
129
127
127
127
127
125
125
125
124
121
121
118
118
117
115
115
115
115
230
226
226
221
221
221
221
221
219
214
211
210
202
200
200
200
198
197
188
188
187
184
179
179
178
177
173
173
173
173
173
173
172
166
166
166
166
165
164
163
163
162
161
161
161
161
159
159
159
159
306
296
294
292
290
290
290
289
289
288
287
276
275
271
266
264
253
253
250
245
245
244
242
242
238
237
227
227
220
219
217
209
209
207
201
201
201
200
200
198
196
190
189
189
189
183
179
179
177
176
348
348
348
346
346
342
338
336
336
335
331
314
312
306
301
297
288
284
284
282
278
273
273
273
273
273
268
266
255
253
251
249
249
249
249
243
241
240
240
236
232
230
226
220
214
213
213
212
210
210
402
396
394
384
380
378
378
373
367
367
365
357
345
341
333
333
329
329
326
322
322
320
316
301
300
298
295
276
272
268
268
262
256
241
237
235
235
235
225
222
218
207
204
202
202
198
198
198
192
186
372
370
370
364
357
342
339
328
326
313
313
297
297
296
293
289
289
282
279
273
273
273
265
265
257
257
249
248
248
248
242
241
241
237
233
226
225
224
224
220
218
214
212
212
210
210
210
206
206
201
400
398
396
390
390
390
385
379
371
370
368
364
358
353
344
336
330
324
318
316
314
314
311
308
298
297
294
284
284
279
276
273
273
272
271
270
268
255
248
248
246
242
239
236
236
235
234
233
230
230
452
446
442
432
431
429
419
410
410
404
402
399
390
380
379
379
374
368
367
366
362
362
354
351
349
347
341
333
333
315
314
311
311
306
306
303
302
302
298
297
294
292
288
280
279
279
275
275
273
273
538
526
502
488
477
475
468
468
454
448
442
432
428
426
426
422
418
414
408
405
401
401
399
394
390
384
379
374
371
368
366
364
362
356
347
345
333
333
329
325
321
318
313
311
306
300
294
290
286
281
558
548
534
521
517
508
501
488
484
478
466
462
458
449
443
436
427
424
412
405
396
394
378
366
362
358
352
350
349
337
330
324
322
316
314
300
295
282
281
279
279
279
274
274
269
265
262
261
253
251
486
470
461
445
434
434
432
432
432
432
430
424
411
391
377
366
355
351
342
333
321
310
305
287
283
272
270
258
254
246
233
228
220
211
206
202
200
198
198
198
196
193
191
189
185
179
176
172
170
170
322
308
308
302
296
296
296
294
284
282
276
262
258
239
237
235
230
228
220
218
211
211
205
201
199
199
195
191
182
178
178
176
172
170
163
155
153
151
150
150
148
147
142
140
134
132
129
128
128
126
244
242
240
230
228
226
217
217
217
211
207
203
201
201
201
193
187
183
183
177
173
173
173
171
164
164
160
160
153
151
151
148
146
144
135
132
132
132
132
132
132
128
128
126
126
124
123
123
123
117
232
224
220
218
208
206
203
199
195
191
191
191
191
191
191
188
186
180
180
165
162
155
154
149
148
147
145
145
143
143
143
143
143
143
141
139
134
133
133
133
133
133
133
133
133
133
129
128
127
122
244
234
234
229
229
229
226
222
220
220
219
219
219
211
198
196
188
186
180
180
180
176
172
167
164
164
164
164
162
154
151
149
146
144
144
144
142
139
135
135
130
130
130
125
124
119
118
115
113
113
226
218
218
218
210
204
204
204
202
198
195
195
188
188
180
180
176
173
173
167
167
167
165
162
162
160
160
157
152
150
150
146
146
146
144
140
140
137
137
133
132
132
130
122
119
119
119
117
117
117
234
224
224
224
216
212
208
208
199
195
193
188
184
184
180
180
180
172
172
170
170
169
169
163
161
158
156
154
154
154
150
149
149
149
141
138
136
136
134
134
130
126
115
115
115
115
115
113
113
110
220
216
216
196
196
196
193
189
185
180
171
167
163
163
163
160
150
146
137
132
128
127
124
124
117
117
115
115
115
114
113
112
104
102
102
102
100
97
97
95
90
90
90
90
88
88
88
87
87
87
174
166
166
166
166
166
164
162
161
161
161
161
161
160
152
148
147
144
144
144
143
134
129
129
128
126
126
126
126
122
122
122
120
120
120
120
119
119
119
119
119
118
118
117
117
117
116
115
115
115
226
218
218
212
212
212
208
208
208
203
201
197
193
188
184
182
176
174
174
174
174
174
174
173
171
171
167
163
160
160
159
157
154
143
143
143
143
143
143
142
142
140
138
135
135
134
130
130
124
124
248
248
242
238
230
221
212
206
206
202
198
192
192
183
180
176
176
176
176
173
171
171
169
169
165
164
162
152
150
144
142
142
140
140
133
132
130
127
127
127
125
124
124
124
124
124
124
124
124
122
244
244
244
236
223
209
209
208
204
204
204
202
200
200
197
191
191
191
190
188
185
182
181
180
178
178
178
175
175
172
171
171
171
170
168
167
167
167
166
166
166
157
154
154
150
146
146
146
143
141
278
274
274
274
274
266
262
260
247
247
247
247
245
241
237
231
225
219
219
218
212
212
210
208
206
206
204
198
192
192
188
188
184
184
184
184
184
184
176
167
167
164
162
161
161
160
154
150
150
144
288
284
273
264
255
252
252
250
245
235
233
232
232
229
223
222
220
214
210
209
200
200
199
192
192
189
189
186
182
182
182
179
169
160
159
159
159
159
158
158
158
158
158
158
153
153
153
151
149
148
288
288
288
288
271
262
257
253
253
253
248
247
239
235
233
231
229
227
226
224
224
224
218
218
214
209
209
207
206
205
203
203
203
203
194
193
191
189
189
189
183
180
180
179
176
174
174
174
170
170
334
320
320
316
316
316
316
310
305
305
296
283
283
283
280
280
274
272
268
268
266
265
264
261
258
251
250
245
238
236
234
234
234
233
230
230
230
223
218
216
216
210
210
210
208
207
204
200
200
200
394
388
385
374
372
369
361
350
350
347
345
337
333
319
311
303
289
280
271
263
260
260
256
252
242
238
227
227
221
220
220
214
210
206
201
201
197
195
194
190
187
180
178
173
170
170
170
166
163
160
316
316
304
290
286
286
286
278
270
265
256
252
246
244
239
233
233
231
226
219
211
211
207
207
205
202
198
196
194
192
189
185
184
178
178
175
173
172
172
172
171
171
170
170
169
167
167
163
162
159
316
316
314
314
312
304
302
302
301
295
295
293
293
287
285
277
269
267
264
264
264
257
250
248
240
239
233
221
221
219
216
216
212
212
212
209
208
206
204
198
193
189
186
182
182
178
175
173
171
168
332
324
312
307
304
286
284
284
281
275
275
271
271
269
266
264
260
248
244
242
234
232
232
232
231
228
224
223
221
221
220
220
218
216
216
207
204
204
204
204
201
200
200
200
200
199
199
197
195
195
382
382
374
366
366
366
360
349
344
344
344
342
339
337
326
308
302
290
275
267
262
258
254
244
239
235
229
229
227
227
225
225
224
218
218
218
215
213
207
207
202
202
198
197
190
182
182
178
169
166
328
320
310
304
304
294
294
288
285
275
271
269
267
255
252
248
237
237
233
233
233
226
226
224
224
222
217
213
212
200
197
194
190
188
188
186
183
183
183
178
176
176
172
172
172
170
166
164
163
163
322
320
316
316
306
302
299
299
297
293
289
287
285
285
285
279
275
275
273
269
265
265
260
254
254
247
242
240
228
223
223
217
216
214
210
206
204
194
192
190
190
185
179
175
173
172
170
170
170
170
330
326
326
309
292
292
292
289
283
274
262
252
252
252
252
248
248
248
244
240
239
236
236
232
232
231
231
230
227
227
224
224
224
221
217
217
217
215
215
215
214
214
214
208
208
207
207
207
203
203
400
392
392
392
391
391
390
383
383
381
374
368
368
356
347
336
333
332
330
325
323
322
318
316
313
310
308
307
307
305
295
292
292
292
291
291
290
277
274
268
265
265
265
262
257
252
252
252
252
251
494
490
486
480
480
478
478
476
472
466
463
461
459
450
446
442
440
440
435
433
424
424
420
420
416
415
415
411
396
393
389
382
382
381
381
378
378
378
375
369
366
359
356
350
344
341
338
338
337
333
642
640
626
622
606
606
598
594
588
580
574
572
554
550
548
537
534
530
530
519
519
517
513
509
500
492
476
458
454
448
439
435
424
423
409
404
403
398
392
386
375
373
365
359
354
348
348
347
347
338
666
666
638
607
580
561
549
533
527
525
511
495
491
480
471
445
441
433
425
406
395
391
380
372
366
344
332
330
325
319
307
307
301
301
271
259
255
247
233
231
227
225
221
213
209
202
197
195
189
189
352
334
315
307
302
301
298
293
292
285
279
277
264
257
251
246
242
224
216
208
208
206
201
201
197
197
197
197
191
191
190
188
182
180
178
173
173
171
171
168
166
161
161
157
156
154
153
153
153
153
302
300
300
300
294
294
290
290
284
282
277
271
257
257
247
245
243
241
241
235
233
231
231
229
229
229
227
223
221
221
210
210
206
206
206
206
202
197
193
193
193
189
181
178
169
165
165
161
161
157
308
304
300
290
267
263
259
257
255
245
238
226
217
205
197
197
197
189
189
176
176
176
176
172
161
161
153
149
145
144
144
142
142
133
130
130
130
130
130
125
119
113
89
86
86
84
84
80
74
74
146
146
137
135
133
133
129
129
129
127
124
116
116
116
113
111
111
110
107
106
104
104
102
102
102
102
98
98
96
96
95
95
93
92
92
92
92
90
90
90
86
85
85
85
85
82
82
82
81
81
160
160
160
160
160
160
160
160
156
156
156
155
155
155
154
154
154
154
151
149
147
145
143
140
140
140
140
140
139
137
136
136
136
134
134
134
130
126
120
120
114
112
112
112
111
111
111
111
109
108
212
210
210
204
204
204
204
204
204
202
200
200
200
200
198
198
198
194
191
191
188
188
188
188
188
185
185
183
183
180
180
176
176
166
166
166
166
166
164
163
161
161
158
157
156
154
154
154
154
154
308
308
304
304
304
304
300
300
300
300
298
293
292
291
288
286
286
286
286
284
284
277
272
272
272
272
269
267
267
267
267
266
250
248
244
243
240
239
239
239
236
233
225
225
222
222
222
220
220
219
434
416
414
407
403
399
392
386
375
373
365
362
359
359
350
348
341
340
334
330
329
326
326
321
321
315
308
305
305
305
305
302
302
295
295
294
290
289
286
286
284
282
275
275
275
275
271
271
268
265
520
520
520
515
512
508
506
502
494
485
477
464
454
445
436
429
425
416
411
409
409
399
392
387
383
379
363
363
360
359
358
354
353
346
346
343
339
326
321
320
318
315
309
308
307
301
300
299
291
291
580
570
566
560
558
552
550
548
543
538
532
518
515
511
501
498
494
486
481
477
475
471
462
461
452
450
450
441
431
415
408
404
397
385
381
380
380
377
374
373
369
357
352
346
344
342
334
332
327
327
646
634
616
608
590
571
569
547
535
529
511
503
498
492
478
466
460
454
450
450
446
436
427
423
419
414
400
390
385
373
371
368
362
359
347
336
334
326
326
324
317
310
305
304
301
301
301
294
287
281
552
526
506
489
472
464
462
458
444
438
432
417
403
396
394
392
392
392
379
371
365
356
355
344
344
342
339
335
333
324
317
311
310
306
299
296
296
294
286
285
283
281
276
276
274
272
272
272
264
264
514
512
500
498
496
493
489
473
473
473
467
457
455
448
436
418
411
405
400
399
389
382
378
373
361
353
348
348
348
347
343
343
338
336
333
333
328
321
320
317
316
313
313
310
306
305
305
301
299
299
584
572
566
557
553
553
546
536
532
528
523
515
507
500
490
486
484
477
470
470
467
465
453
450
441
441
441
430
424
415
411
405
401
398
398
391
390
386
382
377
376
373
370
366
362
359
357
352
346
346
686
684
676
672
660
652
644
638
636
634
622
616
604
588
568
564
550
540
540
540
538
532
516
512
500
492
486
471
465
456
450
449
435
431
423
418
410
406
406
396
390
378
372
364
356
356
353
349
347
341
668
658
639
622
590
564
554
532
512
512
496
469
454
445
426
419
409
407
390
373
367
354
350
344
344
340
330
302
297
297
286
275
271
269
263
249
240
230
221
219
218
210
203
199
193
188
180
180
179
176
328
324
320
313
298
279
274
259
251
248
242
238
221
204
194
184
180
170
161
159
149
149
142
138
135
135
133
129
117
117
111
111
111
106
104
96
96
93
87
84
81
81
81
81
81
81
81
80
78
77
150
138
131
131
127
123
123
121
117
110
103
99
89
87
85
80
80
80
76
76
72
72
66
66
64
61
61
57
57
55
53
51
51
51
47
47
47
47
45
42
42
40
36
34
34
34
34
34
34
34
68
68
63
63
63
63
62
59
59
58
49
49
49
46
42
42
42
42
40
40
36
36
35
35
35
33
33
33
33
33
33
33
32
32
32
32
29
29
29
29
26
26
26
24
24
24
24
24
24
24
48
48
48
40
40
40
40
40
38
36
32
32
32
32
32
32
32
32
32
32
32
30
30
28
28
27
27
23
23
23
23
21
21
21
21
21
19
19
19
19
18
18
18
18
18
18
18
18
18
18
36
36
36
34
30
30
30
30
30
30
27
27
27
27
27
27
27
27
26
26
26
24
24
24
24
24
24
24
21
21
21
21
21
19
18
18
18
18
18
18
18
18
18
18
18
18
18
18
18
18
34
34
34
28
28
28
28
27
27
27
25
25
25
25
25
25
23
23
23
23
23
23
23
23
23
23
23
23
23
23
23
23
23
20
20
20
20
19
19
19
19
19
19
19
19
19
19
19
19
17
32
28
28
28
28
28
28
28
28
22
22
22
22
22
22
22
22
22
22
22
22
22
22
22
22
22
22
22
22
22
22
22
22
22
22
22
22
22
22
22
22
22
22
21
21
21
21
21
21
21
42
42
42
42
42
42
41
41
41
41
41
41
40
40
40
40
37
37
37
37
37
37
37
37
37
37
37
37
37
37
37
37
37
37
37
37
37
37
37
37
37
37
37
37
37
37
36
32
32
32
64
64
64
64
64
64
64
64
61
61
61
61
61
61
61
61
60
60
56
56
56
56
56
56
56
56
54
54
50
50
50
46
46
43
43
43
43
43
43
43
43
43
43
43
43
43
43
43
39
38
74
74
74
72
70
70
70
69
69
69
69
69
67
67
67
67
67
67
67
67
67
67
67
67
67
67
67
67
67
63
63
63
63
62
62
62
62
60
60
59
59
59
58
57
57
57
57
57
57
57
112
112
112
112
112
112
112
110
110
110
110
108
108
106
106
106
106
106
106
106
106
106
104
104
103
102
99
96
96
96
96
96
96
96
96
95
95
91
91
91
91
87
87
87
87
87
87
87
87
87
172
168
167
167
163
163
163
163
155
155
155
151
151
151
151
150
149
149
143
142
142
139
139
137
137
137
134
134
134
134
134
132
131
131
126
126
126
126
123
122
120
118
118
118
118
118
118
117
114
113
224
224
220
220
220
220
214
206
202
199
199
196
196
193
189
187
187
187
185
185
185
184
181
181
179
177
176
176
176
170
167
167
166
166
166
166
166
159
157
157
157
155
155
154
149
149
149
148
148
148
290
288
288
286
286
280
280
280
278
274
274
272
264
258
258
254
252
252
246
246
236
236
236
234
232
228
228
222
222
220
220
212
212
206
206
202
202
202
202
196
192
192
184
184
182
178
177
177
176
176
334
334
328
324
320
320
312
305
292
292
280
270
270
260
250
245
245
239
239
231
231
231
231
226
226
226
222
222
219
219
215
215
215
213
213
213
210
208
207
207
206
200
197
197
194
194
193
190
186
186
372
372
367
361
357
350
342
340
339
327
321
303
303
300
296
295
291
284
284
277
262
260
258
258
255
253
243
242
242
239
237
235
230
230
228
226
225
221
220
213
210
205
205
203
201
199
199
198
197
194
370
366
360
344
339
339
339
333
333
333
323
316
315
314
310
298
295
290
288
286
284
282
282
276
273
267
259
255
255
251
248
248
245
233
229
228
224
224
221
216
210
208
205
205
203
200
198
198
193
193
384
380
380
376
375
375
371
365
363
360
358
353
351
349
338
334
332
327
321
321
320
320
317
311
311
307
305
299
295
287
286
286
284
282
280
279
279
275
271
267
265
264
262
256
255
255
255
255
249
249
482
476
472
468
448
446
446
432
423
416
408
400
390
388
387
383
381
381
379
370
366
362
358
356
348
346
339
319
319
307
300
297
297
287
286
284
284
276
269
254
246
237
224
224
220
216
216
216
209
203
400
398
388
379
371
349
339
313
313
297
279
267
263
257
254
241
241
237
234
221
207
196
183
183
177
169
162
156
156
155
154
149
145
144
144
136
132
124
124
122
120
111
103
101
101
101
101
99
98
88
168
164
156
148
139
124
114
112
109
109
107
97
95
93
87
79
77
77
77
77
66
65
64
64
64
64
61
61
61
59
59
59
54
52
52
50
49
49
47
47
46
46
46
46
42
41
41
41
41
41
80
80
74
74
74
74
74
68
68
66
66
62
58
54
52
52
50
45
43
43
43
43
43
39
39
37
37
37
35
35
35
35
35
35
35
35
35
35
35
34
34
34
33
33
32
30
28
28
26
26
52
46
46
46
46
46
44
44
44
44
44
41
41
41
41
41
41
41
41
41
41
41
41
41
40
37
37
35
35
32
32
31
31
31
31
31
30
30
30
30
30
30
30
30
28
28
24
24
24
24
48
48
40
40
40
40
40
40
40
40
40
38
38
38
36
36
36
34
32
32
32
31
31
29
29
29
29
29
29
28
28
28
22
20
20
20
20
20
20
20
20
20
20
20
18
18
18
16
13
13
26
26
26
26
26
24
24
24
24
24
24
24
24
24
24
23
23
23
23
23
21
19
19
19
19
19
19
19
19
15
15
15
15
15
15
15
15
15
15
15
15
15
15
15
15
15
15
15
15
15
30
30
30
30
30
30
30
30
30
30
30
30
30
30
30
30
30
30
30
30
30
30
30
30
30
30
30
30
29
29
29
29
29
29
29
29
29
29
28
28
28
28
28
28
28
28
28
28
28
28
56
56
56
56
56
56
56
56
56
52
52
52
48
48
48
48
48
48
48
48
48
48
48
45
45
38
38
36
36
36
36
36
36
36
36
36
36
36
36
36
34
34
34
34
34
34
34
34
34
32
64
64
60
60
53
53
53
53
53
53
53
53
53
53
53
53
53
52
52
52
52
52
52
52
52
52
52
52
52
52
52
52
52
52
49
49
49
49
49
49
49
49
47
47
47
47
47
47
47
47
92
92
92
92
92
92
92
92
92
92
90
88
88
88
85
85
85
85
83
83
81
78
72
72
72
72
71
71
71
71
71
71
71
71
71
71
69
69
69
69
68
67
67
67
66
66
66
66
66
66
130
130
130
127
127
127
127
127
127
127
124
123
119
119
119
117
114
114
112
112
112
112
112
112
107
107
107
105
105
103
100
98
98
98
98
98
98
98
98
98
97
96
94
94
94
94
94
94
94
94
186
180
176
173
173
162
162
156
156
156
154
150
150
139
137
137
137
137
137
137
137
135
135
135
135
130
116
116
113
113
113
113
113
111
111
111
109
107
107
107
106
103
103
97
95
95
95
90
90
90
178
174
174
168
168
168
168
166
160
160
152
152
149
149
149
149
149
149
132
130
130
130
126
121
121
117
110
107
107
103
102
102
102
97
92
92
88
88
83
79
70
68
62
62
59
59
59
59
57
57
110
110
97
91
78
76
76
72
72
62
58
53
53
53
48
48
48
44
42
41
39
39
37
37
29
19
19
17
17
17
17
17
17
15
13
12
12
12
12
10
10
10
10
10
10
10
10
8
8
8
16
16
14
14
14
14
13
12
12
12
12
12
12
12
12
11
11
11
11
11
11
11
11
10
10
10
10
10
10
10
10
10
9
9
9
9
9
9
9
9
9
9
9
9
9
9
9
9
9
9
18
18
18
18
18
18
18
18
18
18
18
16
16
16
16
16
16
16
16
16
16
14
14
14
14
14
14
14
14
14
14
14
14
14
14
14
14
14
12
10
10
8
8
7
7
7
7
7
7
7
14
14
14
14
14
14
14
14
14
14
14
14
14
14
14
14
14
14
14
14
14
14
14
14
14
14
14
12
12
12
12
12
12
10
10
10
10
10
10
10
10
10
10
10
8
8
8
8
8
8
16
16
16
16
16
16
16
12
12
12
12
12
10
10
6
6
6
6
6
6
6
6
6
6
6
6
6
6
6
6
6
6
6
6
6
6
6
6
6
6
6
6
4
4
2
2
2
2
2
2
4
4
4
4
4
4
4
4
4
4
4
4
1
1
1
1
1
1
1
1
1
1
1
1
1
1
1
1
1
1
1
1
1
1
1
1
1
1
1
1
1
1
1
1
1
1
1
1
1
1
2
2
2
2
2
2
2
2
2
2
2
2
2
2
2
2
2
2
2
2
2
2
2
2
2
2
2
2
2
2
2
2
2
2
2
2
2
2
2
2
2
2
2
2
2
2
2
2
2
2
4
4
4
4
4
4
4
4
4
4
4
4
4
4
4
4
4
4
4
4
4
4
4
4
4
4
4
4
4
4
4
4
4
4
4
4
4
4
4
4
4
3
3
3
3
3
3
3
3
3
6
6
6
6
6
6
6
6
6
6
6
6
6
6
6
6
6
6
6
6
6
6
6
6
6
6
6
6
6
6
6
6
6
6
6
6
6
6
6
6
6
6
6
6
6
6
6
6
6
6
12
12
12
12
12
12
12
12
12
12
12
12
12
12
12
12
12
12
12
12
12
12
12
12
12
12
12
12
12
12
12
12
12
11
11
11
11
11
11
11
11
10
10
10
10
10
10
10
10
10
20
20
20
20
20
20
20
20
20
20
20
20
20
20
20
20
20
20
20
20
20
20
20
20
20
20
18
18
18
18
18
18
18
18
18
18
18
18
18
18
18
18
18
18
18
18
18
18
18
18
36
30
30
28
28
28
28
28
28
28
28
22
22
22
22
22
22
22
18
18
18
18
18
18
18
18
18
18
18
18
18
18
18
18
18
18
18
18
18
18
18
17
17
17
17
17
16
16
16
16
32
32
32
32
32
32
30
30
30
30
30
30
30
30
27
27
27
27
27
27
27
27
27
27
27
27
25
25
21
21
21
21
21
21
21
21
21
20
20
20
20
20
20
20
18
18
18
18
18
18
36
36
36
36
36
36
36
36
36
36
36
36
36
36
36
36
36
36
36
36
36
36
36
36
34
34
34
34
34
34
34
34
34
34
34
34
34
34
34
34
34
34
32
32
32
32
32
32
32
28
56
56
54
54
49
49
49
49
49
49
49
45
45
45
45
45
45
45
45
45
45
45
45
45
44
44
42
42
42
42
42
42
38
38
37
37
37
37
37
36
36
35
35
35
35
35
35
35
35
33
64
64
60
60
60
60
60
56
56
56
54
54
54
54
54
53
53
53
52
52
52
51
50
50
50
49
47
47
47
47
47
47
47
47
47
47
47
46
46
46
44
43
43
43
43
43
43
43
42
42
84
80
80
77
77
77
77
77
77
77
77
72
72
72
68
68
66
66
66
66
66
66
66
66
64
64
61
61
59
56
56
52
52
49
49
49
49
49
49
49
49
49
49
49
47
47
47
47
46
46
92
92
92
88
86
84
84
80
80
80
80
80
80
80
80
80
80
80
80
80
80
76
75
75
75
75
75
67
67
67
67
67
67
67
67
65
64
64
64
64
64
63
62
62
57
57
57
57
55
55
110
106
106
106
102
102
102
100
100
98
98
92
90
90
90
90
90
90
90
82
82
82
82
78
78
78
77
77
77
75
74
74
74
74
73
73
73
73
73
72
72
70
70
70
64
64
64
64
64
63
126
126
126
122
122
122
122
122
119
117
117
117
113
111
111
111
109
106
104
104
101
101
94
94
94
94
91
85
85
85
85
85
85
84
84
82
82
81
79
77
77
77
77
77
77
75
75
75
75
75
146
144
144
141
140
140
138
135
132
128
125
116
113
113
107
98
98
98
98
98
94
94
90
80
80
78
75
75
73
73
73
71
64
64
62
62
60
60
59
59
59
59
59
59
59
59
59
59
59
59
118
114
100
98
98
94
94
90
90
86
85
83
80
80
80
80
74
68
68
68
68
67
67
67
63
63
63
63
63
59
59
57
57
57
57
53
53
53
53
53
51
51
47
47
47
47
47
44
44
41
82
82
82
82
81
81
79
79
79
79
75
75
75
75
75
75
75
73
73
73
73
69
67
67
67
67
67
67
65
65
65
65
65
65
65
65
65
65
65
65
63
61
61
61
61
61
61
61
61
57
114
100
100
94
94
91
91
91
89
89
89
85
85
83
82
82
82
82
82
78
76
76
73
70
70
70
69
69
69
69
69
67
67
65
65
65
65
65
64
64
64
62
62
60
60
60
56
56
56
56
108
108
107
103
102
102
102
102
97
95
95
91
91
91
91
91
90
89
89
89
89
87
87
87
87
87
83
81
81
81
79
79
77
77
77
77
77
77
77
77
77
77
77
77
77
77
77
77
77
77
152
152
152
148
148
148
148
130
130
130
130
126
124
124
120
120
118
118
115
115
113
113
109
109
109
109
109
105
101
97
97
97
97
94
92
92
92
87
87
83
81
79
75
75
71
71
69
67
67
67
134
122
118
116
115
115
115
110
110
105
105
103
99
97
96
92
81
80
80
78
78
78
78
77
75
75
74
74
72
72
72
72
72
72
72
72
72
70
70
70
69
67
66
66
64
64
64
64
64
64
128
128
127
123
123
123
123
120
120
120
118
114
114
112
108
108
108
108
108
100
100
100
100
100
100
98
98
98
95
94
94
94
94
93
93
93
93
93
93
93
91
91
88
86
85
85
85
83
81
81
162
160
160
158
147
147
144
144
144
144
144
144
142
139
139
135
135
135
127
127
125
125
123
123
123
117
109
106
104
103
99
97
97
97
97
97
97
97
97
97
97
95
95
91
82
82
80
80
76
76
142
142
142
138
134
133
133
130
129
126
124
124
109
109
109
109
109
109
109
106
102
102
102
102
102
102
98
96
96
96
93
93
90
88
85
84
84
78
78
77
76
74
74
74
74
74
74
70
70
70
140
140
140
134
128
124
124
124
124
122
119
111
111
111
111
108
108
108
105
105
100
100
94
92
89
85
85
85
85
85
83
83
83
82
82
76
76
74
74
71
71
65
65
65
65
65
65
65
64
64
128
128
124
124
124
124
124
124
124
122
118
118
118
117
117
112
110
104
104
104
101
101
99
95
94
88
82
82
82
80
80
80
76
76
76
76
76
76
76
72
72
72
72
72
72
70
67
67
67
67
128
126
119
117
117
117
113
113
113
113
111
111
107
101
101
93
93
80
80
80
80
76
76
76
76
72
72
70
68
68
68
62
59
54
54
54
50
50
50
50
50
50
46
46
46
46
46
44
44
44
88
88
88
88
80
76
74
70
70
70
70
68
62
62
62
62
62
62
62
54
54
53
41
41
41
41
41
41
41
39
39
39
39
39
39
39
39
31
31
31
29
27
26
24
23
23
20
20
20
20
40
36
36
36
36
32
26
22
22
22
20
20
16
16
16
16
14
14
14
14
14
14
12
12
12
12
11
11
9
9
9
9
9
9
9
9
8
8
8
8
6
6
6
6
6
6
6
6
6
6
12
8
8
8
8
8
8
8
8
8
8
8
8
8
8
8
8
8
8
7
7
7
7
7
7
7
7
7
7
7
7
7
7
7
7
7
7
7
7
7
7
7
7
7
7
7
7
7
7
7
14
14
14
14
14
14
14
14
14
14
14
14
14
14
12
12
12
10
10
10
10
10
10
10
10
10
10
10
10
10
10
10
10
10
10
10
10
10
10
10
10
10
10
10
9
7
7
7
7
7
14
14
14
14
14
14
14
14
14
14
14
14
14
14
13
13
13
13
13
13
13
13
13
13
13
13
13
11
5
5
5
5
5
5
5
5
5
5
5
5
5
5
5
5
4
4
4
4
4
4
8
8
8
8
8
8
8
8
8
8
8
8
8
8
8
8
8
8
8
4
4
4
4
4
4
4
4
2
2
2
2
2
2
2
2
2
2
2
2
2
2
2
0
0
0
0
0
0
0
0
0
0
0
0
0
0
0
0
0
0
0
0
0
0
0
0
0
0
0
0
0
0
0
0
0
0
0
0
0
0
0
0
0
0
0
0
0
0
0
0
0
0
0
0
0
0
0
0
0
0
0
0
0
0
0
0
0
0
0
0
0
0
0
0
0
0
0
0
0
0
0
0
0
0
0
0
0
0
0
0
0
0
0
0
0
0
0
0
0
0
0
0
0
0
0
0
0
0
0
0
0
0
0
0
0
0
0
0
0
0
0
0
0
0
0
0
0
0
0
0
0
0
0
0
0
0
0
0
0
0
0
0
0
0
0
0
0
0
0
0
0
0
0
0
0
0
0
0
0
0
0
0
0
0
0
0
0
0
0
0
0
0
0
0
0
0
0
0
0
0
0
0
0
0
0
0
0
0
0
0
0
0
0
0
0
0
0
0
0
0
0
0
0
0
0
0
0
0
0
0
0
0
0
0
0
0
0
0
0
0
0
0
0
0
0
0
0
0
0
0
0
0
0
0
0
0
0
0
0
0
0
0
0
0
0
0
0
0
0
0
0
0
0
0
0
0
0
0
0
0
0
0
0
0
0
0
0
0
0
0
0
0
0
0
0
0
0
0
0
0
0
0
0
0
0
0
0
0
0
0
0
0
0
0
0
0
0
0
0
0
0
0
0
0
0
0
0
0
0
0
0
0
0
0
0
0
0
0
0
0
0
0
0
0
0
0
0
0
0
0
0
0
0
0
0
0
0
0
0
0
0
0
0
0
0
0
0
0
0
0
0
0
0
0
0
0
0
0
0
0
0
0
0
0
0
0
0
0
0
0
0
0
0
0
0
0
0
0
0
0
0
0
0
0
0
0
0
0
0
0
0
0
0
0
0
0
0
0
0
0
0
0
0
0
0
0
0
0
0
0
0
0
0
0
0
0
0
0
0
0
0
0
0
0
0
0
0
0
0
0
0
0
0
0
0
0
0
0
0
0
0
0
0
0
0
0
0
0
0
0
0
0
0
0
0
0
0
0
0
0
0
0
0
0
0
0
0
0
0
0
0
0
0
0
0
0
0
0
0
0
0
0
0
0
0
0
0
0
0
0
0
0
0
0
0
0
0
0
0
0
0
0
0
0
0
0
0
0
0
0
0
0
0
0
0
0
0
0
0
0
0
0
0
0
0
0
0
0
0
0
0
0
0
0
0
0
0
0
0
0
0
0
0
0
0
0
0
0
0
0
0
0
0
0
0
0
0
0
0
0
0
0
0
0
0
0
0
0
0
0
0
0
0
0
0
0
0
0
0
0
0
0
0
0
0
0
0
0
0
0
0
0
0
0
0
0
0
0
0
0
0
0
0
0
0
0
0
0
0
0
0
0
0
0
0
0
0
0
0
0
0
0
0
0
0
0
0
0
0
0
0
0
0
0
0
0
0
0
0
0
0
0
0
0
0
0
0
0
0
0
0
0
0
0
0
0
0
0
0
0
0
0
0
0
0
0
0
0
0
0
0
0
0
0
0
0
0
0
0
0
0
0
0
0
0
0
0
0
0
0
0
0
0
0
0
0
0
0
0
0
0
0
0
0
0
0
0
0
0
0
0
0
0
0
0
0
0
0
0
0
0
0
0
0
0
0
0
0
0
0
0
0
0
0
0
0
0
0
0
0
0
0
0
0
0
0
0
0
0
0
0
0
0
0
0
0
0
0
0
0
0
0
0
0
0
0
0
0
0
0
0
0
0
0
0
0
0
0
0
0
0
0
0
0
0
0
0
0
0
0
0
0
0
0
0
0
0
0
0
0
0
0
0
0
0
0
0
0
0
0
0
0
0
0
0
0
0
0
0
0
0
0
0
0
0
0
0
0
0
0
0
0
0
0
0
0
0
0
0
0
0
0
0
0
0
0
0
0
0
0
0
0
0
0
0
0
0
0
0
0
0
0
0
0
0
0
0
0
0
0
0
0
0
0
0
0
0
0
0
0
0
0
0
0
0
0
0
0
0
0
0
0
0
0
0
0
0
0
0
0
0
0
0
0
0
0
0
0
0
0
0
0
0
0
0
0
0
0
0
0
0
0
0
0
0
0
0
0
0
0
0
0
0
0
0
0
0
0
0
0
0
0
0
0
0
0
0
0
0
0
0
0
0
0
0
0
0
0
0
0
0
0
0
0
0
0
0
0
0
0
0
0
0
0
0
0
0
0
0
0
0
0
0
0
0
0
0
0
0
0
0
0
0
0
0
0
0
0
0
0
0
0
0
0
0
0
0
0
0
0
0
0
0
0
0
0
0
0
0
0
0
0
0
0
0
0
0
0
0
0
0
0
0
0
0
0
0
0
0
0
0
0
0
0
0
0
0
0
0
0
0
0
0
0
0
0
0
0
0
0
0
0
0
0
0
0
0
0
0
0
0
0
0
0
0
0
0
0
0
0
0
0
0
0
0
0
0
0
0
0
0
0
0
0
0
0
0
0
0
0
0
0
0
0
0
0
0
0
0
0
0
0
0
0
0
0
0
0
0
0
0
0
0
0
0
0
0
0
0
0
0
0
0
0
0
0
0
0
0
0
0
0
0
0
0
0
0
0
0
0
0
0
0
0
0
0
0
0
0
0
0
0
0
0
0
0
0
0
0
0
0
0
0
0
0
0
0
0
0
0
0
0
0
0
0
0
0
0
0
0
0
0
0
0
0
0
0
0
0
0
0
0
0
0
0
0
0
0
0
0
0
0
0
0
0
0
0
0
0
0
0
0
0
0
0
0
0
0
0
0
0
0
0
0
0
0
0
0
0
0
0
0
0
0
0
0
0
0
0
0
0
0
0
0
0
0
0
0
0
0
0
0
0
0
0
0
0
0
0
0
0
0
0
0
0
0
0
0
0
0
0
0
0
0
0
0
0
0
0
0
0
0
0
0
0
0
0
0
0
0
0
0
0
0
0
0
0
0
0
0
0
0
0
0
0
0
0
0
0
0
0
0
0
0
0
0
0
0
0
0
0
0
0
0
0
0
0
0
0
0
0
0
0
0
0
0
0
0
0
0
0
0
0
0
0
0
0
0
0
0
0
0
0
0
0
0
0
0
0
0
0
0
0
0
0
0
0
0
0
0
0
0
0
0
0
0
0
0
0
0
0
0
0
0
0
0
0
0
0
0
0
0
0
0
0
0
0
0
0
0
0
0
0
0
0
0
0
0
0
0
0
0
0
0
0
0
0
0
0
0
0
0
0
0
0
0
0
0
0
0
0
0
0
0
0
0
0
0
0
0
0
0
0
0
0
0
0
0
0
0
0
0
0
0
0
0
0
0
0
0
0
0
0
0
0
0
0
0
0
0
0
0
0
0
0
0
0
0
0
0
0
0
0
0
0
0
0
0
0
0
0
0
0
0
0
0
0
0
0
0
0
0
0
0
0
0
0
0
0
0
0
0
0
0
0
0
0
0
0
0
0
0
0
0
0
0
0
0
0
0
0
0
0
0
0
0
0
0
0
0
0
0
0
0
0
0
0
0
0
0
0
0
0
0
0
0
0
0
0
0
0
0
0
0
0
0
0
0
0
0
0
0
0
0
0
0
0
0
0
0
0
0
0
0
0
0
0
0
0
0
0
0
0
0
0
0
0
0
0
0
0
0
0
0
0
0
0
0
0
0
0
0
0
0
0
0
0
0
0
0
0
0
0
0
0
0
0
0
0
0
0
0
0
0
0
0
0
0
0
0
0
0
0
0
0
0
0
0
0
0
0
0
0
0
0
0
0
0
0
0
0
0
0
0
0
0
0
0
0
0
0
0
0
0
0
0
0
0
0
0
0
0
0
0
0
0
0
0
0
0
0
0
0
0
0
0
0
0
0
0
0
0
0
0
0
0
0
0
0
0
0
0
0
0
0
0
0
0
0
0
0
0
0
0
0
0
0
0
0
0
0
0
0
0
0
0
0
0
0
0
0
0
0
0
0
0
0
0
0
0
0
0
0
0
0
0
0
0
0
0
0
0
0
0
0
0
0
0
0
0
0
0
0
0
0
0
0
0
0
0
0
0
0
0
0
0
0
0
0
0
0
0
0
0
0
0
0
0
0
0
0
0
0
0
0
0
0
0
0
0
0
0
0
0
0
0
0
0
0
0
0
0
0
0
0
0
0
0
0
0
0
0
0
0
0
0
0
0
0
0
0
0
0
0
0
0
0
0
0
0
0
0
0
0
0
0
0
0
0
0
0
0
0
0
0
0
0
0
0
0
0
0
0
0
0
0
0
0
0
0
0
0
0
0
0
0
0
0
0
0
0
0
0
0
0
0
0
0
0
0
0
0
0
0
0
0
0
0
0
0
0
0
0
0
0
0
0
0
0
0
0
0
0
0
0
0
0
0
0
0
0
0
0
0
0
0
0
0
0
0
0
0
0
0
0
0
0
0
0
0
0
0
0
0
0
0
0
0
0
0
0
0
0
0
0
0
0
0
0
0
0
0
0
0
0
0
0
0
0
0
0
0
0
0
0
0
0
0
0
0
0
0
0
0
0
0
0
0
0
0
0
0
0
0
0
0
0
0
0
0
0
0
0
0
0
0
0
0
0
0
0
0
0
0
0
0
0
0
0
0
0
0
0
0
0
0
0
0
0
0
0
0
0
0
0
0
0
0
0
0
0
0
0
0
0
0
0
0
0
0
0
0
0
0
0
0
0
0
0
0
0
0
0
0
0
0
0
0
0
0
0
0
0
0
0
0
0
0
0
0
0
0
0
0
0
0
0
0
0
0
0
0
0
0
0
0
0
0
0
0
0
0
0
0
0
0
0
0
0
0
0
0
0
0
0
0
0
0
0
0
0
0
0
0
0
0
0
0
0
0
0
0
0
0
0
0
0
0
0
0
0
0
0
0
0
0
0
0
0
0
0
0
0
0
0
0
0
0
0
0
0
0
0
0
0
0
0
0
0
0
0
0
0
0
0
0
0
0
0
0
0
0
0
0
0
0
0
0
0
0
0
0
0
0
0
0
0
0
0
0
0
0
0
0
0
0
0
0
0
0
0
0
0
0
0
0
0
0
0
0
0
0
0
0
0
0
0
0
0
0
0
0
0
0
0
0
0
0
0
0
0
0
0
0
0
0
0
0
0
0
0
0
0
0
0
0
0
0
0
0
0
0
0
0
0
0
0
0
0
0
0
0
0
0
0
0
0
0
0
0
0
0
0
0
0
0
0
0
0
0
0
0
0
0
0
0
0
0
0
0
0
0
0
0
0
0
0
0
0
0
0
0
0
0
0
0
0
0
0
0
0
0
0
0
0
0
0
0
0
0
0
0
0
0
0
0
0
0
0
0
0
0
0
0
0
0
0
0
0
0
0
0
0
0
0
0
0
0
0
0
0
0
0
0
0
0
0
0
0
0
0
0
0
0
0
0
0
0
0
0
0
0
0
0
0
0
0
0
0
0
0
0
0
0
0
0
0
0
0
0
0
0
0
0
0
0
0
0
0
0
0
0
0
0
0
0
0
0
0
0
0
0
0
0
0
0
0
0
0
0
0
0
0
0
0
0
0
0
0
0
0
0
0
0
0
0
0
0
0
0
0
0
0
0
0
0
0
0
0
0
0
0
0
0
0
0
0
0
0
0
0
0
0
0
0
0
0
0
0
0
0
0
0
0
0
0
0
0
0
0
0
0
0
0
0
0
0
0
0
0
0
0
0
0
0
0
0
0
0
0
0
0
0
0
0
0
0
0
0
0
0
0
0
0
0
0
0
0
0
0
0
0
0
0
0
0
0
0
0
0
0
0
0
0
0
0
0
0
0
0
0
0
0
0
0
0
0
0
0
0
0
0
0
0
0
0
0
0
0
0
0
0
0
0
0
0
0
0
0
0
0
0
0
0
0
0
0
0
0
0
0
0
0
0
0
0
0
0
0
0
0
0
0
0
0
0
0
0
0
0
0
0
0
0
0
0
0
0
0
0
0
0
0
0
0
0
0
0
0
0
0
0
0
0
0
0
0
0
0
0
0
0
0
0
0
0
0
0
0
0
0
0
0
0
0
0
0
0
0
0
0
0
0
0
0
0
0
0
0
0
0
0
0
0
0
0
0
0
0
0
0
0
0
0
0
0
0
0
0
0
0
0
0
0
0
0
0
0
0
0
0
0
0
0
0
0
0
0
0
0
0
0
0
0
0
0
0
0
0
0
0
0
0
0
0
0
0
0
0
0
0
0
0
0
0
0
0
0
0
0
0
0
0
0
0
0
0
0
0
0
0
0
0
0
0
0
0
0
0
0
0
0
0
0
0
0
0
0
0
0
0
0
0
0
0
0
0
0
0
0
0
0
0
0
0
0
0
0
0
0
0
0
0
0
0
0
0
0
0
0
0
0
0
0
0
0
0
0
0
0
0
0
0
0
0
0
0
0
0
0
0
0
0
0
0
0
0
0
0
0
0
0
0
0
0
0
0
0
0
0
0
0
0
0
0
0
0
0
0
0
0
0
0
0
0
0
0
0
0
0
0
0
0
0
0
0
0
0
0
0
0
0
0
0
0
0
0
0
0
0
0
0
0
0
0
0
0
0
0
0
0
0
0
0
0
0
0
0
0
0
0
0
0
0
0
0
0
0
0
0
0
0
0
0
0
0
0
0
0
0
0
0
0
0
0
0
0
0
0
0
0
0
0
0
0
0
0
0
0
0
0
0
0
0
0
0
0
0
0
0
0
0
0
0
0
0
0
0
0
0
0
0
0
0
0
0
0
0
0
0
0
0
0
0
0
0
0
0
0
0
0
0
0
0
0
0
0
0
0
0
0
0
0
0
0
0
0
0
0
0
0
0
0
0
0
0
0
0
0
0
0
0
0
0
0
0
0
0
0
0
0
0
0
0
0
0
0
0
0
0
0
0
0
0
0
0
0
0
0
0
0
0
0
0
0
0
0
0
0
0
0
0
0
0
0
0
0
0
0
0
0
0
0
0
0
0
0
0
0
0
0
0
0
0
0
0
0
0
0
0
0
0
0
0
0
0
0
0
0
0
0
0
0
0
0
0
0
0
0
0
0
0
0
0
0
0
0
0
0
0
0
0
0
0
0
0
0
0
0
0
0
0
0
0
0
0
0
0
0
0
0
0
0
0
0
0
0
0
0
0
0
0
0
0
0
0
0
0
0
0
0
0
0
0
0
0
0
0
0
0
0
0
0
0
0
0
0
0
0
0
0
0
0
0
0
0
0
0
0
0
0
0
0
0
0
0
0
0
0
0
0
0
0
0
0
0
0
0
0
0
0
0
0
0
0
0
0
0
0
0
0
0
0
0
0
0
0
0
0
0
0
0
0
0
0
0
0
0
0
0
0
0
0
0
0
0
0
0
0
0
0
0
0
0
0
0
0
0
0
0
0
0
0
0
0
0
0
0
0
0
0
0
0
0
0
0
0
0
0
0
0
0
0
0
0
0
0
0
0
0
0
0
0
0
0
0
0
0
0
0
0
0
0
0
0
0
0
0
0
0
0
0
0
0
0
0
0
0
0
0
0
0
0
0
0
0
0
0
0
0
0
0
0
0
0
0
0
0
0
0
0
0
0
0
0
0
0
0
0
0
0
0
0
0
0
0
0
0
0
0
0
0
0
0
0
0
0
0
0
0
0
0
0
0
0
0
0
0
0
0
0
0
0
0
0
0
0
0
0
0
0
0
0
0
0
0
0
0
0
0
0
0
0
0
0
0
0
0
0
0
0
0
0
0
0
0
0
0
0
0
0
0
0
0
0
0
0
0
0
0
0
0
0
0
0
0
0
0
0
0
0
0
0
0
0
0
0
0
0
0
0
0
0
0
0
0
0
0
0
0
0
0
0
0
0
0
0
0
0
0
0
0
0
0
0
0
0
0
0
0
0
0
0
0
0
0
0
0
0
0
0
0
0
0
0
0
0
0
0
0
0
0
0
0
0
0
0
0
0
0
0
0
0
0
0
0
0
0
0
0
0
0
0
0
0
0
0
0
0
0
0
0
0
0
0
0
0
0
0
0
0
0
0
0
0
0
0
0
0
0
0
0
0
0
0
0
0
0
0
0
0
0
0
0
0
0
0
0
0
0
0
0
0
0
0
0
0
0
0
0
0
0
0
0
0
0
0
0
0
0
0
0
0
0
0
0
0
0
0
0
0
0
0
0
0
0
0
0
0
0
0
0
0
0
0
0
0
0
0
0
0
0
0
0
0
0
0
0
0
0
0
0
0
0
0
0
0
0
0
0
0
0
0
0
0
0
0
0
0
0
0
0
0
0
0
0
0
0
0
0
0
0
0
0
0
0
0
0
0
0
0
0
0
0
0
0
0
0
0
0
0
0
0
0
0
0
0
0
0
0
0
0
0
0
0
0
0
0
0
0
0
0
0
0
0
0
0
0
0
0
0
0
0
0
0
0
0
0
0
0
0
0
0
0
0
0
0
0
0
0
0
0
0
0
0
0
0
0
0
0
0
0
0
0
0
0
0
0
0
0
0
0
0
0
0
0
0
0
0
0
0
0
0
0
0
0
0
0
0
0
0
0
0
0
0
0
0
0
0
0
0
0
0
0
0
0
0
0
0
0
0
0
0
0
0
0
0
0
0
0
0
0
0
0
0
0
0
0
0
0
0
0
0
0
0
0
0
0
0
0
0
0
0
0
0
0
0
0
0
0
0
0
0
0
0
0
0
0
0
0
0
0
0
0
0
0
0
0
0
0
0
0
0
0
0
0
0
0
0
0
0
0
0
0
0
0
0
0
0
0
0
0
0
0
0
0
0
0
0
0
0
0
0
0
0
0
0
0
0
0
0
0
0
0
0
0
0
0
0
0
0
0
0
0
0
0
0
0
0
0
0
0
0
0
0
0
0
0
0
0
0
0
0
0
0
0
0
0
0
0
0
0
0
0
0
0
0
0
0
0
0
0
0
0
0
0
0
0
0
0
0
0
0
0
0
0
0
0
0
0
0
0
0
0
0
0
0
0
0
0
0
0
0
0
0
0
0
0
0
0
0
0
0
0
0
0
0
0
0
0
0
0
0
0
0
0
0
0
0
0
0
0
0
0
0
0
0
0
0
0
0
0
0
0
0
0
0
0
0
0
0
0
0
0
0
0
0
0
0
0
0
0
0
0
0
0
0
0
0
0
0
0
0
0
0
0
0
0
0
0
0
0
0
0
0
0
0
0
0
0
0
0
0
0
0
0
0
0
0
0
0
0
0
0
0
0
0
0
0
0
0
0
0
0
0
0
0
0
0
0
0
0
0
0
0
0
0
0
0
0
0
0
0
0
0
0
0
0
0
0
0
0
0
0
0
0
0
0
0
0
0
0
0
0
0
0
0
0
0
0
0
0
0
0
0
0
0
0
0
0
0
0
0
0
0
0
0
0
0
0
0
0
0
0
0
0
0
0
0
0
0
0
0
0
0
0
0
0
0
0
0
0
0
0
0
0
0
0
0
0
0
0
0
0
0
0
0
0
0
0
0
0
0
0
0
0
0
0
0
0
0
0
0
0
0
0
0
0
0
0
0
0
0
0
0
0
0
0
0
0
0
0
0
0
0
0
0
0
0
0
0
0
0
0
0
0
0
0
0
0
0
0
0
0
0
0
0
0
0
0
0
0
0
0
0
0
0
0
0
0
0
0
0
0
0
0
0
0
0
0
0
0
0
0
0
0
0
0
0
0
0
0
0
0
0
0
0
0
0
0
0
0
0
0
0
0
0
0
0
0
0
0
0
0
0
0
0
0
0
0
0
0
0
0
0
0
0
0
0
0
0
0
0
0
0
0
0
0
0
0
0
0
0
0
0
0
0
0
0
0
0
0
0
0
0
0
0
0
0
0
0
0
0
0
0
0
0
0
0
0
0
0
0
0
0
0
0
0
0
0
0
0
0
0
0
0
0
0
0
0
0
0
0
0
0
0
0
0
0
0
0
0
0
0
0
0
0
0
0
0
0
0
0
0
0
0
0
0
0
0
0
0
0
0
0
0
0
0
0
0
0
0
0
0
0
0
0
0
0
0
0
0
0
0
0
0
0
0
0
0
0
0
0
0
0
0
0
0
0
0
0
0
0
0
0
0
0
0
0
0
0
0
0
0
0
0
0
0
0
0
0
0
0
0
0
0
0
0
0
0
0
0
0
0
0
0
0
0
0
0
0
0
0
0
0
0
0
0
0
0
0
0
0
0
0
0
0
0
0
0
0
0
0
0
0
0
0
0
0
0
0
0
0
0
0
0
0
0
0
0
0
0
0
0
0
0
0
0
0
0
0
0
0
0
0
0
0
0
0
0
0
0
0
0
0
0
0
0
0
0
0
0
0
0
0
0
0
0
0
0
0
0
0
0
0
0
0
0
0
0
0
0
0
0
0
0
0
0
0
0
0
0
0
0
0
0
0
0
0
0
0
0
0
0
0
0
0
0
0
0
0
0
0
0
0
0
0
0
0
0
0
0
0
0
0
0
0
0
0
0
0
0
0
0
0
0
0
0
0
0
0
0
0
0
0
0
0
0
0
0
0
0
0
0
0
0
0
0
0
0
0
0
0
0
0
0
0
0
0
0
0
0
0
0
0
0
0
0
0
0
0
0
0
0
0
0
0
0
0
0
0
0
0
0
0
0
0
0
0
0
0
0
0
0
0
0
0
0
0
0
0
0
0
0
0
0
0
0
0
0
0
0
0
0
0
0
0
0
0
0
0
0
0
0
0
0
0
0
0
0
0
0
0
0
0
0
0
0
0
0
0
0
0
0
0
0
0
0
0
0
0
0
0
0
0
0
0
0
0
0
0
0
0
0
0
0
0
0
0
0
0
0
0
0
0
0
0
0
0
0
0
0
0
0
0
0
0
0
0
0
0
0
0
0
0
0
0
0
0
0
0
0
0
0
0
0
0
0
0
0
0
0
0
0
0
0
0
0
0
0
0
0
0
0
0
0
0
0
0
0
0
0
0
0
0
0
0
0
0
0
0
0
0
0
0
0
0
0
0
0
0
0
0
0
0
0
0
0
0
0
0
0
0
0
0
0
0
0
0
0
0
0
0
0
0
0
0
0
0
0
0
0
0
0
0
0
0
0
0
0
0
0
0
0
0
0
0
0
0
0
0
0
0
0
0
0
0
0
0
0
0
0
0
0
0
0
0
0
0
0
0
0
0
0
0
0
0
0
0
0
0
0
0
0
0
0
0
0
0
0
0
0
0
0
0
0
0
0
0
0
0
0
0
0
0
0
0
0
0
0
0
0
0
0
0
0
0
0
0
0
0
0
0
0
0
0
0
0
0
0
0
0
0
0
0
0
0
0
0
0
0
0
0
0
0
0
0
0
0
0
0
0
0
0
0
0
0
0
0
0
0
0
0
0
0
0
0
0
0
0
0
0
0
0
0
0
0
0
0
0
0
0
0
0
0
0
0
0
0
0
0
0
0
0
0
0
0
0
0
0
0
0
0
0
0
0
0
0
0
0
0
0
0
0
0
0
0
0
0
0
0
0
0
0
0
0
0
0
0
0
0
0
0
0
0
0
0
0
0
0
0
0
0
0
0
0
0
0
0
0
0
0
0
0
0
0
0
0
0
0
0
0
0
0
0
0
0
0
0
0
0
0
0
0
0
0
0
0
0
0
0
0
0
0
0
0
0
0
0
0
0
0
0
0
0
0
0
0
0
0
0
0
0
0
0
0
0
0
0
0
0
0
0
0
0
0
0
0
0
0
0
0
0
0
0
0
0
0
0
0
0
0
0
0
0
0
0
0
0
0
0
0
0
0
0
0
0
0
0
0
0
0
0
0
0
0
0
0
0
0
0
0
0
0
0
0
0
0
0
0
0
0
0
0
0
0
0
0
0
0
0
0
0
0
0
0
0
0
0
0
0
0
0
0
0
0
0
0
0
0
0
0
0
0
0
0
0
0
0
0
0
0
0
0
0
0
0
0
0
0
0
0
0
0
0
0
0
0
0
0
0
0
0
0
0
0
0
0
0
0
0
0
0
0
0
0
0
0
0
0
0
0
0
0
0
0
0
0
0
0
0
0
0
0
0
0
0
0
0
0
0
0
0
0
0
0
0
0
0
0
0
0
0
0
0
0
0
0
0
0
0
0
0
0
0
0
0
0
0
0
0
0
0
0
0
0
0
0
0
0
0
0
0
0
0
0
0
0
0
0
0
0
0
0
0
0
0
0
0
0
0
0
0
0
0
0
0
0
0
0
0
0
0
0
0
0
0
0
0
0
0
0
0
0
0
0
0
0
0
0
0
0
0
0
0
0
0
0
0
0
0
0
0
0
0
0
0
0
0
0
0
0
0
0
0
0
0
0
0
0
0
0
0
0
0
0
0
0
0
0
0
0
0
0
0
0
0
0
0
0
0
0
0
0
0
0
0
0
0
0
0
0
0
0
0
0
0
0
0
0
0
0
0
0
0
0
0
0
0
0
0
0
0
0
0
0
0
0
0
0
0
0
0
0
0
0
0
0
0
0
0
0
0
0
0
0
0
0
0
0
0
0
0
0
0
0
0
0
0
0
0
0
0
0
0
0
0
0
0
0
0
0
0
0
0
0
0
0
0
0
0
0
0
0
0
0
0
0
0
0
0
0
0
0
0
0
0
0
0
0
0
0
0
0
0
0
0
0
0
0
0
0
0
0
0
0
0
0
0
0
0
0
0
0
0
0
0
0
0
0
0
0
0
0
0
0
0
0
0
0
0
0
0
0
0
0
0
0
0
0
0
0
0
0
0
0
0
0
0
0
0
0
0
0
0
0
0
0
0
0
0
0
0
0
0
0
0
0
0
0
0
0
0
0
0
0
0
0
0
0
0
0
0
0
0
0
0
0
0
0
0
0
0
0
0
0
0
0
0
0
0
0
0
0
0
0
0
0
0
0
0
0
0
0
0
0
0
0
0
0
0
0
0
0
0
0
0
0
0
0
0
0
0
0
0
0
0
0
0
0
0
0
0
0
0
0
0
0
0
0
0
0
0
0
0
0
0
0
0
0
0
0
0
0
0
0
0
0
0
0
0
0
0
0
0
0
0
0
0
0
0
0
0
0
0
0
0
0
0
0
0
0
0
0
0
0
0
0
0
0
0
0
0
0
0
0
0
0
0
0
0
0
0
0
0
0
0
0
0
0
0
0
0
0
0
0
0
0
0
0
0
0
0
0
0
0
0
0
0
0
0
0
0
0
0
0
0
0
0
0
0
0
0
0
0
0
0
0
0
0
0
0
0
0
0
0
0
0
0
0
0
0
0
0
0
0
0
0
0
0
0
0
0
0
0
0
0
0
0
0
0
0
0
0
0
0
0
0
0
0
0
0
0
0
0
0
0
0
0
0
0
0
0
0
0
0
0
0
0
0
0
0
0
0
0
0
0
0
0
0
0
0
0
0
0
0
0
0
0
0
0
0
0
0
0
0
0
0
0
0
0
0
0
0
0
0
0
0
0
0
0
0
0
0
0
0
0
0
0
0
0
0
0
0
0
0
0
0
0
0
0
0
0
0
0
0
0
0
0
0
0
0
0
0
0
0
0
0
0
0
0
0
0
0
0
0
0
0
0
0
0
0
0
0
0
0
0
0
0
0
0
0
0
0
0
0
0
0
0
0
0
0
0
0
0
0
0
0
0
0
0
0
0
0
0
0
0
0
0
0
0
0
0
0
0
0
0
0
0
0
0
0
0
0
0
0
0
0
0
0
0
0
0
0
0
0
0
0
0
0
0
0
0
0
0
0
0
0
0
0
0
0
0
0
0
0
0
0
0
0
0
0
0
0
0
0
0
0
0
0
0
0
0
0
0
0
0
0
0
0
0
0
0
0
0
0
0
0
0
0
0
0
0
0
0
0
0
0
0
0
0
0
0
0
0
0
0
0
0
0
0
0
0
0
0
0
0
0
0
0
0
0
0
0
0
0
0
0
0
0
0
0
0
0
0
0
0
0
0
0
0
0
0
0
0
0
0
0
0
0
0
0
0
0
0
0
0
0
0
0
0
0
0
0
0
0
0
0
0
0
0
0
0
0
0
0
0
0
0
0
0
0
0
0
0
0
0
0
0
0
0
0
0
0
0
0
0
0
0
0
0
0
0
0
0
0
0
0
0
0
0
0
0
0
0
0
0
0
0
0
0
0
0
0
0
0
0
0
0
0
0
0
0
0
0
0
0
0
0
0
0
0
0
0
0
0
0
0
0
0
0
0
0
0
0
0
0
0
0
0
0
0
0
0
0
0
0
0
0
0
0
0
0
0
0
0
0
0
0
0
0
0
0
0
0
0
0
0
0
0
0
0
0
0
0
0
0
0
0
0
0
0
0
0
0
0
0
0
0
0
0
0
0
0
0
0
0
0
0
0
0
0
0
0
0
0
0
0
0
0
0
0
0
0
0
0
0
0
0
0
0
0
0
0
0
0
0
0
0
0
0
0
0
0
0
0
0
0
0
0
0
0
0
0
0
0
0
0
0
0
0
0
0
0
0
0
0
0
0
0
0
0
0
0
0
0
0
0
0
0
0
0
0
0
0
0
0
0
0
0
0
0
0
0
0
0
0
0
0
0
0
0
0
0
0
0
0
0
0
0
0
0
0
0
0
0
0
0
0
0
0
0
0
0
0
0
0
0
0
0
0
0
0
0
0
0
0
0
0
0
0
0
0
0
0
0
0
0
0
0
0
0
0
0
0
0
0
0
0
0
0
0
0
0
0
0
0
0
0
0
0
0
0
0
0
0
0
0
0
0
0
0
0
0
0
0
0
0
0
0
0
0
0
0
0
0
0
0
0
0
0
0
0
0
0
0
0
0
0
0
0
0
0
0
0
0
0
0
0
0
0
0
0
0
0
0
0
0
0
0
0
0
0
0
0
0
0
0
0
0
0
0
0
0
0
0
0
0
0
0
0
0
0
0
0
0
0
0
0
0
0
0
0
0
0
0
0
0
0
0
0
0
0
0
0
0
0
0
0
0
0
0
0
0
0
0
0
0
0
0
0
0
0
0
0
0
0
0
0
0
0
0
0
0
0
0
0
0
0
0
0
0
0
0
0
0
0
0
0
0
0
0
0
0
0
0
0
0
0
0
0
0
0
0
0
0
0
0
0
0
0
0
0
0
0
0
0
0
0
0
0
0
0
0
0
0
0
0
0
0
0
0
0
0
0
0
0
0
0
0
0
0
0
0
0
0
0
0
0
0
0
0
0
0
0
0
0
0
0
0
0
0
0
0
0
0
0
0
0
0
0
0
0
0
0
0
0
0
0
0
0
0
0
0
0
0
0
0
0
0
0
0
0
0
0
0
0
0
0
0
0
0
0
0
0
0
0
0
0
0
0
0
0
0
0
0
0
0
0
0
0
0
0
0
0
0
0
0
0
0
0
0
0
0
0
0
0
0
0
0
0
0
0
0
0
0
0
0
0
0
0
0
0
0
0
0
0
0
0
0
0
0
0
0
0
0
0
0
0
0
0
0
0
0
0
0
0
0
0
0
0
0
0
0
0
0
0
0
0
0
0
0
0
0
0
0
0
0
0
0
0
0
0
0
0
0
0
0
0
0
0
0
0
0
0
0
0
0
0
0
0
0
0
0
0
0
0
0
0
0
0
0
0
0
0
0
0
0
0
0
0
0
0
0
0
0
0
0
0
0
0
0
0
0
0
0
0
0
0
0
0
0
0
0
0
0
0
0
0
0
0
0
0
0
0
0
0
0
0
0
0
0
0
0
0
0
0
0
0
0
0
0
0
0
0
0
0
0
0
0
0
0
0
0
0
0
0
0
0
0
0
0
0
0
0
0
0
0
0
0
0
0
0
0
0
0
0
0
0
0
0
0
0
0
0
0
0
0
0
0
0
0
0
0
0
0
0
0
0
0
0
0
0
0
0
0
0
0
0
0
0
0
0
0
0
0
0
0
0
0
0
0
0
0
0
0
0
0
0
0
0
0
0
0
0
0
0
0
0
0
0
0
0
0
0
0
0
0
0
0
0
0
0
0
0
0
0
0
0
0
0
0
0
0
0
0
0
0
0
0
0
0
0
0
0
0
0
0
0
0
0
0
0
0
0
0
0
0
0
0
0
0
0
0
0
0
0
0
0
0
0
0
0
0
0
0
0
0
0
0
0
0
0
0
0
0
0
0
0
0
0
0
0
0
0
0
0
0
0
0
0
0
0
0
0
0
0
0
0
0
0
0
0
0
0
0
0
0
0
0
0
0
0
0
0
0
0
0
0
0
0
0
0
0
0
0
0
0
0
0
0
0
0
0
0
0
0
0
0
0
0
0
0
0
0
0
0
0
0
0
0
0
0
0
0
0
0
0
0
0
0
0
0
0
0
0
0
0
0
0
0
0
0
0
0
0
0
0
0
0
0
0
0
0
0
0
0
0
0
0
0
0
0
0
0
0
0
0
0
0
0
0
0
0
0
0
0
0
0
0
0
0
0
0
0
0
0
0
0
0
0
0
0
0
0
0
0
0
0
0
0
0
0
0
0
0
0
0
0
0
0
0
0
0
0
0
0
0
0
0
0
0
0
0
0
0
0
0
0
0
0
0
0
0
0
0
0
0
0
0
0
0
0
0
0
0
0
0
0
0
0
0
0
0
0
0
0
0
0
0
0
0
0
0
0
0
0
0
0
0
0
0
0
0
0
0
0
0
0
0
0
0
0
0
0
0
0
0
0
0
0
0
0
0
0
0
0
0
0
0
0
0
0
0
0
0
0
0
0
0
0
0
0
0
0
0
0
0
0
0
0
0
0
0
0
0
0
0
0
0
0
0
0
0
0
0
0
0
0
0
0
0
0
0
0
0
0
0
0
0
0
0
0
0
0
0
0
0
0
0
0
0
0
0
0
0
0
0
0
0
0
0
0
0
0
0
0
0
0
0
0
0
0
0
0
0
0
0
0
0
0
0
0
0
0
0
0
0
0
0
0
0
0
0
0
0
0
0
0
0
0
0
0
0
0
0
0
0
0
0
0
0
0
0
0
0
0
0
0
0
0
0
0
0
0
0
0
0
0
0
0
0
0
0
0
0
0
0
0
0
0
0
0
0
0
0
0
0
0
0
0
0
0
0
0
0
0
0
0
0
0
0
0
0
0
0
0
0
0
0
0
0
0
0
0
0
0
0
0
0
0
0
0
0
0
0
0
0
0
0
0
0
0
0
0
0
0
0
0
0
0
0
0
0
0
0
0
0
0
0
0
0
0
0
0
0
0
0
0
0
0
0
0
0
0
0
0
0
0
0
0
0
0
0
0
0
0
0
0
0
0
0
0
0
0
0
0
0
0
0
0
0
0
0
0
0
0
0
0
0
0
0
0
0
0
0
0
0
0
0
0
0
0
0
0
0
0
0
0
0
0
0
0
0
0
0
0
0
0
0
0
0
0
0
0
0
0
0
0
0
0
0
0
0
0
0
0
0
0
0
0
0
0
0
0
0
0
0
0
0
0
0
0
0
0
0
0
0
0
0
0
0
0
0
0
0
0
0
0
0
0
0
0
0
0
0
0
0
0
0
0
0
0
0
0
0
0
0
0
0
0
0
0
0
0
0
0
0
0
0
0
0
0
0
0
0
0
0
0
0
0
0
0
0
0
0
0
0
0
0
0
0
0
0
0
0
0
0
0
0
0
0
0
0
0
0
0
0
0
0
0
0
0
0
0
0
0
0
0
0
0
0
0
0
0
0
0
0
0
0
0
0
0
0
0
0
0
0
0
0
0
0
0
0
0
0
0
0
0
0
0
0
0
0
0
0
0
0
0
0
0
0
0
0
0
0
0
0
0
0
0
0
0
0
0
0
0
0
0
0
0
0
0
0
0
0
0
0
0
0
0
0
0
0
0
0
0
0
0
0
0
0
0
0
0
0
0
0
0
0
0
0
0
0
0
0
0
0
0
0
0
0
0
0
0
0
0
0
0
0
0
0
0
0
0
0
0
0
0
0
0
0
0
0
0
0
0
0
0
0
0
0
0
0
0
0
0
0
0
0
0
0
0
0
0
0
0
0
0
0
0
0
0
0
0
0
0
0
0
0
0
0
0
0
0
0
0
0
0
0
0
0
0
0
0
0
0
0
0
0
0
0
0
0
0
0
0
0
0
0
0
0
0
0
0
0
0
0
0
0
0
0
0
0
0
0
0
0
0
0
0
0
0
0
0
0
0
0
0
0
0
0
0
0
0
0
0
0
0
0
0
0
0
0
0
0
0
0
0
0
0
0
0
0
0
0
0
0
0
0
0
0
0
0
0
0
0
0
0
0
0
0
0
0
0
0
0
0
0
0
0
0
0
0
0
0
0
0
0
0
0
0
0
0
0
0
0
0
0
0
0
0
0
0
0
0
0
0
0
0
0
0
0
0
0
0
0
0
0
0
0
0
0
0
0
0
0
0
0
0
0
0
0
0
0
0
0
0
0
0
0
0
0
0
0
0
0
0
0
0
0
0
0
0
0
0
0
0
0
0
0
0
0
0
0
0
0
0
0
0
0
0
0
0
0
0
0
0
0
0
0
0
0
0
0
0
0
0
0
0
0
0
0
0
0
0
0
0
0
0
0
0
0
0
0
0
0
0
0
0
0
0
0
0
0
0
0
0
0
0
0
0
0
0
0
0
0
0
0
0
0
0
0
0
0
0
0
0
0
0
0
0
0
0
0
0
0
0
0
0
0
0
0
0
0
0
0
0
0
0
0
0
0
0
0
0
0
0
0
0
0
0
0
0
0
0
0
0
0
0
0
0
0
0
0
0
0
0
0
0
0
0
0
0
0
0
0
0
0
0
0
0
0
0
0
0
0
0
0
0
0
0
0
0
0
0
0
0
0
0
0
0
0
0
0
0
0
0
0
0
0
0
0
0
0
0
0
0
0
0
0
0
0
0
0
0
0
0
0
0
0
0
0
0
0
0
0
0
0
0
0
0
0
0
0
0
0
0
0
0
0
0
0
0
0
0
0
0
0
0
0
0
0
0
0
0
0
0
0
0
0
0
0
0
0
0
0
0
0
0
0
0
0
0
0
0
0
0
0
0
0
0
0
0
0
0
0
0
0
0
0
0
0
0
0
0
0
0
0
0
0
0
0
0
0
0
0
0
0
0
0
0
0
0
0
0
0
0
0
0
0
0
0
0
0
0
0
0
0
0
0
0
0
0
0
0
0
0
0
0
0
0
0
0
0
0
0
0
0
0
0
0
0
0
0
0
0
0
0
0
0
0
0
0
0
0
0
0
0
0
0
0
0
0
0
0
0
0
0
0
0
0
0
0
0
0
0
0
0
0
0
0
0
0
0
0
0
0
0
0
0
0
0
0
0
0
0
0
0
0
0
0
0
0
0
0
0
0
0
0
0
0
0
0
0
0
0
0
0
0
0
0
0
0
0
0
0
0
0
0
0
0
0
0
0
0
0
0
0
0
0
0
0
0
0
0
0
0
0
0
0
0
0
0
0
0
0
0
0
0
0
0
0
0
0
0
0
0
0
0
0
0
0
0
0
0
0
0
0
0
0
0
0
0
0
0
0
0
0
0
0
0
0
0
0
0
0
0
0
0
0
0
0
0
0
0
0
0
0
0
0
0
0
0
0
0
0
0
0
0
0
0
0
0
0
0
0
0
0
0
0
0
0
0
0
0
0
0
0
0
0
0
0
0
0
0
0
0
0
0
0
0
0
0
0
0
0
0
0
0
0
0
0
0
0
0
0
0
0
0
0
0
0
0
0
0
0
0
0
0
0
0
0
0
0
0
0
0
0
0
0
0
0
0
0
0
0
0
0
0
0
0
0
0
0
0
0
0
0
0
0
0
0
0
0
0
0
0
0
0
0
0
0
0
0
0
0
0
0
0
0
0
0
0
0
0
0
0
0
0
0
0
0
0
0
0
0
0
0
0
0
0
0
0
0
0
0
0
0
0
0
0
0
0
0
0
0
0
0
0
0
0
0
0
0
0
0
0
0
0
0
0
0
0
0
0
0
0
0
0
0
0
0
0
0
0
0
0
0
0
0
0
0
0
0
0
0
0
0
0
0
0
0
0
0
0
0
0
0
0
0
0
0
0
0
0
0
0
0
0
0
0
0
0
0
0
0
0
0
0
0
0
0
0
0
0
0
0
0
0
0
0
0
0
0
0
0
0
0
0
0
0
0
0
0
0
0
0
0
0
0
0
0
0
0
0
0
0
0
0
0
0
0
0
0
0
0
0
0
0
0
0
0
0
0
0
0
0
0
0
0
0
0
0
0
0
0
0
0
0
0
0
0
0
0
0
0
0
0
0
0
0
0
0
0
0
0
0
0
0
0
0
0
0
0
0
0
0
0
0
0
0
0
0
0
0
0
0
0
0
0
0
0
0
0
0
0
0
0
0
0
0
0
0
0
0
0
0
0
0
0
0
0
0
0
0
0
0
0
0
0
0
0
0
0
0
0
0
0
0
0
0
0
0
0
0
0
0
0
0
0
