150
150
150
150
150
150
150
150
150
150
150
150
150
150
150
150
150
150
150
150
150
150
150
150
150
150
150
150
150
150
150
150
150
150
150
150
150
150
150
150
150
150
150
150
150
150
150
150
150
150
300
300
300
300
300
240
240
240
240
240
240
240
240
240
240
240
240
240
240
240
240
240
240
240
240
240
240
240
240
240
240
240
240
240
240
240
240
240
240
240
240
240
240
240
240
240
240
240
240
240
480
480
480
436
436
436
436
436
436
436
436
436
436
436
436
436
436
436
436
436
436
436
436
436
436
436
436
436
426
426
426
426
426
426
426
426
426
426
426
426
426
426
426
426
426
426
426
426
426
426
852
852
826
826
826
826
826
826
826
826
826
826
826
826
810
810
810
810
810
810
810
810
810
810
810
810
810
802
802
802
802
802
802
802
802
802
802
802
802
798
798
798
798
798
798
798
798
798
798
798
1596
1564
1564
1564
1564
1564
1564
1522
1522
1522
1522
1522
1522
1522
1501
1501
1501
1501
1501
1501
1495
1495
1495
1495
1495
1495
1475
1475
1475
1475
1475
1475
1458
1458
1458
1458
1458
1458
1458
1426
1426
1426
1426
1426
1426
1405
1405
1405
1405
1405
2810
2746
2746
2746
2711
2711
2711
2700
2700
2700
2683
2683
2683
2646
2646
2646
2628
2628
2628
2628
2589
2589
2589
2548
2548
2548
2484
2484
2484
2477
2477
2477
2463
2463
2463
2456
2456
2456
2445
2445
2445
2440
2440
2440
2440
2417
2417
2417
2398
2398
4796
4712
4670
4670
4652
4642
4642
4590
4563
4563
4490
4490
4448
4404
4404
4369
4326
4326
4302
4266
4266
4258
4258
4224
4194
4194
4157
4134
4134
4118
4100
4100
4068
4051
4051
4030
4030
4023
4000
4000
3975
3936
3936
3928
3906
3906
3878
3878
3860
3847
7564
7442
7390
7331
7254
7202
7165
7087
6937
6908
6882
6866
6793
6710
6672
6615
6586
6572
6532
6453
6390
6355
6292
6284
6239
6210
6133
6057
6040
5960
5936
5909
5853
5770
5745
5721
5704
5666
5601
5584
5550
5513
5478
5460
5370
5346
5319
5284
5255
5223
10320
10192
10101
10016
9828
9714
9626
9509
9431
9317
9254
9178
9090
8996
8948
8878
8779
8666
8608
8513
8476
8394
8297
8248
8145
8113
8044
8010
7973
7884
7865
7773
7702
7631
7583
7501
7405
7348
7251
7191
7127
7060
7008
6943
6887
6849
6798
6712
6694
6648
13110
12876
12681
12554
12359
12164
11955
11886
11669
11554
11460
11306
11202
11095
10963
10816
10667
10580
10441
10292
10210
10117
9949
9864
9778
9723
9586
9472
9354
9268
9157
9071
9007
8916
8856
8748
8620
8575
8467
8395
8298
8220
8164
8097
8017
7952
7901
7829
7719
7646
14994
14596
14306
14080
13810
13580
13337
13083
12838
12632
12458
12234
12074
11913
11678
11454
11343
11187
10939
10791
10583
10437
10303
10196
9995
9877
9704
9608
9489
9414
9257
9154
9055
8923
8868
8797
8698
8632
8567
8475
8394
8340
8234
8100
7978
7875
7777
7659
7572
7451
14528
14014
13636
13264
12828
12584
12292
11964
11746
11426
11128
10920
10678
10441
10248
10091
9910
9759
9570
9458
9341
9191
9023
8877
8724
8552
8416
8325
8206
8060
7990
7918
7827
7717
7603
7520
7438
7296
7149
7071
6966
6850
6743
6629
6539
6448
6376
6268
6151
6051
11688
11280
10824
10566
10329
10126
9926
9669
9507
9312
9170
9020
8839
8685
8563
8446
8322
8204
8090
7964
7816
7688
7608
7535
7429
7304
7233
7160
7062
6979
6930
6846
6705
6574
6445
6361
6240
6141
5983
5864
5777
5694
5621
5571
5479
5410
5302
5222
5172
5107
9914
9620
9389
9193
9032
8892
8782
8685
8585
8529
8428
8331
8258
8169
8104
8059
7965
7877
7780
7695
7623
7559
7463
7405
7330
7247
7118
6945
6802
6701
6625
6540
6442
6381
6318
6258
6200
6156
6076
6027
5983
5932
5859
5796
5736
5692
5649
5558
5458
5371
10344
