150
150
150
150
150
150
150
150
150
150
150
150
150
150
150
150
150
150
150
150
150
150
150
150
150
150
150
150
150
150
150
150
150
150
150
150
150
150
150
150
150
150
150
150
150
150
150
150
150
150
300
300
300
300
300
246
246
246
246
246
246
246
246
246
246
246
246
246
246
246
246
246
246
246
246
246
246
246
246
246
246
246
246
246
246
246
246
246
246
246
246
246
246
246
246
246
246
246
246
246
492
492
492
475
475
475
475
475
475
475
475
475
475
475
475
475
475
475
475
475
475
475
475
475
475
475
475
475
464
464
464
464
464
464
464
464
464
464
464
464
464
464
464
464
464
464
464
464
464
464
928
928
911
911
911
911
911
911
911
911
911
911
911
911
902
902
902
902
902
902
902
902
902
902
902
902
902
886
886
886
886
886
886
886
886
886
886
886
886
873
873
873
873
873
873
873
873
873
873
873
1746
1722
1722
1722
1722
1722
1722
1699
1699
1699
1699
1699
1699
1699
1679
1679
1679
1679
1679
1679
1671
1671
1671
1671
1671
1671
1653
1653
1653
1653
1653
1653
1623
1623
1623
1623
1623
1623
1623
1612
1612
1612
1612
1612
1612
1593
1593
1593
1593
1593
3186
3176
3176
3176
3134
3134
3134
3085
3085
3085
3050
3050
3050
3020
3020
3020
2990
2990
2990
2990
2949
2949
2949
2925
2925
2925
2903
2903
2903
2877
2877
2877
2853
2853
2853
2816
2816
2816
2799
2799
2799
2784
2784
2784
2784
2762
2762
2762
2740
2740
5480
5454
5416
5416
5363
5325
5325
5292
5218
5218
5199
5199
5173
5138
5138
5104
5051
5051
5031
4993
4993
4966
4966
4930
4876
4876
4864
4817
4817
4782
4747
4747
4717
4687
4687
4637
4637
4627
4608
4608
4552
4516
4516
4483
4471
4471
4429
4429
4400
