150
150
150
150
150
150
150
150
150
150
150
150
150
150
150
150
150
150
150
150
150
150
150
150
150
150
150
150
150
150
150
150
150
150
150
150
150
150
150
150
150
150
150
150
150
150
150
150
150
150
300
300
300
300
300
245
245
245
245
245
245
245
245
245
245
245
245
245
245
245
245
245
245
245
245
245
245
245
245
245
245
245
245
245
245
245
245
245
245
245
245
245
245
245
245
245
245
245
245
245
490
490
490
482
482
482
482
482
482
482
482
482
482
482
482
482
482
482
482
482
482
482
482
482
482
482
482
482
476
476
476
476
476
476
476
476
476
476
476
476
476
476
476
476
476
476
476
476
476
476
952
952
934
934
934
934
934
934
934
934
934
934
934
934
927
927
927
927
927
927
927
927
927
927
927
927
927
919
919
919
919
919
919
919
919
919
919
919
919
906
906
906
906
906
906
906
906
906
906
906
1812
1754
1754
1754
1754
1754
1754
1752
1752
1752
1752
1752
1752
1752
1730
1730
1730
1730
1730
1730
1702
1702
1702
1702
1702
1702
1686
1686
1686
1686
1686
1686
1662
1662
1662
1662
1662
1662
1662
1631
1631
1631
1631
1631
1631
1603
1603
1603
1603
1603
3206
3176
3176
3176
3156
3156
3156
3133
3133
3133
3110
3110
3110
3096
3096
3096
3059
3059
3059
3059
3029
3029
3029
3007
3007
3007
2981
2981
2981
2968
2968
2968
2935
2935
2935
2918
2918
2918
2877
2877
2877
2849
2849
2849
2849
2819
2819
2819
2788
2788
5576
5528
5506
5506
5476
5382
5382
5316
5290
5290
5254
5254
5219
5182
5182
5150
5107
5107
5057
5010
5010
4986
4986
4949
4912
4912
4866
4837
4837
4795
4767
4767
4743
4713
4713
4674
4674
4655
4635
4635
4614
4593
4593
4539
4508
4508
4466
4466
4438
4379
8614
