150
150
150
150
150
150
150
150
150
150
150
150
150
150
150
150
150
150
150
150
70
70
70
70
70
70
70
70
70
70
70
70
70
70
70
70
70
70
70
70
70
70
70
70
70
70
70
70
70
70
140
140
140
140
140
140
140
140
140
140
140
140
140
140
140
97
97
97
97
97
97
97
97
97
97
97
97
97
97
97
97
97
97
97
97
97
97
97
97
97
97
97
97
97
97
83
83
83
83
83
166
166
166
166
166
166
166
166
166
166
166
166
166
145
145
145
145
145
145
145
145
145
145
145
145
145
145
145
134
134
134
134
134
134
134
134
134
134
134
134
134
134
134
114
114
114
114
114
114
114
228
228
228
228
202
202
202
202
202
202
202
202
189
189
189
189
189
189
189
177
177
177
177
177
177
177
177
158
158
158
158
158
158
158
149
149
149
149
149
149
149
149
144
144
144
144
144
144
144
135
270
270
270
270
264
264
264
241
241
241
241
233
233
233
233
223
223
223
223
219
219
219
210
210
210
210
198
198
198
198
185
185
185
185
175
175
175
166
166
166
166
156
156
156
156
148
148
148
148
146
292
288
288
283
283
277
277
275
275
253
253
247
247
238
238
234
228
228
227
227
223
223
219
219
216
216
212
212
212
212
212
205
205
205
205
199
199
197
197
185
185
181
181
179
179
178
173
173
172
172
340
336
329
329
325
323
319
317
311
309
301
289
285
272
266
258
258
254
251
251
251
250
248
248
245
241
239
239
233
229
227
227
227
227
227
227
226
224
224
224
219
218
216
209
207
205
205
201
201
199
394
