150
150
150
150
150
150
150
150
150
150
150
150
150
150
150
150
150
150
150
150
100
100
100
100
100
100
100
100
100
100
100
100
100
100
100
100
100
100
100
100
100
100
100
100
100
100
100
100
100
100
200
200
200
200
200
200
200
200
200
200
200
200
200
200
200
196
196
196
196
196
196
196
196
196
196
196
196
196
196
196
196
196
196
196
196
196
196
196
196
196
196
196
196
196
196
196
196
196
196
196
392
392
392
392
392
392
392
392
392
392
392
392
392
389
389
389
389
389
389
389
389
389
389
389
389
389
389
389
385
385
385
385
385
385
385
385
385
385
385
385
385
385
385
383
383
383
383
383
383
383
766
766
766
766
764
764
764
764
764
764
764
764
759
759
759
759
759
759
759
758
758
758
758
758
758
758
758
754
754
754
754
754
754
754
754
754
754
754
754
754
754
754
751
751
751
751
751
751
751
749
1498
1498
1498
1498
1498
1498
1498
1497
1497
1497
1497
1493
1493
1493
1493
1488
1488
1488
1488
1488
1488
1488
1486
1486
1486
1486
1476
1476
1476
1476
1471
1471
1471
1471
1468
1468
1468
1459
1459
1459
1459
1454
1454
1454
1454
1452
1452
1452
1452
1449
2898
2896
2896
2896
2896
2880
2880
2872
2872
2864
2864
2859
2859
2854
2854
2845
2837
2837
2831
2831
2816
2816
2816
2816
2800
2800
2798
2798
2794
2794
2788
2761
2761
2754
2754
2742
2742
2740
2740
2734
2734
2719
2719
2715
2715
2703
2696
2696
2692
2692
5366
5358
5332
5309
5299
5284
5278
5250
5231
5206
5202
5182
5168
5140
5120
5093
5083
5069
5063
5045
5041
5037
5016
5010
4989
4978
4960
4947
4931
4908
4887
4863
4837
4828
4809
4794
4777
4756
4743
4712
4702
4681
4670
4651
4646
4634
4625
4617
4612
4604
9004
8954
8924
8870
8794
8754
8685
8616
8566
8539
8470
8408
8369
8344
8303
8263
8233
8181
8132
8070
8022
7963
7908
7868
7815
7749
7681
7634
7579
7519
7482
7439
7402
7342
7305
7271
7200
7163
7128
7085
7050
6983
6935
6904
6865
6828
6786
6753
6713
6650
13104
