150
150
150
150
150
150
150
150
150
150
150
150
150
150
150
150
150
150
150
150
98
98
98
98
98
98
98
98
98
98
98
98
98
98
98
98
98
98
98
98
98
98
98
98
98
98
98
98
98
98
196
196
196
196
196
196
196
196
196
196
196
196
196
196
196
193
193
193
193
193
193
193
193
193
193
193
193
193
193
193
193
193
193
193
193
193
193
193
193
193
193
193
193
193
193
189
189
189
189
189
378
378
378
378
378
378
378
378
378
378
378
378
378
376
376
376
376
376
376
376
376
376
376
376
376
376
376
376
374
374
374
374
374
374
374
374
374
374
374
374
374
374
374
373
373
373
373
373
373
373
746
746
746
746
746
746
746
746
746
746
746
746
744
744
744
744
744
744
744
739
739
739
739
739
739
739
739
726
726
726
726
726
726
726
722
722
722
722
722
722
722
722
715
715
715
715
715
715
715
715
1430
1430
1430
1430
1430
1430
1430
1430
1430
1430
1430
1426
1426
1426
1426
1423
1423
1423
1423
1415
1415
1415
1409
1409
1409
1409
1404
1404
1404
1404
1391
1391
1391
1391
1385
1385
1385
1379
1379
1379
1379
1378
1378
1378
1378
1365
1365
1365
1365
1358
2716
2712
2712
2704
2704
2688
2688
2670
2670
2666
2666
2652
2652
2640
2640
2624
2614
2614
2602
2602
2597
2597
2589
2589
2583
2583
2548
2548
2541
2541
2532
2524
2524
2499
2499
2496
2496
2487
2487
2477
2477
2468
2468
2465
2465
2457
2447
2447
2447
2447
4878
4842
4832
4823
4806
4794
4786
4776
4772
4755
4728
4722
4712
4667
4643
4637
4627
4586
4550
4534
4515
4491
4479
4474
4461
4455
4425
4422
4377
4361
4349
4330
4314
4297
4268
4252
4237
4232
4219
4183
4183
4174
4168
4116
4103
4098
4085
4068
4064
4044
7926
7856
7795
7760
7647
7570
7528
7451
7391
7360
7302
7246
7188
7155
7078
7050
7009
6988
6960
6878
6870
6846
6786
6731
6698
6642
6618
6535
6489
6455
6418
6359
6333
6298
6233
6194
6158
6098
6043
6018
5980
5920
5841
5827
5793
5742
5699
5679
5666
5622
11090
