10
10
10
10
10
10
10
10
10
10
10
10
10
10
10
10
10
10
10
10
10
10
10
10
10
10
10
10
10
10
10
10
10
10
10
10
10
10
10
10
10
10
10
10
10
10
10
10
10
10
20
20
20
20
20
14
14
14
14
14
14
14
14
14
14
14
14
14
14
14
14
14
14
14
14
14
14
14
14
14
14
14
14
14
14
14
14
14
14
14
14
14
14
14
14
14
14
14
14
14
28
28
28
26
26
26
26
26
26
26
26
26
26
26
26
26
26
26
26
26
26
26
26
26
26
26
26
26
26
26
26
26
26
26
26
26
26
26
26
26
26
26
26
26
26
26
26
26
26
26
52
52
50
50
50
50
50
50
50
50
50
50
50
50
49
49
49
49
49
49
49
49
49
49
49
49
49
49
49
49
49
49
49
49
49
49
49
49
49
49
49
49
49
49
49
49
49
49
49
49
98
98
98
98
98
98
98
93
93
93
93
93
93
93
93
93
93
93
93
93
93
93
93
93
93
93
92
92
92
92
92
92
90
90
90
90
90
90
90
90
90
90
90
90
90
90
90
90
90
90
180
180
180
180
174
174
174
168
168
168
168
168
168
166
166
166
164
164
164
164
164
164
164
164
164
164
164
164
164
161
161
161
161
161
161
161
161
161
161
161
161
161
161
161
161
160
160
160
160
160
320
320
316
316
316
312
312
310
308
308
308
308
308
308
308
301
301
301
301
301
301
298
298
298
298
298
298
291
291
291
291
291
291
291
291
291
291
291
291
291
279
279
279
279
279
279
279
279
279
279
546
546
546
543
537
537
537
537
537
537
535
531
531
531
531
521
521
517
511
511
500
495
495
488
488
488
477
477
466
466
466
466
466
464
464
462
462
462
462
460
460
460
460
455
455
455
454
450
445
445
886
870
857
848
847
845
845
837
830
814
808
808
808
808
805
791
787
786
786
777
777
777
765
756
744
742
739
735
729
727
722
713
709
701
690
681
680
678
678
677
673
673
673
672
672
665
665
661
660
660
1306
1266
1256
1254
1251
1235
1228
1218
1216
1214
1197
1193
1191
1185
1182
1174
1162
1153
1146
1146
1134
1134
1128
1128
1123
1123
1106
1106
1102
1102
1095
1095
1095
1078
1078
1072
1071
1066
1066
1061
1057
1054
1054
1054
1047
1047
1047
1044
1044
1042
2062
2008
1981
1964
1933
1914
1904
1877
1860
1834
1831
1830
1822
1816
1805
1803
1794
1790
1785
1778
1758
1756
1750
1748
1743
1743
1743
1741
1735
1725
1708
1708
1700
1694
1686
1683
1681
1677
1674
1674
1663
1663
1648
1642
1640
1636
1630
1627
1625
1612
3190
3124
3107
3082
3048
3044
3042
3025
3021
3019
2986
2979
2965
2961
2949
2915
2911
2896
2896
2896
2867
2856
2834
2826
2825
2825
2817
2808
2806
2768
2763
2754
2746
2741
2738
2726
2711
2703
2703
2695
2669
2664
2645
2637
2634
2620
2608
2598
2571
2556
5054
4958
4914
4889
4867
4800
4769
4745
4719
4666
4636
4596
4547
4532
4491
4457
4449
4430
4413
4396
4375
4328
4291
4232
4218
4210
4151
4130
4113
4091
4062
4062
4014
3977
3928
3900
3871
3843
3819
3773
3744
3710
3674
3621
3590
3559
3536
3508
3474
3434
6798
6650
6565
6494
6456
6377
6337
6246
6155
6112
6086
5989
5917
5880
5796
5731
5687
5563
5543
5459
5371
5285
5236
5197
5164
5129
5079
5035
5012
4999
4964
4925
4874
4846
4817
4800
4752
4707
4673
4644
4623
4583
4536
4532
4489
4456
4437
4411
4360
4296
8444
