150
150
150
150
150
150
150
150
150
150
150
150
150
150
150
150
150
150
150
150
150
150
150
150
150
150
150
150
150
150
150
150
150
150
150
150
150
150
150
150
150
150
150
150
150
150
150
150
150
150
300
300
300
300
300
245
245
245
245
245
245
245
245
245
245
245
245
245
245
245
245
245
245
245
245
245
245
245
245
245
245
245
245
245
245
245
245
245
245
245
245
245
245
245
245
245
245
245
245
245
490
490
490
472
472
472
472
472
472
472
472
472
472
472
472
472
472
472
472
472
472
472
472
472
472
472
472
472
460
460
460
460
460
460
460
460
460
460
460
460
460
460
460
460
460
460
460
460
460
460
920
920
914
914
914
914
914
914
914
914
914
914
914
914
903
903
903
903
903
903
903
903
903
903
903
903
903
895
895
895
895
895
895
895
895
895
895
895
895
884
884
884
884
884
884
884
884
884
884
884
1768
1744
1744
1744
1744
1744
1744
1723
1723
1723
1723
1723
1723
1723
1715
1715
1715
1715
1715
1715
1705
1705
1705
1705
1705
1705
1685
1685
1685
1685
1685
1685
1656
1656
1656
1656
1656
1656
1656
1639
1639
1639
1639
1639
1639
1625
1625
1625
1625
1625
3250
3218
3218
3218
3194
3194
3194
3176
3176
3176
3155
3155
3155
3126
3126
3126
3096
3096
3096
3096
3070
3070
3070
3050
3050
3050
3014
3014
3014
2974
2974
2974
2944
2944
2944
2908
2908
2908
2880
2880
2880
2834
2834
2834
2834
2809
2809
2809
2782
2782
5564
5512
5440
5440
5415
5351
5351
5335
5311
5311
5285
5285
5246
5204
5204
5144
5110
5110
5076
5038
5038
4990
4990
4952
4914
4914
4890
4834
4834
4810
4772
4772
4740
4705
4705
4679
4679
4660
4622
4622
4590
4570
4570
4545
4508
4508
4486
4486
4467
4440
8754
8656
8593
8516
8427
8383
8342
8285
8154
8142
8100
